<?xml version="1.0" encoding="UTF-8"?>
<testng-results skipped="60" failed="1" total="61" passed="0">
  <reporter-output>
    <line>
      <![CDATA[<h1><Center><Font face="arial" color="Orange">Log Summary</font></Center><h1><table border="1" bgcolor="lightgray">]]>
    </line>
    <line>
      <![CDATA[Failed fetching URL and screenshot due to error:null]]>
    </line>
    <line>
      <![CDATA[Closing the Browser Successfully]]>
    </line>
    <line>
      <![CDATA[</table>]]>
    </line>
    <line>
      <![CDATA[Closing the Browser Successfully]]>
    </line>
    <line>
      <![CDATA[</table>]]>
    </line>
    <line>
      <![CDATA[Closing the Browser Successfully]]>
    </line>
    <line>
      <![CDATA[</table>]]>
    </line>
  </reporter-output>
  <suite name="Command line suite" duration-ms="2267" started-at="2019-08-23T10:38:29Z" finished-at="2019-08-23T10:38:32Z">
    <groups>
    </groups>
    <test name="Command line test" duration-ms="2267" started-at="2019-08-23T10:38:29Z" finished-at="2019-08-23T10:38:32Z">
      <class name="qlytics.Regression.LoginUiTest">
        <test-method status="SKIP" signature="setUp()[pri:0, instance:qlytics.Regression.LoginUiTest@7225790e]" name="setUp" is-config="true" duration-ms="0" started-at="2019-08-23T16:08:31Z" finished-at="2019-08-23T16:08:31Z">
          <reporter-output>
          </reporter-output>
        </test-method> <!-- setUp -->
        <test-method status="SKIP" signature="aaasetUp(org.testng.ITestContext)[pri:0, instance:qlytics.Regression.LoginUiTest@7225790e]" name="aaasetUp" is-config="true" duration-ms="0" started-at="2019-08-23T16:08:31Z" finished-at="2019-08-23T16:08:31Z">
          <reporter-output>
          </reporter-output>
        </test-method> <!-- aaasetUp -->
        <test-method status="SKIP" signature="LoginPageUi()[pri:0, instance:qlytics.Regression.LoginUiTest@7225790e]" name="LoginPageUi" duration-ms="0" started-at="2019-08-23T16:08:31Z" finished-at="2019-08-23T16:08:31Z">
          <reporter-output>
          </reporter-output>
        </test-method> <!-- LoginPageUi -->
        <test-method status="SKIP" signature="checkAlerts(org.testng.ITestResult)[pri:0, instance:qlytics.Regression.LoginUiTest@7225790e]" name="checkAlerts" is-config="true" duration-ms="0" started-at="2019-08-23T16:08:31Z" finished-at="2019-08-23T16:08:31Z">
          <reporter-output>
          </reporter-output>
        </test-method> <!-- checkAlerts -->
        <test-method status="SKIP" signature="nameBefore(java.lang.reflect.Method)[pri:0, instance:qlytics.Regression.LoginUiTest@7225790e]" name="nameBefore" is-config="true" duration-ms="0" started-at="2019-08-23T16:08:31Z" finished-at="2019-08-23T16:08:31Z">
          <reporter-output>
          </reporter-output>
        </test-method> <!-- nameBefore -->
        <test-method status="FAIL" signature="quitBrowser()[pri:0, instance:qlytics.Regression.LoginUiTest@7225790e]" name="quitBrowser" is-config="true" duration-ms="0" started-at="2019-08-23T16:08:31Z" finished-at="2019-08-23T16:08:31Z">
          <exception class="java.lang.NullPointerException">
            <full-stacktrace>
              <![CDATA[java.lang.NullPointerException
	at qlytics.Lib.TestBase.quitBrowser(TestBase.java:129)
	at sun.reflect.NativeMethodAccessorImpl.invoke0(Native Method)
	at sun.reflect.NativeMethodAccessorImpl.invoke(NativeMethodAccessorImpl.java:62)
	at sun.reflect.DelegatingMethodAccessorImpl.invoke(DelegatingMethodAccessorImpl.java:43)
	at java.lang.reflect.Method.invoke(Method.java:498)
	at org.testng.internal.MethodInvocationHelper.invokeMethod(MethodInvocationHelper.java:80)
	at org.testng.internal.Invoker.invokeConfigurationMethod(Invoker.java:564)
	at org.testng.internal.Invoker.invokeConfigurations(Invoker.java:213)
	at org.testng.internal.Invoker.invokeConfigurations(Invoker.java:138)
	at org.testng.internal.TestMethodWorker.invokeAfterClassMethods(TestMethodWorker.java:225)
	at org.testng.internal.TestMethodWorker.run(TestMethodWorker.java:114)
	at org.testng.TestRunner.privateRun(TestRunner.java:767)
	at org.testng.TestRunner.run(TestRunner.java:617)
	at org.testng.SuiteRunner.runTest(SuiteRunner.java:334)
	at org.testng.SuiteRunner.runSequentially(SuiteRunner.java:329)
	at org.testng.SuiteRunner.privateRun(SuiteRunner.java:291)
	at org.testng.SuiteRunner.run(SuiteRunner.java:240)
	at org.testng.SuiteRunnerWorker.runSuite(SuiteRunnerWorker.java:52)
	at org.testng.SuiteRunnerWorker.run(SuiteRunnerWorker.java:86)
	at org.testng.TestNG.runSuitesSequentially(TestNG.java:1198)
	at org.testng.TestNG.runSuitesLocally(TestNG.java:1123)
	at org.testng.TestNG.run(TestNG.java:1031)
	at org.apache.maven.surefire.testng.TestNGExecutor.run(TestNGExecutor.java:77)
	at org.apache.maven.surefire.testng.TestNGDirectoryTestSuite.executeMulti(TestNGDirectoryTestSuite.java:159)
	at org.apache.maven.surefire.testng.TestNGDirectoryTestSuite.execute(TestNGDirectoryTestSuite.java:99)
	at org.apache.maven.surefire.testng.TestNGProvider.invoke(TestNGProvider.java:106)
	at sun.reflect.NativeMethodAccessorImpl.invoke0(Native Method)
	at sun.reflect.NativeMethodAccessorImpl.invoke(NativeMethodAccessorImpl.java:62)
	at sun.reflect.DelegatingMethodAccessorImpl.invoke(DelegatingMethodAccessorImpl.java:43)
	at java.lang.reflect.Method.invoke(Method.java:498)
	at org.apache.maven.surefire.util.ReflectionUtils.invokeMethodWithArray(ReflectionUtils.java:189)
	at org.apache.maven.surefire.booter.ProviderFactory$ProviderProxy.invoke(ProviderFactory.java:165)
	at org.apache.maven.surefire.booter.ProviderFactory.invokeProvider(ProviderFactory.java:85)
	at org.apache.maven.surefire.booter.ForkedBooter.runSuitesInProcess(ForkedBooter.java:115)
	at org.apache.maven.surefire.booter.ForkedBooter.main(ForkedBooter.java:75)
]]>
            </full-stacktrace>
          </exception> <!-- java.lang.NullPointerException -->
          <reporter-output>
          </reporter-output>
        </test-method> <!-- quitBrowser -->
      </class> <!-- qlytics.Regression.LoginUiTest -->
      <class name="qlytics.Regression.LoginFunctionalityTest">
        <test-method status="PASS" signature="aaasetUp(org.testng.ITestContext)[pri:0, instance:qlytics.Regression.LoginFunctionalityTest@735b478]" name="aaasetUp" is-config="true" duration-ms="30" started-at="2019-08-23T16:08:29Z" finished-at="2019-08-23T16:08:29Z">
          <params>
            <param index="0">
              <value>
                <![CDATA[org.testng.TestRunner@481ba2cf]]>
              </value>
            </param>
          </params>
          <reporter-output>
          </reporter-output>
        </test-method> <!-- aaasetUp -->
        <test-method status="PASS" signature="setUp()[pri:0, instance:qlytics.Regression.LoginFunctionalityTest@735b478]" name="setUp" is-config="true" duration-ms="188" started-at="2019-08-23T16:08:29Z" finished-at="2019-08-23T16:08:30Z">
          <reporter-output>
            <line>
              <![CDATA[<h1><Center><Font face="arial" color="Orange">Log Summary</font></Center><h1><table border="1" bgcolor="lightgray">]]>
            </line>
          </reporter-output>
        </test-method> <!-- setUp -->
        <test-method status="PASS" signature="nameBefore(java.lang.reflect.Method)[pri:0, instance:qlytics.Regression.LoginFunctionalityTest@735b478]" name="nameBefore" is-config="true" duration-ms="1" started-at="2019-08-23T16:08:30Z" finished-at="2019-08-23T16:08:30Z">
          <params>
            <param index="0">
              <value>
                <![CDATA[public void qlytics.Regression.LoginFunctionalityTest.registration() throws java.lang.Exception]]>
              </value>
            </param>
          </params>
          <reporter-output>
          </reporter-output>
        </test-method> <!-- nameBefore -->
        <test-method status="FAIL" signature="registration()[pri:0, instance:qlytics.Regression.LoginFunctionalityTest@735b478]" name="registration" duration-ms="1787" started-at="2019-08-23T16:08:30Z" finished-at="2019-08-23T16:08:31Z">
          <exception class="org.openqa.selenium.SessionNotCreatedException">
            <message>
              <![CDATA[session not created: Chrome version must be between 70 and 73
  (Driver info: chromedriver=73.0.3683.68 (47787ec04b6e38e22703e856e101e840b65afe72),platform=Mac OS X 10.14.6 x86_64) (WARNING: The server did not provide any stacktrace information)
Command duration or timeout: 1.20 seconds
Build info: version: '3.4.0', revision: 'unknown', time: 'unknown'
System info: host: 'Apples-MacBook.local', ip: 'fe80:0:0:0:148f:f367:5286:ee62%en0', os.name: 'Mac OS X', os.arch: 'x86_64', os.version: '10.14.6', java.version: '1.8.0_201'
Driver info: driver.version: ChromeDriver]]>
            </message>
            <full-stacktrace>
              <![CDATA[org.openqa.selenium.SessionNotCreatedException: session not created: Chrome version must be between 70 and 73
  (Driver info: chromedriver=73.0.3683.68 (47787ec04b6e38e22703e856e101e840b65afe72),platform=Mac OS X 10.14.6 x86_64) (WARNING: The server did not provide any stacktrace information)
Command duration or timeout: 1.20 seconds
Build info: version: '3.4.0', revision: 'unknown', time: 'unknown'
System info: host: 'Apples-MacBook.local', ip: 'fe80:0:0:0:148f:f367:5286:ee62%en0', os.name: 'Mac OS X', os.arch: 'x86_64', os.version: '10.14.6', java.version: '1.8.0_201'
Driver info: driver.version: ChromeDriver
	at sun.reflect.NativeConstructorAccessorImpl.newInstance0(Native Method)
	at sun.reflect.NativeConstructorAccessorImpl.newInstance(NativeConstructorAccessorImpl.java:62)
	at sun.reflect.DelegatingConstructorAccessorImpl.newInstance(DelegatingConstructorAccessorImpl.java:45)
	at java.lang.reflect.Constructor.newInstance(Constructor.java:423)
	at org.openqa.selenium.remote.ErrorHandler.createThrowable(ErrorHandler.java:215)
	at org.openqa.selenium.remote.ErrorHandler.throwIfResponseFailed(ErrorHandler.java:167)
	at org.openqa.selenium.remote.JsonWireProtocolResponse.lambda$new$0(JsonWireProtocolResponse.java:53)
	at org.openqa.selenium.remote.JsonWireProtocolResponse.lambda$getResponseFunction$2(JsonWireProtocolResponse.java:91)
	at org.openqa.selenium.remote.ProtocolHandshake.lambda$createSession$22(ProtocolHandshake.java:365)
	at java.util.stream.ReferencePipeline$3$1.accept(ReferencePipeline.java:193)
	at java.util.Spliterators$ArraySpliterator.tryAdvance(Spliterators.java:958)
	at java.util.stream.ReferencePipeline.forEachWithCancel(ReferencePipeline.java:126)
	at java.util.stream.AbstractPipeline.copyIntoWithCancel(AbstractPipeline.java:498)
	at java.util.stream.AbstractPipeline.copyInto(AbstractPipeline.java:485)
	at java.util.stream.AbstractPipeline.wrapAndCopyInto(AbstractPipeline.java:471)
	at java.util.stream.FindOps$FindOp.evaluateSequential(FindOps.java:152)
	at java.util.stream.AbstractPipeline.evaluate(AbstractPipeline.java:234)
	at java.util.stream.ReferencePipeline.findFirst(ReferencePipeline.java:464)
	at org.openqa.selenium.remote.ProtocolHandshake.createSession(ProtocolHandshake.java:368)
	at org.openqa.selenium.remote.ProtocolHandshake.createSession(ProtocolHandshake.java:159)
	at org.openqa.selenium.remote.HttpCommandExecutor.execute(HttpCommandExecutor.java:142)
	at org.openqa.selenium.remote.service.DriverCommandExecutor.execute(DriverCommandExecutor.java:82)
	at org.openqa.selenium.remote.RemoteWebDriver.execute(RemoteWebDriver.java:637)
	at org.openqa.selenium.remote.RemoteWebDriver.startSession(RemoteWebDriver.java:250)
	at org.openqa.selenium.remote.RemoteWebDriver.startSession(RemoteWebDriver.java:236)
	at org.openqa.selenium.remote.RemoteWebDriver.<init>(RemoteWebDriver.java:137)
	at org.openqa.selenium.chrome.ChromeDriver.<init>(ChromeDriver.java:184)
	at org.openqa.selenium.chrome.ChromeDriver.<init>(ChromeDriver.java:171)
	at org.openqa.selenium.chrome.ChromeDriver.<init>(ChromeDriver.java:124)
	at qlytics.Lib.AppLibrary.getDriverInstance(AppLibrary.java:333)
	at qlytics.Regression.LoginFunctionalityTest.registration(LoginFunctionalityTest.java:44)
	at sun.reflect.NativeMethodAccessorImpl.invoke0(Native Method)
	at sun.reflect.NativeMethodAccessorImpl.invoke(NativeMethodAccessorImpl.java:62)
	at sun.reflect.DelegatingMethodAccessorImpl.invoke(DelegatingMethodAccessorImpl.java:43)
	at java.lang.reflect.Method.invoke(Method.java:498)
	at org.testng.internal.MethodInvocationHelper.invokeMethod(MethodInvocationHelper.java:80)
	at org.testng.internal.Invoker.invokeMethod(Invoker.java:714)
	at org.testng.internal.Invoker.invokeTestMethod(Invoker.java:901)
	at org.testng.internal.Invoker.invokeTestMethods(Invoker.java:1231)
	at org.testng.internal.TestMethodWorker.invokeTestMethods(TestMethodWorker.java:127)
	at org.testng.internal.TestMethodWorker.run(TestMethodWorker.java:111)
	at org.testng.TestRunner.privateRun(TestRunner.java:767)
	at org.testng.TestRunner.run(TestRunner.java:617)
	at org.testng.SuiteRunner.runTest(SuiteRunner.java:334)
	at org.testng.SuiteRunner.runSequentially(SuiteRunner.java:329)
	at org.testng.SuiteRunner.privateRun(SuiteRunner.java:291)
	at org.testng.SuiteRunner.run(SuiteRunner.java:240)
	at org.testng.SuiteRunnerWorker.runSuite(SuiteRunnerWorker.java:52)
	at org.testng.SuiteRunnerWorker.run(SuiteRunnerWorker.java:86)
	at org.testng.TestNG.runSuitesSequentially(TestNG.java:1198)
	at org.testng.TestNG.runSuitesLocally(TestNG.java:1123)
	at org.testng.TestNG.run(TestNG.java:1031)
	at org.apache.maven.surefire.testng.TestNGExecutor.run(TestNGExecutor.java:77)
	at org.apache.maven.surefire.testng.TestNGDirectoryTestSuite.executeMulti(TestNGDirectoryTestSuite.java:159)
	at org.apache.maven.surefire.testng.TestNGDirectoryTestSuite.execute(TestNGDirectoryTestSuite.java:99)
	at org.apache.maven.surefire.testng.TestNGProvider.invoke(TestNGProvider.java:106)
	at sun.reflect.NativeMethodAccessorImpl.invoke0(Native Method)
	at sun.reflect.NativeMethodAccessorImpl.invoke(NativeMethodAccessorImpl.java:62)
	at sun.reflect.DelegatingMethodAccessorImpl.invoke(DelegatingMethodAccessorImpl.java:43)
	at java.lang.reflect.Method.invoke(Method.java:498)
	at org.apache.maven.surefire.util.ReflectionUtils.invokeMethodWithArray(ReflectionUtils.java:189)
	at org.apache.maven.surefire.booter.ProviderFactory$ProviderProxy.invoke(ProviderFactory.java:165)
	at org.apache.maven.surefire.booter.ProviderFactory.invokeProvider(ProviderFactory.java:85)
	at org.apache.maven.surefire.booter.ForkedBooter.runSuitesInProcess(ForkedBooter.java:115)
	at org.apache.maven.surefire.booter.ForkedBooter.main(ForkedBooter.java:75)
]]>
            </full-stacktrace>
          </exception> <!-- org.openqa.selenium.SessionNotCreatedException -->
          <reporter-output>
          </reporter-output>
        </test-method> <!-- registration -->
        <test-method status="FAIL" signature="checkAlerts(org.testng.ITestResult)[pri:0, instance:qlytics.Regression.LoginFunctionalityTest@735b478]" name="checkAlerts" is-config="true" duration-ms="0" started-at="2019-08-23T16:08:31Z" finished-at="2019-08-23T16:08:31Z">
          <params>
            <param index="0">
              <value>
                <![CDATA[[TestResult name=registration status=FAILURE method=LoginFunctionalityTest.registration()[pri:0, instance:qlytics.Regression.LoginFunctionalityTest@735b478] output={null}]]]>
              </value>
            </param>
          </params>
          <exception class="java.lang.NullPointerException">
            <full-stacktrace>
              <![CDATA[java.lang.NullPointerException
	at qlytics.Lib.TestBase.checkAlerts(TestBase.java:122)
	at sun.reflect.NativeMethodAccessorImpl.invoke0(Native Method)
	at sun.reflect.NativeMethodAccessorImpl.invoke(NativeMethodAccessorImpl.java:62)
	at sun.reflect.DelegatingMethodAccessorImpl.invoke(DelegatingMethodAccessorImpl.java:43)
	at java.lang.reflect.Method.invoke(Method.java:498)
	at org.testng.internal.MethodInvocationHelper.invokeMethod(MethodInvocationHelper.java:80)
	at org.testng.internal.Invoker.invokeConfigurationMethod(Invoker.java:564)
	at org.testng.internal.Invoker.invokeConfigurations(Invoker.java:213)
	at org.testng.internal.Invoker.invokeMethod(Invoker.java:786)
	at org.testng.internal.Invoker.invokeTestMethod(Invoker.java:901)
	at org.testng.internal.Invoker.invokeTestMethods(Invoker.java:1231)
	at org.testng.internal.TestMethodWorker.invokeTestMethods(TestMethodWorker.java:127)
	at org.testng.internal.TestMethodWorker.run(TestMethodWorker.java:111)
	at org.testng.TestRunner.privateRun(TestRunner.java:767)
	at org.testng.TestRunner.run(TestRunner.java:617)
	at org.testng.SuiteRunner.runTest(SuiteRunner.java:334)
	at org.testng.SuiteRunner.runSequentially(SuiteRunner.java:329)
	at org.testng.SuiteRunner.privateRun(SuiteRunner.java:291)
	at org.testng.SuiteRunner.run(SuiteRunner.java:240)
	at org.testng.SuiteRunnerWorker.runSuite(SuiteRunnerWorker.java:52)
	at org.testng.SuiteRunnerWorker.run(SuiteRunnerWorker.java:86)
	at org.testng.TestNG.runSuitesSequentially(TestNG.java:1198)
	at org.testng.TestNG.runSuitesLocally(TestNG.java:1123)
	at org.testng.TestNG.run(TestNG.java:1031)
	at org.apache.maven.surefire.testng.TestNGExecutor.run(TestNGExecutor.java:77)
	at org.apache.maven.surefire.testng.TestNGDirectoryTestSuite.executeMulti(TestNGDirectoryTestSuite.java:159)
	at org.apache.maven.surefire.testng.TestNGDirectoryTestSuite.execute(TestNGDirectoryTestSuite.java:99)
	at org.apache.maven.surefire.testng.TestNGProvider.invoke(TestNGProvider.java:106)
	at sun.reflect.NativeMethodAccessorImpl.invoke0(Native Method)
	at sun.reflect.NativeMethodAccessorImpl.invoke(NativeMethodAccessorImpl.java:62)
	at sun.reflect.DelegatingMethodAccessorImpl.invoke(DelegatingMethodAccessorImpl.java:43)
	at java.lang.reflect.Method.invoke(Method.java:498)
	at org.apache.maven.surefire.util.ReflectionUtils.invokeMethodWithArray(ReflectionUtils.java:189)
	at org.apache.maven.surefire.booter.ProviderFactory$ProviderProxy.invoke(ProviderFactory.java:165)
	at org.apache.maven.surefire.booter.ProviderFactory.invokeProvider(ProviderFactory.java:85)
	at org.apache.maven.surefire.booter.ForkedBooter.runSuitesInProcess(ForkedBooter.java:115)
	at org.apache.maven.surefire.booter.ForkedBooter.main(ForkedBooter.java:75)
]]>
            </full-stacktrace>
          </exception> <!-- java.lang.NullPointerException -->
          <reporter-output>
            <line>
              <![CDATA[Failed fetching URL and screenshot due to error:null]]>
            </line>
          </reporter-output>
        </test-method> <!-- checkAlerts -->
        <test-method status="SKIP" signature="loginFunctionalityTest()[pri:0, instance:qlytics.Regression.LoginFunctionalityTest@735b478]" name="loginFunctionalityTest" duration-ms="1" started-at="2019-08-23T16:08:32Z" depends-on-methods="qlytics.Regression.LoginFunctionalityTest.registration" finished-at="2019-08-23T16:08:32Z">
          <reporter-output>
          </reporter-output>
        </test-method> <!-- loginFunctionalityTest -->
        <test-method status="PASS" signature="quitBrowser()[pri:0, instance:qlytics.Regression.LoginFunctionalityTest@735b478]" name="quitBrowser" is-config="true" duration-ms="0" started-at="2019-08-23T16:08:32Z" finished-at="2019-08-23T16:08:32Z">
          <reporter-output>
            <line>
              <![CDATA[Closing the Browser Successfully]]>
            </line>
            <line>
              <![CDATA[</table>]]>
            </line>
          </reporter-output>
        </test-method> <!-- quitBrowser -->
      </class> <!-- qlytics.Regression.LoginFunctionalityTest -->
      <class name="qlytics.Regression.SignUpFullValidationTest">
        <test-method status="SKIP" signature="aaasetUp(org.testng.ITestContext)[pri:0, instance:qlytics.Regression.SignUpFullValidationTest@67b6d4ae]" name="aaasetUp" is-config="true" duration-ms="0" started-at="2019-08-23T16:08:32Z" finished-at="2019-08-23T16:08:32Z">
          <reporter-output>
          </reporter-output>
        </test-method> <!-- aaasetUp -->
        <test-method status="SKIP" signature="setUp()[pri:0, instance:qlytics.Regression.SignUpFullValidationTest@67b6d4ae]" name="setUp" is-config="true" duration-ms="0" started-at="2019-08-23T16:08:32Z" finished-at="2019-08-23T16:08:32Z">
          <reporter-output>
          </reporter-output>
        </test-method> <!-- setUp -->
        <test-method status="SKIP" signature="nameBefore(java.lang.reflect.Method)[pri:0, instance:qlytics.Regression.SignUpFullValidationTest@67b6d4ae]" name="nameBefore" is-config="true" duration-ms="0" started-at="2019-08-23T16:08:32Z" finished-at="2019-08-23T16:08:32Z">
          <reporter-output>
          </reporter-output>
        </test-method> <!-- nameBefore -->
        <test-method status="SKIP" signature="checkAlerts(org.testng.ITestResult)[pri:0, instance:qlytics.Regression.SignUpFullValidationTest@67b6d4ae]" name="checkAlerts" is-config="true" duration-ms="0" started-at="2019-08-23T16:08:32Z" finished-at="2019-08-23T16:08:32Z">
          <reporter-output>
          </reporter-output>
        </test-method> <!-- checkAlerts -->
        <test-method status="SKIP" signature="nameBefore(java.lang.reflect.Method)[pri:0, instance:qlytics.Regression.SignUpFullValidationTest@67b6d4ae]" name="nameBefore" is-config="true" duration-ms="0" started-at="2019-08-23T16:08:32Z" finished-at="2019-08-23T16:08:32Z">
          <reporter-output>
          </reporter-output>
        </test-method> <!-- nameBefore -->
        <test-method status="SKIP" signature="testSignupFullValidation(java.lang.String, java.lang.String, java.lang.String, java.lang.String, java.lang.String, java.lang.String, java.lang.String, java.lang.String, java.lang.String, java.lang.String, java.lang.String, java.lang.String, java.lang.String, java.lang.String, java.lang.String, java.lang.String, java.lang.String, java.lang.String, java.lang.String, java.lang.String, java.lang.String)[pri:0, instance:qlytics.Regression.SignUpFullValidationTest@67b6d4ae]" name="testSignupFullValidation" duration-ms="1" started-at="2019-08-23T16:08:32Z" data-provider="Registration" finished-at="2019-08-23T16:08:32Z">
          <params>
            <param index="0">
              <value>
                <![CDATA[]]>
              </value>
            </param>
            <param index="1">
              <value>
                <![CDATA[]]>
              </value>
            </param>
            <param index="2">
              <value>
                <![CDATA[]]>
              </value>
            </param>
            <param index="3">
              <value>
                <![CDATA[admin]]>
              </value>
            </param>
            <param index="4">
              <value>
                <![CDATA[]]>
              </value>
            </param>
            <param index="5">
              <value>
                <![CDATA[]]>
              </value>
            </param>
            <param index="6">
              <value>
                <![CDATA[]]>
              </value>
            </param>
            <param index="7">
              <value>
                <![CDATA[]]>
              </value>
            </param>
            <param index="8">
              <value>
                <![CDATA[CAN'T BE BLANK]]>
              </value>
            </param>
            <param index="9">
              <value>
                <![CDATA[CAN'T BE BLANK]]>
              </value>
            </param>
            <param index="10">
              <value>
                <![CDATA[PASSWORD SHOULD CONTAIN AT LEAST ONE UPPERCASE, ONE LOWERCASE LETTER , ONE DIGIT AND AT LEAST 8-20 CHARECTER LONG]]>
              </value>
            </param>
            <param index="11">
              <value>
                <![CDATA[CAN'T BE BLANK]]>
              </value>
            </param>
            <param index="12">
              <value>
                <![CDATA[]]>
              </value>
            </param>
            <param index="13">
              <value>
                <![CDATA[]]>
              </value>
            </param>
            <param index="14">
              <value>
                <![CDATA[CAN'T BE BLANK]]>
              </value>
            </param>
            <param index="15">
              <value>
                <![CDATA[CAN'T BE BLANK]]>
              </value>
            </param>
            <param index="16">
              <value>
                <![CDATA[]]>
              </value>
            </param>
            <param index="17">
              <value>
                <![CDATA[CAN'T BE BLANK]]>
              </value>
            </param>
            <param index="18">
              <value>
                <![CDATA[CAN'T BE BLANK]]>
              </value>
            </param>
            <param index="19">
              <value>
                <![CDATA[]]>
              </value>
            </param>
            <param index="20">
              <value>
                <![CDATA[Yes]]>
              </value>
            </param>
          </params>
          <reporter-output>
          </reporter-output>
        </test-method> <!-- testSignupFullValidation -->
        <test-method status="SKIP" signature="testSignupFullValidation(java.lang.String, java.lang.String, java.lang.String, java.lang.String, java.lang.String, java.lang.String, java.lang.String, java.lang.String, java.lang.String, java.lang.String, java.lang.String, java.lang.String, java.lang.String, java.lang.String, java.lang.String, java.lang.String, java.lang.String, java.lang.String, java.lang.String, java.lang.String, java.lang.String)[pri:0, instance:qlytics.Regression.SignUpFullValidationTest@67b6d4ae]" name="testSignupFullValidation" duration-ms="0" started-at="2019-08-23T16:08:32Z" data-provider="Registration" finished-at="2019-08-23T16:08:32Z">
          <params>
            <param index="0">
              <value>
                <![CDATA[]]>
              </value>
            </param>
            <param index="1">
              <value>
                <![CDATA[]]>
              </value>
            </param>
            <param index="2">
              <value>
                <![CDATA[]]>
              </value>
            </param>
            <param index="3">
              <value>
                <![CDATA[]]>
              </value>
            </param>
            <param index="4">
              <value>
                <![CDATA[]]>
              </value>
            </param>
            <param index="5">
              <value>
                <![CDATA[]]>
              </value>
            </param>
            <param index="6">
              <value>
                <![CDATA[]]>
              </value>
            </param>
            <param index="7">
              <value>
                <![CDATA[]]>
              </value>
            </param>
            <param index="8">
              <value>
                <![CDATA[CAN'T BE BLANK]]>
              </value>
            </param>
            <param index="9">
              <value>
                <![CDATA[CAN'T BE BLANK]]>
              </value>
            </param>
            <param index="10">
              <value>
                <![CDATA[PASSWORD SHOULD CONTAIN AT LEAST ONE UPPERCASE, ONE LOWERCASE LETTER , ONE DIGIT AND AT LEAST 8-20 CHARECTER LONG]]>
              </value>
            </param>
            <param index="11">
              <value>
                <![CDATA[CAN'T BE BLANK]]>
              </value>
            </param>
            <param index="12">
              <value>
                <![CDATA[]]>
              </value>
            </param>
            <param index="13">
              <value>
                <![CDATA[CAN'T BE BLANK]]>
              </value>
            </param>
            <param index="14">
              <value>
                <![CDATA[CAN'T BE BLANK]]>
              </value>
            </param>
            <param index="15">
              <value>
                <![CDATA[CAN'T BE BLANK]]>
              </value>
            </param>
            <param index="16">
              <value>
                <![CDATA[]]>
              </value>
            </param>
            <param index="17">
              <value>
                <![CDATA[CAN'T BE BLANK]]>
              </value>
            </param>
            <param index="18">
              <value>
                <![CDATA[CAN'T BE BLANK]]>
              </value>
            </param>
            <param index="19">
              <value>
                <![CDATA[]]>
              </value>
            </param>
            <param index="20">
              <value>
                <![CDATA[Yes]]>
              </value>
            </param>
          </params>
          <reporter-output>
          </reporter-output>
        </test-method> <!-- testSignupFullValidation -->
        <test-method status="SKIP" signature="checkAlerts(org.testng.ITestResult)[pri:0, instance:qlytics.Regression.SignUpFullValidationTest@67b6d4ae]" name="checkAlerts" is-config="true" duration-ms="0" started-at="2019-08-23T16:08:32Z" finished-at="2019-08-23T16:08:32Z">
          <reporter-output>
          </reporter-output>
        </test-method> <!-- checkAlerts -->
        <test-method status="SKIP" signature="nameBefore(java.lang.reflect.Method)[pri:0, instance:qlytics.Regression.SignUpFullValidationTest@67b6d4ae]" name="nameBefore" is-config="true" duration-ms="0" started-at="2019-08-23T16:08:32Z" finished-at="2019-08-23T16:08:32Z">
          <reporter-output>
          </reporter-output>
        </test-method> <!-- nameBefore -->
        <test-method status="SKIP" signature="nameBefore(java.lang.reflect.Method)[pri:0, instance:qlytics.Regression.SignUpFullValidationTest@67b6d4ae]" name="nameBefore" is-config="true" duration-ms="0" started-at="2019-08-23T16:08:32Z" finished-at="2019-08-23T16:08:32Z">
          <reporter-output>
          </reporter-output>
        </test-method> <!-- nameBefore -->
        <test-method status="SKIP" signature="testSignupFullValidation(java.lang.String, java.lang.String, java.lang.String, java.lang.String, java.lang.String, java.lang.String, java.lang.String, java.lang.String, java.lang.String, java.lang.String, java.lang.String, java.lang.String, java.lang.String, java.lang.String, java.lang.String, java.lang.String, java.lang.String, java.lang.String, java.lang.String, java.lang.String, java.lang.String)[pri:0, instance:qlytics.Regression.SignUpFullValidationTest@67b6d4ae]" name="testSignupFullValidation" duration-ms="0" started-at="2019-08-23T16:08:32Z" data-provider="Registration" finished-at="2019-08-23T16:08:32Z">
          <params>
            <param index="0">
              <value>
                <![CDATA[]]>
              </value>
            </param>
            <param index="1">
              <value>
                <![CDATA[]]>
              </value>
            </param>
            <param index="2">
              <value>
                <![CDATA[]]>
              </value>
            </param>
            <param index="3">
              <value>
                <![CDATA[admin]]>
              </value>
            </param>
            <param index="4">
              <value>
                <![CDATA[Test]]>
              </value>
            </param>
            <param index="5">
              <value>
                <![CDATA[]]>
              </value>
            </param>
            <param index="6">
              <value>
                <![CDATA[]]>
              </value>
            </param>
            <param index="7">
              <value>
                <![CDATA[]]>
              </value>
            </param>
            <param index="8">
              <value>
                <![CDATA[CAN'T BE BLANK]]>
              </value>
            </param>
            <param index="9">
              <value>
                <![CDATA[CAN'T BE BLANK]]>
              </value>
            </param>
            <param index="10">
              <value>
                <![CDATA[PASSWORD SHOULD CONTAIN AT LEAST ONE UPPERCASE, ONE LOWERCASE LETTER , ONE DIGIT AND AT LEAST 8-20 CHARECTER LONG]]>
              </value>
            </param>
            <param index="11">
              <value>
                <![CDATA[CAN'T BE BLANK]]>
              </value>
            </param>
            <param index="12">
              <value>
                <![CDATA[]]>
              </value>
            </param>
            <param index="13">
              <value>
                <![CDATA[]]>
              </value>
            </param>
            <param index="14">
              <value>
                <![CDATA[]]>
              </value>
            </param>
            <param index="15">
              <value>
                <![CDATA[CAN'T BE BLANK]]>
              </value>
            </param>
            <param index="16">
              <value>
                <![CDATA[]]>
              </value>
            </param>
            <param index="17">
              <value>
                <![CDATA[CAN'T BE BLANK]]>
              </value>
            </param>
            <param index="18">
              <value>
                <![CDATA[CAN'T BE BLANK]]>
              </value>
            </param>
            <param index="19">
              <value>
                <![CDATA[]]>
              </value>
            </param>
            <param index="20">
              <value>
                <![CDATA[Yes]]>
              </value>
            </param>
          </params>
          <reporter-output>
          </reporter-output>
        </test-method> <!-- testSignupFullValidation -->
        <test-method status="SKIP" signature="checkAlerts(org.testng.ITestResult)[pri:0, instance:qlytics.Regression.SignUpFullValidationTest@67b6d4ae]" name="checkAlerts" is-config="true" duration-ms="0" started-at="2019-08-23T16:08:32Z" finished-at="2019-08-23T16:08:32Z">
          <reporter-output>
          </reporter-output>
        </test-method> <!-- checkAlerts -->
        <test-method status="SKIP" signature="testSignupFullValidation(java.lang.String, java.lang.String, java.lang.String, java.lang.String, java.lang.String, java.lang.String, java.lang.String, java.lang.String, java.lang.String, java.lang.String, java.lang.String, java.lang.String, java.lang.String, java.lang.String, java.lang.String, java.lang.String, java.lang.String, java.lang.String, java.lang.String, java.lang.String, java.lang.String)[pri:0, instance:qlytics.Regression.SignUpFullValidationTest@67b6d4ae]" name="testSignupFullValidation" duration-ms="0" started-at="2019-08-23T16:08:32Z" data-provider="Registration" finished-at="2019-08-23T16:08:32Z">
          <params>
            <param index="0">
              <value>
                <![CDATA[asdf]]>
              </value>
            </param>
            <param index="1">
              <value>
                <![CDATA[]]>
              </value>
            </param>
            <param index="2">
              <value>
                <![CDATA[]]>
              </value>
            </param>
            <param index="3">
              <value>
                <![CDATA[admin]]>
              </value>
            </param>
            <param index="4">
              <value>
                <![CDATA[Test]]>
              </value>
            </param>
            <param index="5">
              <value>
                <![CDATA[]]>
              </value>
            </param>
            <param index="6">
              <value>
                <![CDATA[]]>
              </value>
            </param>
            <param index="7">
              <value>
                <![CDATA[]]>
              </value>
            </param>
            <param index="8">
              <value>
                <![CDATA[]]>
              </value>
            </param>
            <param index="9">
              <value>
                <![CDATA[CAN'T BE BLANK]]>
              </value>
            </param>
            <param index="10">
              <value>
                <![CDATA[PASSWORD SHOULD CONTAIN AT LEAST ONE UPPERCASE, ONE LOWERCASE LETTER , ONE DIGIT AND AT LEAST 8-20 CHARECTER LONG]]>
              </value>
            </param>
            <param index="11">
              <value>
                <![CDATA[CAN'T BE BLANK]]>
              </value>
            </param>
            <param index="12">
              <value>
                <![CDATA[]]>
              </value>
            </param>
            <param index="13">
              <value>
                <![CDATA[]]>
              </value>
            </param>
            <param index="14">
              <value>
                <![CDATA[]]>
              </value>
            </param>
            <param index="15">
              <value>
                <![CDATA[CAN'T BE BLANK]]>
              </value>
            </param>
            <param index="16">
              <value>
                <![CDATA[]]>
              </value>
            </param>
            <param index="17">
              <value>
                <![CDATA[CAN'T BE BLANK]]>
              </value>
            </param>
            <param index="18">
              <value>
                <![CDATA[CAN'T BE BLANK]]>
              </value>
            </param>
            <param index="19">
              <value>
                <![CDATA[]]>
              </value>
            </param>
            <param index="20">
              <value>
                <![CDATA[Yes]]>
              </value>
            </param>
          </params>
          <reporter-output>
          </reporter-output>
        </test-method> <!-- testSignupFullValidation -->
        <test-method status="SKIP" signature="checkAlerts(org.testng.ITestResult)[pri:0, instance:qlytics.Regression.SignUpFullValidationTest@67b6d4ae]" name="checkAlerts" is-config="true" duration-ms="0" started-at="2019-08-23T16:08:32Z" finished-at="2019-08-23T16:08:32Z">
          <reporter-output>
          </reporter-output>
        </test-method> <!-- checkAlerts -->
        <test-method status="SKIP" signature="nameBefore(java.lang.reflect.Method)[pri:0, instance:qlytics.Regression.SignUpFullValidationTest@67b6d4ae]" name="nameBefore" is-config="true" duration-ms="0" started-at="2019-08-23T16:08:32Z" finished-at="2019-08-23T16:08:32Z">
          <reporter-output>
          </reporter-output>
        </test-method> <!-- nameBefore -->
        <test-method status="SKIP" signature="nameBefore(java.lang.reflect.Method)[pri:0, instance:qlytics.Regression.SignUpFullValidationTest@67b6d4ae]" name="nameBefore" is-config="true" duration-ms="0" started-at="2019-08-23T16:08:32Z" finished-at="2019-08-23T16:08:32Z">
          <reporter-output>
          </reporter-output>
        </test-method> <!-- nameBefore -->
        <test-method status="SKIP" signature="checkAlerts(org.testng.ITestResult)[pri:0, instance:qlytics.Regression.SignUpFullValidationTest@67b6d4ae]" name="checkAlerts" is-config="true" duration-ms="0" started-at="2019-08-23T16:08:32Z" finished-at="2019-08-23T16:08:32Z">
          <reporter-output>
          </reporter-output>
        </test-method> <!-- checkAlerts -->
        <test-method status="SKIP" signature="testSignupFullValidation(java.lang.String, java.lang.String, java.lang.String, java.lang.String, java.lang.String, java.lang.String, java.lang.String, java.lang.String, java.lang.String, java.lang.String, java.lang.String, java.lang.String, java.lang.String, java.lang.String, java.lang.String, java.lang.String, java.lang.String, java.lang.String, java.lang.String, java.lang.String, java.lang.String)[pri:0, instance:qlytics.Regression.SignUpFullValidationTest@67b6d4ae]" name="testSignupFullValidation" duration-ms="0" started-at="2019-08-23T16:08:32Z" data-provider="Registration" finished-at="2019-08-23T16:08:32Z">
          <params>
            <param index="0">
              <value>
                <![CDATA[asdf]]>
              </value>
            </param>
            <param index="1">
              <value>
                <![CDATA[Admin]]>
              </value>
            </param>
            <param index="2">
              <value>
                <![CDATA[]]>
              </value>
            </param>
            <param index="3">
              <value>
                <![CDATA[admin]]>
              </value>
            </param>
            <param index="4">
              <value>
                <![CDATA[Test]]>
              </value>
            </param>
            <param index="5">
              <value>
                <![CDATA[]]>
              </value>
            </param>
            <param index="6">
              <value>
                <![CDATA[]]>
              </value>
            </param>
            <param index="7">
              <value>
                <![CDATA[]]>
              </value>
            </param>
            <param index="8">
              <value>
                <![CDATA[]]>
              </value>
            </param>
            <param index="9">
              <value>
                <![CDATA[]]>
              </value>
            </param>
            <param index="10">
              <value>
                <![CDATA[PASSWORD SHOULD CONTAIN AT LEAST ONE UPPERCASE, ONE LOWERCASE LETTER , ONE DIGIT AND AT LEAST 8-20 CHARECTER LONG]]>
              </value>
            </param>
            <param index="11">
              <value>
                <![CDATA[]]>
              </value>
            </param>
            <param index="12">
              <value>
                <![CDATA[PASSWORD DOES NOT MATCH]]>
              </value>
            </param>
            <param index="13">
              <value>
                <![CDATA[]]>
              </value>
            </param>
            <param index="14">
              <value>
                <![CDATA[]]>
              </value>
            </param>
            <param index="15">
              <value>
                <![CDATA[CAN'T BE BLANK]]>
              </value>
            </param>
            <param index="16">
              <value>
                <![CDATA[]]>
              </value>
            </param>
            <param index="17">
              <value>
                <![CDATA[CAN'T BE BLANK]]>
              </value>
            </param>
            <param index="18">
              <value>
                <![CDATA[CAN'T BE BLANK]]>
              </value>
            </param>
            <param index="19">
              <value>
                <![CDATA[]]>
              </value>
            </param>
            <param index="20">
              <value>
                <![CDATA[Yes]]>
              </value>
            </param>
          </params>
          <reporter-output>
          </reporter-output>
        </test-method> <!-- testSignupFullValidation -->
        <test-method status="SKIP" signature="testSignupFullValidation(java.lang.String, java.lang.String, java.lang.String, java.lang.String, java.lang.String, java.lang.String, java.lang.String, java.lang.String, java.lang.String, java.lang.String, java.lang.String, java.lang.String, java.lang.String, java.lang.String, java.lang.String, java.lang.String, java.lang.String, java.lang.String, java.lang.String, java.lang.String, java.lang.String)[pri:0, instance:qlytics.Regression.SignUpFullValidationTest@67b6d4ae]" name="testSignupFullValidation" duration-ms="0" started-at="2019-08-23T16:08:32Z" data-provider="Registration" finished-at="2019-08-23T16:08:32Z">
          <params>
            <param index="0">
              <value>
                <![CDATA[asdf]]>
              </value>
            </param>
            <param index="1">
              <value>
                <![CDATA[Admin123!@#]]>
              </value>
            </param>
            <param index="2">
              <value>
                <![CDATA[]]>
              </value>
            </param>
            <param index="3">
              <value>
                <![CDATA[admin]]>
              </value>
            </param>
            <param index="4">
              <value>
                <![CDATA[Test]]>
              </value>
            </param>
            <param index="5">
              <value>
                <![CDATA[]]>
              </value>
            </param>
            <param index="6">
              <value>
                <![CDATA[]]>
              </value>
            </param>
            <param index="7">
              <value>
                <![CDATA[]]>
              </value>
            </param>
            <param index="8">
              <value>
                <![CDATA[]]>
              </value>
            </param>
            <param index="9">
              <value>
                <![CDATA[]]>
              </value>
            </param>
            <param index="10">
              <value>
                <![CDATA[]]>
              </value>
            </param>
            <param index="11">
              <value>
                <![CDATA[]]>
              </value>
            </param>
            <param index="12">
              <value>
                <![CDATA[PASSWORD DOES NOT MATCH]]>
              </value>
            </param>
            <param index="13">
              <value>
                <![CDATA[]]>
              </value>
            </param>
            <param index="14">
              <value>
                <![CDATA[]]>
              </value>
            </param>
            <param index="15">
              <value>
                <![CDATA[CAN'T BE BLANK]]>
              </value>
            </param>
            <param index="16">
              <value>
                <![CDATA[]]>
              </value>
            </param>
            <param index="17">
              <value>
                <![CDATA[CAN'T BE BLANK]]>
              </value>
            </param>
            <param index="18">
              <value>
                <![CDATA[CAN'T BE BLANK]]>
              </value>
            </param>
            <param index="19">
              <value>
                <![CDATA[]]>
              </value>
            </param>
            <param index="20">
              <value>
                <![CDATA[Yes]]>
              </value>
            </param>
          </params>
          <reporter-output>
          </reporter-output>
        </test-method> <!-- testSignupFullValidation -->
        <test-method status="SKIP" signature="checkAlerts(org.testng.ITestResult)[pri:0, instance:qlytics.Regression.SignUpFullValidationTest@67b6d4ae]" name="checkAlerts" is-config="true" duration-ms="0" started-at="2019-08-23T16:08:32Z" finished-at="2019-08-23T16:08:32Z">
          <reporter-output>
          </reporter-output>
        </test-method> <!-- checkAlerts -->
        <test-method status="SKIP" signature="testSignupFullValidation(java.lang.String, java.lang.String, java.lang.String, java.lang.String, java.lang.String, java.lang.String, java.lang.String, java.lang.String, java.lang.String, java.lang.String, java.lang.String, java.lang.String, java.lang.String, java.lang.String, java.lang.String, java.lang.String, java.lang.String, java.lang.String, java.lang.String, java.lang.String, java.lang.String)[pri:0, instance:qlytics.Regression.SignUpFullValidationTest@67b6d4ae]" name="testSignupFullValidation" duration-ms="1" started-at="2019-08-23T16:08:32Z" data-provider="Registration" finished-at="2019-08-23T16:08:32Z">
          <params>
            <param index="0">
              <value>
                <![CDATA[asdf]]>
              </value>
            </param>
            <param index="1">
              <value>
                <![CDATA[Admin123!@#]]>
              </value>
            </param>
            <param index="2">
              <value>
                <![CDATA[Admin123!@#]]>
              </value>
            </param>
            <param index="3">
              <value>
                <![CDATA[admin]]>
              </value>
            </param>
            <param index="4">
              <value>
                <![CDATA[Test]]>
              </value>
            </param>
            <param index="5">
              <value>
                <![CDATA[898989]]>
              </value>
            </param>
            <param index="6">
              <value>
                <![CDATA[]]>
              </value>
            </param>
            <param index="7">
              <value>
                <![CDATA[]]>
              </value>
            </param>
            <param index="8">
              <value>
                <![CDATA[]]>
              </value>
            </param>
            <param index="9">
              <value>
                <![CDATA[]]>
              </value>
            </param>
            <param index="10">
              <value>
                <![CDATA[]]>
              </value>
            </param>
            <param index="11">
              <value>
                <![CDATA[]]>
              </value>
            </param>
            <param index="12">
              <value>
                <![CDATA[]]>
              </value>
            </param>
            <param index="13">
              <value>
                <![CDATA[]]>
              </value>
            </param>
            <param index="14">
              <value>
                <![CDATA[]]>
              </value>
            </param>
            <param index="15">
              <value>
                <![CDATA[]]>
              </value>
            </param>
            <param index="16">
              <value>
                <![CDATA[NOT A VALID PHONE NUMBER]]>
              </value>
            </param>
            <param index="17">
              <value>
                <![CDATA[CAN'T BE BLANK]]>
              </value>
            </param>
            <param index="18">
              <value>
                <![CDATA[CAN'T BE BLANK]]>
              </value>
            </param>
            <param index="19">
              <value>
                <![CDATA[]]>
              </value>
            </param>
            <param index="20">
              <value>
                <![CDATA[Yes]]>
              </value>
            </param>
          </params>
          <reporter-output>
          </reporter-output>
        </test-method> <!-- testSignupFullValidation -->
        <test-method status="SKIP" signature="nameBefore(java.lang.reflect.Method)[pri:0, instance:qlytics.Regression.SignUpFullValidationTest@67b6d4ae]" name="nameBefore" is-config="true" duration-ms="0" started-at="2019-08-23T16:08:32Z" finished-at="2019-08-23T16:08:32Z">
          <reporter-output>
          </reporter-output>
        </test-method> <!-- nameBefore -->
        <test-method status="SKIP" signature="testSignupFullValidation(java.lang.String, java.lang.String, java.lang.String, java.lang.String, java.lang.String, java.lang.String, java.lang.String, java.lang.String, java.lang.String, java.lang.String, java.lang.String, java.lang.String, java.lang.String, java.lang.String, java.lang.String, java.lang.String, java.lang.String, java.lang.String, java.lang.String, java.lang.String, java.lang.String)[pri:0, instance:qlytics.Regression.SignUpFullValidationTest@67b6d4ae]" name="testSignupFullValidation" duration-ms="0" started-at="2019-08-23T16:08:32Z" data-provider="Registration" finished-at="2019-08-23T16:08:32Z">
          <params>
            <param index="0">
              <value>
                <![CDATA[asdf]]>
              </value>
            </param>
            <param index="1">
              <value>
                <![CDATA[Admin123!@#]]>
              </value>
            </param>
            <param index="2">
              <value>
                <![CDATA[Admin123!@#]]>
              </value>
            </param>
            <param index="3">
              <value>
                <![CDATA[admin]]>
              </value>
            </param>
            <param index="4">
              <value>
                <![CDATA[Test]]>
              </value>
            </param>
            <param index="5">
              <value>
                <![CDATA[]]>
              </value>
            </param>
            <param index="6">
              <value>
                <![CDATA[]]>
              </value>
            </param>
            <param index="7">
              <value>
                <![CDATA[]]>
              </value>
            </param>
            <param index="8">
              <value>
                <![CDATA[]]>
              </value>
            </param>
            <param index="9">
              <value>
                <![CDATA[]]>
              </value>
            </param>
            <param index="10">
              <value>
                <![CDATA[]]>
              </value>
            </param>
            <param index="11">
              <value>
                <![CDATA[]]>
              </value>
            </param>
            <param index="12">
              <value>
                <![CDATA[]]>
              </value>
            </param>
            <param index="13">
              <value>
                <![CDATA[]]>
              </value>
            </param>
            <param index="14">
              <value>
                <![CDATA[]]>
              </value>
            </param>
            <param index="15">
              <value>
                <![CDATA[CAN'T BE BLANK]]>
              </value>
            </param>
            <param index="16">
              <value>
                <![CDATA[]]>
              </value>
            </param>
            <param index="17">
              <value>
                <![CDATA[CAN'T BE BLANK]]>
              </value>
            </param>
            <param index="18">
              <value>
                <![CDATA[CAN'T BE BLANK]]>
              </value>
            </param>
            <param index="19">
              <value>
                <![CDATA[]]>
              </value>
            </param>
            <param index="20">
              <value>
                <![CDATA[Yes]]>
              </value>
            </param>
          </params>
          <reporter-output>
          </reporter-output>
        </test-method> <!-- testSignupFullValidation -->
        <test-method status="SKIP" signature="nameBefore(java.lang.reflect.Method)[pri:0, instance:qlytics.Regression.SignUpFullValidationTest@67b6d4ae]" name="nameBefore" is-config="true" duration-ms="0" started-at="2019-08-23T16:08:32Z" finished-at="2019-08-23T16:08:32Z">
          <reporter-output>
          </reporter-output>
        </test-method> <!-- nameBefore -->
        <test-method status="SKIP" signature="checkAlerts(org.testng.ITestResult)[pri:0, instance:qlytics.Regression.SignUpFullValidationTest@67b6d4ae]" name="checkAlerts" is-config="true" duration-ms="0" started-at="2019-08-23T16:08:32Z" finished-at="2019-08-23T16:08:32Z">
          <reporter-output>
          </reporter-output>
        </test-method> <!-- checkAlerts -->
        <test-method status="SKIP" signature="nameBefore(java.lang.reflect.Method)[pri:0, instance:qlytics.Regression.SignUpFullValidationTest@67b6d4ae]" name="nameBefore" is-config="true" duration-ms="0" started-at="2019-08-23T16:08:32Z" finished-at="2019-08-23T16:08:32Z">
          <reporter-output>
          </reporter-output>
        </test-method> <!-- nameBefore -->
        <test-method status="SKIP" signature="checkAlerts(org.testng.ITestResult)[pri:0, instance:qlytics.Regression.SignUpFullValidationTest@67b6d4ae]" name="checkAlerts" is-config="true" duration-ms="0" started-at="2019-08-23T16:08:32Z" finished-at="2019-08-23T16:08:32Z">
          <reporter-output>
          </reporter-output>
        </test-method> <!-- checkAlerts -->
        <test-method status="SKIP" signature="testSignupFullValidation(java.lang.String, java.lang.String, java.lang.String, java.lang.String, java.lang.String, java.lang.String, java.lang.String, java.lang.String, java.lang.String, java.lang.String, java.lang.String, java.lang.String, java.lang.String, java.lang.String, java.lang.String, java.lang.String, java.lang.String, java.lang.String, java.lang.String, java.lang.String, java.lang.String)[pri:0, instance:qlytics.Regression.SignUpFullValidationTest@67b6d4ae]" name="testSignupFullValidation" duration-ms="0" started-at="2019-08-23T16:08:32Z" data-provider="Registration" finished-at="2019-08-23T16:08:32Z">
          <params>
            <param index="0">
              <value>
                <![CDATA[asdf]]>
              </value>
            </param>
            <param index="1">
              <value>
                <![CDATA[Admin123!@#]]>
              </value>
            </param>
            <param index="2">
              <value>
                <![CDATA[Admin123!@#]]>
              </value>
            </param>
            <param index="3">
              <value>
                <![CDATA[admin]]>
              </value>
            </param>
            <param index="4">
              <value>
                <![CDATA[Test]]>
              </value>
            </param>
            <param index="5">
              <value>
                <![CDATA[8989898]]>
              </value>
            </param>
            <param index="6">
              <value>
                <![CDATA[company]]>
              </value>
            </param>
            <param index="7">
              <value>
                <![CDATA[]]>
              </value>
            </param>
            <param index="8">
              <value>
                <![CDATA[]]>
              </value>
            </param>
            <param index="9">
              <value>
                <![CDATA[]]>
              </value>
            </param>
            <param index="10">
              <value>
                <![CDATA[]]>
              </value>
            </param>
            <param index="11">
              <value>
                <![CDATA[]]>
              </value>
            </param>
            <param index="12">
              <value>
                <![CDATA[]]>
              </value>
            </param>
            <param index="13">
              <value>
                <![CDATA[]]>
              </value>
            </param>
            <param index="14">
              <value>
                <![CDATA[]]>
              </value>
            </param>
            <param index="15">
              <value>
                <![CDATA[]]>
              </value>
            </param>
            <param index="16">
              <value>
                <![CDATA[]]>
              </value>
            </param>
            <param index="17">
              <value>
                <![CDATA[]]>
              </value>
            </param>
            <param index="18">
              <value>
                <![CDATA[CAN'T BE BLANK]]>
              </value>
            </param>
            <param index="19">
              <value>
                <![CDATA[]]>
              </value>
            </param>
            <param index="20">
              <value>
                <![CDATA[Yes]]>
              </value>
            </param>
          </params>
          <reporter-output>
          </reporter-output>
        </test-method> <!-- testSignupFullValidation -->
        <test-method status="SKIP" signature="testSignupFullValidation(java.lang.String, java.lang.String, java.lang.String, java.lang.String, java.lang.String, java.lang.String, java.lang.String, java.lang.String, java.lang.String, java.lang.String, java.lang.String, java.lang.String, java.lang.String, java.lang.String, java.lang.String, java.lang.String, java.lang.String, java.lang.String, java.lang.String, java.lang.String, java.lang.String)[pri:0, instance:qlytics.Regression.SignUpFullValidationTest@67b6d4ae]" name="testSignupFullValidation" duration-ms="0" started-at="2019-08-23T16:08:32Z" data-provider="Registration" finished-at="2019-08-23T16:08:32Z">
          <params>
            <param index="0">
              <value>
                <![CDATA[asdf]]>
              </value>
            </param>
            <param index="1">
              <value>
                <![CDATA[Admin123!@#]]>
              </value>
            </param>
            <param index="2">
              <value>
                <![CDATA[Admin123!@#]]>
              </value>
            </param>
            <param index="3">
              <value>
                <![CDATA[admin]]>
              </value>
            </param>
            <param index="4">
              <value>
                <![CDATA[Test]]>
              </value>
            </param>
            <param index="5">
              <value>
                <![CDATA[8989898]]>
              </value>
            </param>
            <param index="6">
              <value>
                <![CDATA[]]>
              </value>
            </param>
            <param index="7">
              <value>
                <![CDATA[]]>
              </value>
            </param>
            <param index="8">
              <value>
                <![CDATA[]]>
              </value>
            </param>
            <param index="9">
              <value>
                <![CDATA[]]>
              </value>
            </param>
            <param index="10">
              <value>
                <![CDATA[]]>
              </value>
            </param>
            <param index="11">
              <value>
                <![CDATA[]]>
              </value>
            </param>
            <param index="12">
              <value>
                <![CDATA[]]>
              </value>
            </param>
            <param index="13">
              <value>
                <![CDATA[]]>
              </value>
            </param>
            <param index="14">
              <value>
                <![CDATA[]]>
              </value>
            </param>
            <param index="15">
              <value>
                <![CDATA[]]>
              </value>
            </param>
            <param index="16">
              <value>
                <![CDATA[]]>
              </value>
            </param>
            <param index="17">
              <value>
                <![CDATA[CAN'T BE BLANK]]>
              </value>
            </param>
            <param index="18">
              <value>
                <![CDATA[CAN'T BE BLANK]]>
              </value>
            </param>
            <param index="19">
              <value>
                <![CDATA[]]>
              </value>
            </param>
            <param index="20">
              <value>
                <![CDATA[Yes]]>
              </value>
            </param>
          </params>
          <reporter-output>
          </reporter-output>
        </test-method> <!-- testSignupFullValidation -->
        <test-method status="SKIP" signature="checkAlerts(org.testng.ITestResult)[pri:0, instance:qlytics.Regression.SignUpFullValidationTest@67b6d4ae]" name="checkAlerts" is-config="true" duration-ms="0" started-at="2019-08-23T16:08:32Z" finished-at="2019-08-23T16:08:32Z">
          <reporter-output>
          </reporter-output>
        </test-method> <!-- checkAlerts -->
        <test-method status="SKIP" signature="nameBefore(java.lang.reflect.Method)[pri:0, instance:qlytics.Regression.SignUpFullValidationTest@67b6d4ae]" name="nameBefore" is-config="true" duration-ms="0" started-at="2019-08-23T16:08:32Z" finished-at="2019-08-23T16:08:32Z">
          <reporter-output>
          </reporter-output>
        </test-method> <!-- nameBefore -->
        <test-method status="SKIP" signature="nameBefore(java.lang.reflect.Method)[pri:0, instance:qlytics.Regression.SignUpFullValidationTest@67b6d4ae]" name="nameBefore" is-config="true" duration-ms="0" started-at="2019-08-23T16:08:32Z" finished-at="2019-08-23T16:08:32Z">
          <reporter-output>
          </reporter-output>
        </test-method> <!-- nameBefore -->
        <test-method status="SKIP" signature="testSignupFullValidation(java.lang.String, java.lang.String, java.lang.String, java.lang.String, java.lang.String, java.lang.String, java.lang.String, java.lang.String, java.lang.String, java.lang.String, java.lang.String, java.lang.String, java.lang.String, java.lang.String, java.lang.String, java.lang.String, java.lang.String, java.lang.String, java.lang.String, java.lang.String, java.lang.String)[pri:0, instance:qlytics.Regression.SignUpFullValidationTest@67b6d4ae]" name="testSignupFullValidation" duration-ms="0" started-at="2019-08-23T16:08:32Z" data-provider="Registration" finished-at="2019-08-23T16:08:32Z">
          <params>
            <param index="0">
              <value>
                <![CDATA[!@#$%.com]]>
              </value>
            </param>
            <param index="1">
              <value>
                <![CDATA[Admin123!@#]]>
              </value>
            </param>
            <param index="2">
              <value>
                <![CDATA[Admin123!@#]]>
              </value>
            </param>
            <param index="3">
              <value>
                <![CDATA[admin]]>
              </value>
            </param>
            <param index="4">
              <value>
                <![CDATA[Test]]>
              </value>
            </param>
            <param index="5">
              <value>
                <![CDATA[898989]]>
              </value>
            </param>
            <param index="6">
              <value>
                <![CDATA[tester]]>
              </value>
            </param>
            <param index="7">
              <value>
                <![CDATA[Tester]]>
              </value>
            </param>
            <param index="8">
              <value>
                <![CDATA[]]>
              </value>
            </param>
            <param index="9">
              <value>
                <![CDATA[]]>
              </value>
            </param>
            <param index="10">
              <value>
                <![CDATA[]]>
              </value>
            </param>
            <param index="11">
              <value>
                <![CDATA[]]>
              </value>
            </param>
            <param index="12">
              <value>
                <![CDATA[]]>
              </value>
            </param>
            <param index="13">
              <value>
                <![CDATA[]]>
              </value>
            </param>
            <param index="14">
              <value>
                <![CDATA[]]>
              </value>
            </param>
            <param index="15">
              <value>
                <![CDATA[]]>
              </value>
            </param>
            <param index="16">
              <value>
                <![CDATA[NOT A VALID PHONE NUMBER]]>
              </value>
            </param>
            <param index="17">
              <value>
                <![CDATA[]]>
              </value>
            </param>
            <param index="18">
              <value>
                <![CDATA[]]>
              </value>
            </param>
            <param index="19">
              <value>
                <![CDATA[Enter a valid email address.
 Contact your organization manager]]>
              </value>
            </param>
            <param index="20">
              <value>
                <![CDATA[Yes]]>
              </value>
            </param>
          </params>
          <reporter-output>
          </reporter-output>
        </test-method> <!-- testSignupFullValidation -->
        <test-method status="SKIP" signature="checkAlerts(org.testng.ITestResult)[pri:0, instance:qlytics.Regression.SignUpFullValidationTest@67b6d4ae]" name="checkAlerts" is-config="true" duration-ms="0" started-at="2019-08-23T16:08:32Z" finished-at="2019-08-23T16:08:32Z">
          <reporter-output>
          </reporter-output>
        </test-method> <!-- checkAlerts -->
        <test-method status="SKIP" signature="testSignupFullValidation(java.lang.String, java.lang.String, java.lang.String, java.lang.String, java.lang.String, java.lang.String, java.lang.String, java.lang.String, java.lang.String, java.lang.String, java.lang.String, java.lang.String, java.lang.String, java.lang.String, java.lang.String, java.lang.String, java.lang.String, java.lang.String, java.lang.String, java.lang.String, java.lang.String)[pri:0, instance:qlytics.Regression.SignUpFullValidationTest@67b6d4ae]" name="testSignupFullValidation" duration-ms="0" started-at="2019-08-23T16:08:32Z" data-provider="Registration" finished-at="2019-08-23T16:08:32Z">
          <params>
            <param index="0">
              <value>
                <![CDATA[asdf]]>
              </value>
            </param>
            <param index="1">
              <value>
                <![CDATA[Admin123!@#]]>
              </value>
            </param>
            <param index="2">
              <value>
                <![CDATA[Admin123!@#]]>
              </value>
            </param>
            <param index="3">
              <value>
                <![CDATA[admin]]>
              </value>
            </param>
            <param index="4">
              <value>
                <![CDATA[Test]]>
              </value>
            </param>
            <param index="5">
              <value>
                <![CDATA[8989899]]>
              </value>
            </param>
            <param index="6">
              <value>
                <![CDATA[company]]>
              </value>
            </param>
            <param index="7">
              <value>
                <![CDATA[Tester]]>
              </value>
            </param>
            <param index="8">
              <value>
                <![CDATA[]]>
              </value>
            </param>
            <param index="9">
              <value>
                <![CDATA[]]>
              </value>
            </param>
            <param index="10">
              <value>
                <![CDATA[]]>
              </value>
            </param>
            <param index="11">
              <value>
                <![CDATA[]]>
              </value>
            </param>
            <param index="12">
              <value>
                <![CDATA[]]>
              </value>
            </param>
            <param index="13">
              <value>
                <![CDATA[]]>
              </value>
            </param>
            <param index="14">
              <value>
                <![CDATA[]]>
              </value>
            </param>
            <param index="15">
              <value>
                <![CDATA[]]>
              </value>
            </param>
            <param index="16">
              <value>
                <![CDATA[]]>
              </value>
            </param>
            <param index="17">
              <value>
                <![CDATA[]]>
              </value>
            </param>
            <param index="18">
              <value>
                <![CDATA[]]>
              </value>
            </param>
            <param index="19">
              <value>
                <![CDATA[Enter a valid email address.]]>
              </value>
            </param>
            <param index="20">
              <value>
                <![CDATA[Yes]]>
              </value>
            </param>
          </params>
          <reporter-output>
          </reporter-output>
        </test-method> <!-- testSignupFullValidation -->
        <test-method status="SKIP" signature="checkAlerts(org.testng.ITestResult)[pri:0, instance:qlytics.Regression.SignUpFullValidationTest@67b6d4ae]" name="checkAlerts" is-config="true" duration-ms="0" started-at="2019-08-23T16:08:32Z" finished-at="2019-08-23T16:08:32Z">
          <reporter-output>
          </reporter-output>
        </test-method> <!-- checkAlerts -->
        <test-method status="SKIP" signature="nameBefore(java.lang.reflect.Method)[pri:0, instance:qlytics.Regression.SignUpFullValidationTest@67b6d4ae]" name="nameBefore" is-config="true" duration-ms="0" started-at="2019-08-23T16:08:32Z" finished-at="2019-08-23T16:08:32Z">
          <reporter-output>
          </reporter-output>
        </test-method> <!-- nameBefore -->
        <test-method status="SKIP" signature="nameBefore(java.lang.reflect.Method)[pri:0, instance:qlytics.Regression.SignUpFullValidationTest@67b6d4ae]" name="nameBefore" is-config="true" duration-ms="0" started-at="2019-08-23T16:08:32Z" finished-at="2019-08-23T16:08:32Z">
          <reporter-output>
          </reporter-output>
        </test-method> <!-- nameBefore -->
        <test-method status="SKIP" signature="testSignupFullValidation(java.lang.String, java.lang.String, java.lang.String, java.lang.String, java.lang.String, java.lang.String, java.lang.String, java.lang.String, java.lang.String, java.lang.String, java.lang.String, java.lang.String, java.lang.String, java.lang.String, java.lang.String, java.lang.String, java.lang.String, java.lang.String, java.lang.String, java.lang.String, java.lang.String)[pri:0, instance:qlytics.Regression.SignUpFullValidationTest@67b6d4ae]" name="testSignupFullValidation" duration-ms="0" started-at="2019-08-23T16:08:32Z" data-provider="Registration" finished-at="2019-08-23T16:08:32Z">
          <params>
            <param index="0">
              <value>
                <![CDATA[jhon<smith@gmail.com>]]>
              </value>
            </param>
            <param index="1">
              <value>
                <![CDATA[Admin123!@#]]>
              </value>
            </param>
            <param index="2">
              <value>
                <![CDATA[Admin123!@#]]>
              </value>
            </param>
            <param index="3">
              <value>
                <![CDATA[admin]]>
              </value>
            </param>
            <param index="4">
              <value>
                <![CDATA[Test]]>
              </value>
            </param>
            <param index="5">
              <value>
                <![CDATA[8989901]]>
              </value>
            </param>
            <param index="6">
              <value>
                <![CDATA[tester2]]>
              </value>
            </param>
            <param index="7">
              <value>
                <![CDATA[Tester]]>
              </value>
            </param>
            <param index="8">
              <value>
                <![CDATA[]]>
              </value>
            </param>
            <param index="9">
              <value>
                <![CDATA[]]>
              </value>
            </param>
            <param index="10">
              <value>
                <![CDATA[]]>
              </value>
            </param>
            <param index="11">
              <value>
                <![CDATA[]]>
              </value>
            </param>
            <param index="12">
              <value>
                <![CDATA[]]>
              </value>
            </param>
            <param index="13">
              <value>
                <![CDATA[]]>
              </value>
            </param>
            <param index="14">
              <value>
                <![CDATA[]]>
              </value>
            </param>
            <param index="15">
              <value>
                <![CDATA[]]>
              </value>
            </param>
            <param index="16">
              <value>
                <![CDATA[]]>
              </value>
            </param>
            <param index="17">
              <value>
                <![CDATA[]]>
              </value>
            </param>
            <param index="18">
              <value>
                <![CDATA[]]>
              </value>
            </param>
            <param index="19">
              <value>
                <![CDATA[Enter a valid email address.]]>
              </value>
            </param>
            <param index="20">
              <value>
                <![CDATA[Yes]]>
              </value>
            </param>
          </params>
          <reporter-output>
          </reporter-output>
        </test-method> <!-- testSignupFullValidation -->
        <test-method status="SKIP" signature="nameBefore(java.lang.reflect.Method)[pri:0, instance:qlytics.Regression.SignUpFullValidationTest@67b6d4ae]" name="nameBefore" is-config="true" duration-ms="0" started-at="2019-08-23T16:08:32Z" finished-at="2019-08-23T16:08:32Z">
          <reporter-output>
          </reporter-output>
        </test-method> <!-- nameBefore -->
        <test-method status="SKIP" signature="checkAlerts(org.testng.ITestResult)[pri:0, instance:qlytics.Regression.SignUpFullValidationTest@67b6d4ae]" name="checkAlerts" is-config="true" duration-ms="0" started-at="2019-08-23T16:08:32Z" finished-at="2019-08-23T16:08:32Z">
          <reporter-output>
          </reporter-output>
        </test-method> <!-- checkAlerts -->
        <test-method status="SKIP" signature="checkAlerts(org.testng.ITestResult)[pri:0, instance:qlytics.Regression.SignUpFullValidationTest@67b6d4ae]" name="checkAlerts" is-config="true" duration-ms="0" started-at="2019-08-23T16:08:32Z" finished-at="2019-08-23T16:08:32Z">
          <reporter-output>
          </reporter-output>
        </test-method> <!-- checkAlerts -->
        <test-method status="SKIP" signature="testSignupFullValidation(java.lang.String, java.lang.String, java.lang.String, java.lang.String, java.lang.String, java.lang.String, java.lang.String, java.lang.String, java.lang.String, java.lang.String, java.lang.String, java.lang.String, java.lang.String, java.lang.String, java.lang.String, java.lang.String, java.lang.String, java.lang.String, java.lang.String, java.lang.String, java.lang.String)[pri:0, instance:qlytics.Regression.SignUpFullValidationTest@67b6d4ae]" name="testSignupFullValidation" duration-ms="0" started-at="2019-08-23T16:08:32Z" data-provider="Registration" finished-at="2019-08-23T16:08:32Z">
          <params>
            <param index="0">
              <value>
                <![CDATA[@gmail.com]]>
              </value>
            </param>
            <param index="1">
              <value>
                <![CDATA[Admin123!@#]]>
              </value>
            </param>
            <param index="2">
              <value>
                <![CDATA[Admin123!@#]]>
              </value>
            </param>
            <param index="3">
              <value>
                <![CDATA[admin]]>
              </value>
            </param>
            <param index="4">
              <value>
                <![CDATA[Test]]>
              </value>
            </param>
            <param index="5">
              <value>
                <![CDATA[8989900]]>
              </value>
            </param>
            <param index="6">
              <value>
                <![CDATA[tester]]>
              </value>
            </param>
            <param index="7">
              <value>
                <![CDATA[Tester]]>
              </value>
            </param>
            <param index="8">
              <value>
                <![CDATA[]]>
              </value>
            </param>
            <param index="9">
              <value>
                <![CDATA[]]>
              </value>
            </param>
            <param index="10">
              <value>
                <![CDATA[]]>
              </value>
            </param>
            <param index="11">
              <value>
                <![CDATA[]]>
              </value>
            </param>
            <param index="12">
              <value>
                <![CDATA[]]>
              </value>
            </param>
            <param index="13">
              <value>
                <![CDATA[]]>
              </value>
            </param>
            <param index="14">
              <value>
                <![CDATA[]]>
              </value>
            </param>
            <param index="15">
              <value>
                <![CDATA[]]>
              </value>
            </param>
            <param index="16">
              <value>
                <![CDATA[]]>
              </value>
            </param>
            <param index="17">
              <value>
                <![CDATA[]]>
              </value>
            </param>
            <param index="18">
              <value>
                <![CDATA[]]>
              </value>
            </param>
            <param index="19">
              <value>
                <![CDATA[Enter a valid email address.
 Contact your organization manager]]>
              </value>
            </param>
            <param index="20">
              <value>
                <![CDATA[Yes]]>
              </value>
            </param>
          </params>
          <reporter-output>
          </reporter-output>
        </test-method> <!-- testSignupFullValidation -->
        <test-method status="SKIP" signature="nameBefore(java.lang.reflect.Method)[pri:0, instance:qlytics.Regression.SignUpFullValidationTest@67b6d4ae]" name="nameBefore" is-config="true" duration-ms="0" started-at="2019-08-23T16:08:32Z" finished-at="2019-08-23T16:08:32Z">
          <reporter-output>
          </reporter-output>
        </test-method> <!-- nameBefore -->
        <test-method status="SKIP" signature="testSignupFullValidation(java.lang.String, java.lang.String, java.lang.String, java.lang.String, java.lang.String, java.lang.String, java.lang.String, java.lang.String, java.lang.String, java.lang.String, java.lang.String, java.lang.String, java.lang.String, java.lang.String, java.lang.String, java.lang.String, java.lang.String, java.lang.String, java.lang.String, java.lang.String, java.lang.String)[pri:0, instance:qlytics.Regression.SignUpFullValidationTest@67b6d4ae]" name="testSignupFullValidation" duration-ms="0" started-at="2019-08-23T16:08:32Z" data-provider="Registration" finished-at="2019-08-23T16:08:32Z">
          <params>
            <param index="0">
              <value>
                <![CDATA[jhon.mailinator.com]]>
              </value>
            </param>
            <param index="1">
              <value>
                <![CDATA[Admin123!@#]]>
              </value>
            </param>
            <param index="2">
              <value>
                <![CDATA[Admin123!@#]]>
              </value>
            </param>
            <param index="3">
              <value>
                <![CDATA[admin]]>
              </value>
            </param>
            <param index="4">
              <value>
                <![CDATA[Test]]>
              </value>
            </param>
            <param index="5">
              <value>
                <![CDATA[898989]]>
              </value>
            </param>
            <param index="6">
              <value>
                <![CDATA[tester2]]>
              </value>
            </param>
            <param index="7">
              <value>
                <![CDATA[Tester]]>
              </value>
            </param>
            <param index="8">
              <value>
                <![CDATA[]]>
              </value>
            </param>
            <param index="9">
              <value>
                <![CDATA[]]>
              </value>
            </param>
            <param index="10">
              <value>
                <![CDATA[]]>
              </value>
            </param>
            <param index="11">
              <value>
                <![CDATA[]]>
              </value>
            </param>
            <param index="12">
              <value>
                <![CDATA[]]>
              </value>
            </param>
            <param index="13">
              <value>
                <![CDATA[]]>
              </value>
            </param>
            <param index="14">
              <value>
                <![CDATA[]]>
              </value>
            </param>
            <param index="15">
              <value>
                <![CDATA[]]>
              </value>
            </param>
            <param index="16">
              <value>
                <![CDATA[NOT A VALID PHONE NUMBER]]>
              </value>
            </param>
            <param index="17">
              <value>
                <![CDATA[]]>
              </value>
            </param>
            <param index="18">
              <value>
                <![CDATA[]]>
              </value>
            </param>
            <param index="19">
              <value>
                <![CDATA[Enter a valid email address.]]>
              </value>
            </param>
            <param index="20">
              <value>
                <![CDATA[Yes]]>
              </value>
            </param>
          </params>
          <reporter-output>
          </reporter-output>
        </test-method> <!-- testSignupFullValidation -->
        <test-method status="SKIP" signature="testSignupFullValidation(java.lang.String, java.lang.String, java.lang.String, java.lang.String, java.lang.String, java.lang.String, java.lang.String, java.lang.String, java.lang.String, java.lang.String, java.lang.String, java.lang.String, java.lang.String, java.lang.String, java.lang.String, java.lang.String, java.lang.String, java.lang.String, java.lang.String, java.lang.String, java.lang.String)[pri:0, instance:qlytics.Regression.SignUpFullValidationTest@67b6d4ae]" name="testSignupFullValidation" duration-ms="0" started-at="2019-08-23T16:08:32Z" data-provider="Registration" finished-at="2019-08-23T16:08:32Z">
          <params>
            <param index="0">
              <value>
                <![CDATA[jhon@gmail@gmail.com]]>
              </value>
            </param>
            <param index="1">
              <value>
                <![CDATA[Admin123!@#]]>
              </value>
            </param>
            <param index="2">
              <value>
                <![CDATA[Admin123!@#]]>
              </value>
            </param>
            <param index="3">
              <value>
                <![CDATA[admin]]>
              </value>
            </param>
            <param index="4">
              <value>
                <![CDATA[Test]]>
              </value>
            </param>
            <param index="5">
              <value>
                <![CDATA[8989903]]>
              </value>
            </param>
            <param index="6">
              <value>
                <![CDATA[tester3]]>
              </value>
            </param>
            <param index="7">
              <value>
                <![CDATA[Tester]]>
              </value>
            </param>
            <param index="8">
              <value>
                <![CDATA[]]>
              </value>
            </param>
            <param index="9">
              <value>
                <![CDATA[]]>
              </value>
            </param>
            <param index="10">
              <value>
                <![CDATA[]]>
              </value>
            </param>
            <param index="11">
              <value>
                <![CDATA[]]>
              </value>
            </param>
            <param index="12">
              <value>
                <![CDATA[]]>
              </value>
            </param>
            <param index="13">
              <value>
                <![CDATA[]]>
              </value>
            </param>
            <param index="14">
              <value>
                <![CDATA[]]>
              </value>
            </param>
            <param index="15">
              <value>
                <![CDATA[]]>
              </value>
            </param>
            <param index="16">
              <value>
                <![CDATA[]]>
              </value>
            </param>
            <param index="17">
              <value>
                <![CDATA[]]>
              </value>
            </param>
            <param index="18">
              <value>
                <![CDATA[]]>
              </value>
            </param>
            <param index="19">
              <value>
                <![CDATA[Enter a valid email address.]]>
              </value>
            </param>
            <param index="20">
              <value>
                <![CDATA[Yes]]>
              </value>
            </param>
          </params>
          <reporter-output>
          </reporter-output>
        </test-method> <!-- testSignupFullValidation -->
        <test-method status="SKIP" signature="checkAlerts(org.testng.ITestResult)[pri:0, instance:qlytics.Regression.SignUpFullValidationTest@67b6d4ae]" name="checkAlerts" is-config="true" duration-ms="0" started-at="2019-08-23T16:08:32Z" finished-at="2019-08-23T16:08:32Z">
          <reporter-output>
          </reporter-output>
        </test-method> <!-- checkAlerts -->
        <test-method status="SKIP" signature="checkAlerts(org.testng.ITestResult)[pri:0, instance:qlytics.Regression.SignUpFullValidationTest@67b6d4ae]" name="checkAlerts" is-config="true" duration-ms="0" started-at="2019-08-23T16:08:32Z" finished-at="2019-08-23T16:08:32Z">
          <reporter-output>
          </reporter-output>
        </test-method> <!-- checkAlerts -->
        <test-method status="SKIP" signature="checkAlerts(org.testng.ITestResult)[pri:0, instance:qlytics.Regression.SignUpFullValidationTest@67b6d4ae]" name="checkAlerts" is-config="true" duration-ms="0" started-at="2019-08-23T16:08:32Z" finished-at="2019-08-23T16:08:32Z">
          <reporter-output>
          </reporter-output>
        </test-method> <!-- checkAlerts -->
        <test-method status="SKIP" signature="nameBefore(java.lang.reflect.Method)[pri:0, instance:qlytics.Regression.SignUpFullValidationTest@67b6d4ae]" name="nameBefore" is-config="true" duration-ms="0" started-at="2019-08-23T16:08:32Z" finished-at="2019-08-23T16:08:32Z">
          <reporter-output>
          </reporter-output>
        </test-method> <!-- nameBefore -->
        <test-method status="SKIP" signature="checkAlerts(org.testng.ITestResult)[pri:0, instance:qlytics.Regression.SignUpFullValidationTest@67b6d4ae]" name="checkAlerts" is-config="true" duration-ms="0" started-at="2019-08-23T16:08:32Z" finished-at="2019-08-23T16:08:32Z">
          <reporter-output>
          </reporter-output>
        </test-method> <!-- checkAlerts -->
        <test-method status="SKIP" signature="testSignupFullValidation(java.lang.String, java.lang.String, java.lang.String, java.lang.String, java.lang.String, java.lang.String, java.lang.String, java.lang.String, java.lang.String, java.lang.String, java.lang.String, java.lang.String, java.lang.String, java.lang.String, java.lang.String, java.lang.String, java.lang.String, java.lang.String, java.lang.String, java.lang.String, java.lang.String)[pri:0, instance:qlytics.Regression.SignUpFullValidationTest@67b6d4ae]" name="testSignupFullValidation" duration-ms="0" started-at="2019-08-23T16:08:32Z" data-provider="Registration" finished-at="2019-08-23T16:08:32Z">
          <params>
            <param index="0">
              <value>
                <![CDATA[jhon@gmail..com]]>
              </value>
            </param>
            <param index="1">
              <value>
                <![CDATA[Admin123!@#]]>
              </value>
            </param>
            <param index="2">
              <value>
                <![CDATA[Admin123!@#]]>
              </value>
            </param>
            <param index="3">
              <value>
                <![CDATA[admin]]>
              </value>
            </param>
            <param index="4">
              <value>
                <![CDATA[Test]]>
              </value>
            </param>
            <param index="5">
              <value>
                <![CDATA[8989905]]>
              </value>
            </param>
            <param index="6">
              <value>
                <![CDATA[tester5]]>
              </value>
            </param>
            <param index="7">
              <value>
                <![CDATA[Tester]]>
              </value>
            </param>
            <param index="8">
              <value>
                <![CDATA[]]>
              </value>
            </param>
            <param index="9">
              <value>
                <![CDATA[]]>
              </value>
            </param>
            <param index="10">
              <value>
                <![CDATA[]]>
              </value>
            </param>
            <param index="11">
              <value>
                <![CDATA[]]>
              </value>
            </param>
            <param index="12">
              <value>
                <![CDATA[]]>
              </value>
            </param>
            <param index="13">
              <value>
                <![CDATA[]]>
              </value>
            </param>
            <param index="14">
              <value>
                <![CDATA[]]>
              </value>
            </param>
            <param index="15">
              <value>
                <![CDATA[]]>
              </value>
            </param>
            <param index="16">
              <value>
                <![CDATA[]]>
              </value>
            </param>
            <param index="17">
              <value>
                <![CDATA[]]>
              </value>
            </param>
            <param index="18">
              <value>
                <![CDATA[]]>
              </value>
            </param>
            <param index="19">
              <value>
                <![CDATA[Enter a valid email address.]]>
              </value>
            </param>
            <param index="20">
              <value>
                <![CDATA[Yes]]>
              </value>
            </param>
          </params>
          <reporter-output>
          </reporter-output>
        </test-method> <!-- testSignupFullValidation -->
        <test-method status="SKIP" signature="checkAlerts(org.testng.ITestResult)[pri:0, instance:qlytics.Regression.SignUpFullValidationTest@67b6d4ae]" name="checkAlerts" is-config="true" duration-ms="0" started-at="2019-08-23T16:08:32Z" finished-at="2019-08-23T16:08:32Z">
          <reporter-output>
          </reporter-output>
        </test-method> <!-- checkAlerts -->
        <test-method status="SKIP" signature="nameBefore(java.lang.reflect.Method)[pri:0, instance:qlytics.Regression.SignUpFullValidationTest@67b6d4ae]" name="nameBefore" is-config="true" duration-ms="0" started-at="2019-08-23T16:08:32Z" finished-at="2019-08-23T16:08:32Z">
          <reporter-output>
          </reporter-output>
        </test-method> <!-- nameBefore -->
        <test-method status="SKIP" signature="testSignupFullValidation(java.lang.String, java.lang.String, java.lang.String, java.lang.String, java.lang.String, java.lang.String, java.lang.String, java.lang.String, java.lang.String, java.lang.String, java.lang.String, java.lang.String, java.lang.String, java.lang.String, java.lang.String, java.lang.String, java.lang.String, java.lang.String, java.lang.String, java.lang.String, java.lang.String)[pri:0, instance:qlytics.Regression.SignUpFullValidationTest@67b6d4ae]" name="testSignupFullValidation" duration-ms="0" started-at="2019-08-23T16:08:32Z" data-provider="Registration" finished-at="2019-08-23T16:08:32Z">
          <params>
            <param index="0">
              <value>
                <![CDATA[jhon@gmail]]>
              </value>
            </param>
            <param index="1">
              <value>
                <![CDATA[Admin123!@#]]>
              </value>
            </param>
            <param index="2">
              <value>
                <![CDATA[Admin123!@#]]>
              </value>
            </param>
            <param index="3">
              <value>
                <![CDATA[admin]]>
              </value>
            </param>
            <param index="4">
              <value>
                <![CDATA[Test]]>
              </value>
            </param>
            <param index="5">
              <value>
                <![CDATA[8989906]]>
              </value>
            </param>
            <param index="6">
              <value>
                <![CDATA[tester6]]>
              </value>
            </param>
            <param index="7">
              <value>
                <![CDATA[Tester]]>
              </value>
            </param>
            <param index="8">
              <value>
                <![CDATA[]]>
              </value>
            </param>
            <param index="9">
              <value>
                <![CDATA[]]>
              </value>
            </param>
            <param index="10">
              <value>
                <![CDATA[]]>
              </value>
            </param>
            <param index="11">
              <value>
                <![CDATA[]]>
              </value>
            </param>
            <param index="12">
              <value>
                <![CDATA[]]>
              </value>
            </param>
            <param index="13">
              <value>
                <![CDATA[]]>
              </value>
            </param>
            <param index="14">
              <value>
                <![CDATA[]]>
              </value>
            </param>
            <param index="15">
              <value>
                <![CDATA[]]>
              </value>
            </param>
            <param index="16">
              <value>
                <![CDATA[]]>
              </value>
            </param>
            <param index="17">
              <value>
                <![CDATA[]]>
              </value>
            </param>
            <param index="18">
              <value>
                <![CDATA[]]>
              </value>
            </param>
            <param index="19">
              <value>
                <![CDATA[Enter a valid email address.]]>
              </value>
            </param>
            <param index="20">
              <value>
                <![CDATA[Yes]]>
              </value>
            </param>
          </params>
          <reporter-output>
          </reporter-output>
        </test-method> <!-- testSignupFullValidation -->
        <test-method status="SKIP" signature="nameBefore(java.lang.reflect.Method)[pri:0, instance:qlytics.Regression.SignUpFullValidationTest@67b6d4ae]" name="nameBefore" is-config="true" duration-ms="0" started-at="2019-08-23T16:08:32Z" finished-at="2019-08-23T16:08:32Z">
          <reporter-output>
          </reporter-output>
        </test-method> <!-- nameBefore -->
        <test-method status="SKIP" signature="nameBefore(java.lang.reflect.Method)[pri:0, instance:qlytics.Regression.SignUpFullValidationTest@67b6d4ae]" name="nameBefore" is-config="true" duration-ms="0" started-at="2019-08-23T16:08:32Z" finished-at="2019-08-23T16:08:32Z">
          <reporter-output>
          </reporter-output>
        </test-method> <!-- nameBefore -->
        <test-method status="SKIP" signature="testSignupFullValidation(java.lang.String, java.lang.String, java.lang.String, java.lang.String, java.lang.String, java.lang.String, java.lang.String, java.lang.String, java.lang.String, java.lang.String, java.lang.String, java.lang.String, java.lang.String, java.lang.String, java.lang.String, java.lang.String, java.lang.String, java.lang.String, java.lang.String, java.lang.String, java.lang.String)[pri:0, instance:qlytics.Regression.SignUpFullValidationTest@67b6d4ae]" name="testSignupFullValidation" duration-ms="0" started-at="2019-08-23T16:08:32Z" data-provider="Registration" finished-at="2019-08-23T16:08:32Z">
          <params>
            <param index="0">
              <value>
                <![CDATA[jhon@.com]]>
              </value>
            </param>
            <param index="1">
              <value>
                <![CDATA[Admin123!@#]]>
              </value>
            </param>
            <param index="2">
              <value>
                <![CDATA[Admin123!@#]]>
              </value>
            </param>
            <param index="3">
              <value>
                <![CDATA[admin]]>
              </value>
            </param>
            <param index="4">
              <value>
                <![CDATA[Test]]>
              </value>
            </param>
            <param index="5">
              <value>
                <![CDATA[8989907]]>
              </value>
            </param>
            <param index="6">
              <value>
                <![CDATA[tester7]]>
              </value>
            </param>
            <param index="7">
              <value>
                <![CDATA[Tester]]>
              </value>
            </param>
            <param index="8">
              <value>
                <![CDATA[]]>
              </value>
            </param>
            <param index="9">
              <value>
                <![CDATA[]]>
              </value>
            </param>
            <param index="10">
              <value>
                <![CDATA[]]>
              </value>
            </param>
            <param index="11">
              <value>
                <![CDATA[]]>
              </value>
            </param>
            <param index="12">
              <value>
                <![CDATA[]]>
              </value>
            </param>
            <param index="13">
              <value>
                <![CDATA[]]>
              </value>
            </param>
            <param index="14">
              <value>
                <![CDATA[]]>
              </value>
            </param>
            <param index="15">
              <value>
                <![CDATA[]]>
              </value>
            </param>
            <param index="16">
              <value>
                <![CDATA[]]>
              </value>
            </param>
            <param index="17">
              <value>
                <![CDATA[]]>
              </value>
            </param>
            <param index="18">
              <value>
                <![CDATA[]]>
              </value>
            </param>
            <param index="19">
              <value>
                <![CDATA[Enter a valid email address.]]>
              </value>
            </param>
            <param index="20">
              <value>
                <![CDATA[Yes]]>
              </value>
            </param>
          </params>
          <reporter-output>
          </reporter-output>
        </test-method> <!-- testSignupFullValidation -->
        <test-method status="SKIP" signature="testSignupFullValidation(java.lang.String, java.lang.String, java.lang.String, java.lang.String, java.lang.String, java.lang.String, java.lang.String, java.lang.String, java.lang.String, java.lang.String, java.lang.String, java.lang.String, java.lang.String, java.lang.String, java.lang.String, java.lang.String, java.lang.String, java.lang.String, java.lang.String, java.lang.String, java.lang.String)[pri:0, instance:qlytics.Regression.SignUpFullValidationTest@67b6d4ae]" name="testSignupFullValidation" duration-ms="0" started-at="2019-08-23T16:08:32Z" data-provider="Registration" finished-at="2019-08-23T16:08:32Z">
          <params>
            <param index="0">
              <value>
                <![CDATA[567]]>
              </value>
            </param>
            <param index="1">
              <value>
                <![CDATA[Admin123!@#]]>
              </value>
            </param>
            <param index="2">
              <value>
                <![CDATA[Admin123!@#]]>
              </value>
            </param>
            <param index="3">
              <value>
                <![CDATA[admin]]>
              </value>
            </param>
            <param index="4">
              <value>
                <![CDATA[Test]]>
              </value>
            </param>
            <param index="5">
              <value>
                <![CDATA[8989908]]>
              </value>
            </param>
            <param index="6">
              <value>
                <![CDATA[tester8]]>
              </value>
            </param>
            <param index="7">
              <value>
                <![CDATA[Tester]]>
              </value>
            </param>
            <param index="8">
              <value>
                <![CDATA[]]>
              </value>
            </param>
            <param index="9">
              <value>
                <![CDATA[]]>
              </value>
            </param>
            <param index="10">
              <value>
                <![CDATA[]]>
              </value>
            </param>
            <param index="11">
              <value>
                <![CDATA[]]>
              </value>
            </param>
            <param index="12">
              <value>
                <![CDATA[]]>
              </value>
            </param>
            <param index="13">
              <value>
                <![CDATA[]]>
              </value>
            </param>
            <param index="14">
              <value>
                <![CDATA[]]>
              </value>
            </param>
            <param index="15">
              <value>
                <![CDATA[]]>
              </value>
            </param>
            <param index="16">
              <value>
                <![CDATA[]]>
              </value>
            </param>
            <param index="17">
              <value>
                <![CDATA[]]>
              </value>
            </param>
            <param index="18">
              <value>
                <![CDATA[]]>
              </value>
            </param>
            <param index="19">
              <value>
                <![CDATA[Enter a valid email address.]]>
              </value>
            </param>
            <param index="20">
              <value>
                <![CDATA[Yes]]>
              </value>
            </param>
          </params>
          <reporter-output>
          </reporter-output>
        </test-method> <!-- testSignupFullValidation -->
        <test-method status="SKIP" signature="nameBefore(java.lang.reflect.Method)[pri:0, instance:qlytics.Regression.SignUpFullValidationTest@67b6d4ae]" name="nameBefore" is-config="true" duration-ms="0" started-at="2019-08-23T16:08:32Z" finished-at="2019-08-23T16:08:32Z">
          <reporter-output>
          </reporter-output>
        </test-method> <!-- nameBefore -->
        <test-method status="SKIP" signature="checkAlerts(org.testng.ITestResult)[pri:0, instance:qlytics.Regression.SignUpFullValidationTest@67b6d4ae]" name="checkAlerts" is-config="true" duration-ms="0" started-at="2019-08-23T16:08:32Z" finished-at="2019-08-23T16:08:32Z">
          <reporter-output>
          </reporter-output>
        </test-method> <!-- checkAlerts -->
        <test-method status="SKIP" signature="checkAlerts(org.testng.ITestResult)[pri:0, instance:qlytics.Regression.SignUpFullValidationTest@67b6d4ae]" name="checkAlerts" is-config="true" duration-ms="0" started-at="2019-08-23T16:08:32Z" finished-at="2019-08-23T16:08:32Z">
          <reporter-output>
          </reporter-output>
        </test-method> <!-- checkAlerts -->
        <test-method status="PASS" signature="quitBrowser()[pri:0, instance:qlytics.Regression.SignUpFullValidationTest@67b6d4ae]" name="quitBrowser" is-config="true" duration-ms="1" started-at="2019-08-23T16:08:32Z" finished-at="2019-08-23T16:08:32Z">
          <reporter-output>
            <line>
              <![CDATA[Closing the Browser Successfully]]>
            </line>
            <line>
              <![CDATA[</table>]]>
            </line>
          </reporter-output>
        </test-method> <!-- quitBrowser -->
        <test-method status="SKIP" signature="testSignupFullValidation(java.lang.String, java.lang.String, java.lang.String, java.lang.String, java.lang.String, java.lang.String, java.lang.String, java.lang.String, java.lang.String, java.lang.String, java.lang.String, java.lang.String, java.lang.String, java.lang.String, java.lang.String, java.lang.String, java.lang.String, java.lang.String, java.lang.String, java.lang.String, java.lang.String)[pri:0, instance:qlytics.Regression.SignUpFullValidationTest@67b6d4ae]" name="testSignupFullValidation" duration-ms="0" started-at="2019-08-23T16:08:32Z" data-provider="Registration" finished-at="2019-08-23T16:08:32Z">
          <params>
            <param index="0">
              <value>
                <![CDATA[pihu@mailinator.com]]>
              </value>
            </param>
            <param index="1">
              <value>
                <![CDATA[Admin123!@#]]>
              </value>
            </param>
            <param index="2">
              <value>
                <![CDATA[Admin123!@#]]>
              </value>
            </param>
            <param index="3">
              <value>
                <![CDATA[admin]]>
              </value>
            </param>
            <param index="4">
              <value>
                <![CDATA[Test]]>
              </value>
            </param>
            <param index="5">
              <value>
                <![CDATA[8989909]]>
              </value>
            </param>
            <param index="6">
              <value>
                <![CDATA[tester]]>
              </value>
            </param>
            <param index="7">
              <value>
                <![CDATA[Tester]]>
              </value>
            </param>
            <param index="8">
              <value>
                <![CDATA[]]>
              </value>
            </param>
            <param index="9">
              <value>
                <![CDATA[]]>
              </value>
            </param>
            <param index="10">
              <value>
                <![CDATA[]]>
              </value>
            </param>
            <param index="11">
              <value>
                <![CDATA[]]>
              </value>
            </param>
            <param index="12">
              <value>
                <![CDATA[]]>
              </value>
            </param>
            <param index="13">
              <value>
                <![CDATA[]]>
              </value>
            </param>
            <param index="14">
              <value>
                <![CDATA[]]>
              </value>
            </param>
            <param index="15">
              <value>
                <![CDATA[]]>
              </value>
            </param>
            <param index="16">
              <value>
                <![CDATA[]]>
              </value>
            </param>
            <param index="17">
              <value>
                <![CDATA[]]>
              </value>
            </param>
            <param index="18">
              <value>
                <![CDATA[]]>
              </value>
            </param>
            <param index="19">
              <value>
                <![CDATA[Contact your organization manager]]>
              </value>
            </param>
            <param index="20">
              <value>
                <![CDATA[Yes]]>
              </value>
            </param>
          </params>
          <reporter-output>
          </reporter-output>
        </test-method> <!-- testSignupFullValidation -->
        <test-method status="SKIP" signature="testSignupFullValidation(java.lang.String, java.lang.String, java.lang.String, java.lang.String, java.lang.String, java.lang.String, java.lang.String, java.lang.String, java.lang.String, java.lang.String, java.lang.String, java.lang.String, java.lang.String, java.lang.String, java.lang.String, java.lang.String, java.lang.String, java.lang.String, java.lang.String, java.lang.String, java.lang.String)[pri:0, instance:qlytics.Regression.SignUpFullValidationTest@67b6d4ae]" name="testSignupFullValidation" duration-ms="0" started-at="2019-08-23T16:08:32Z" data-provider="Registration" finished-at="2019-08-23T16:08:32Z">
          <params>
            <param index="0">
              <value>
                <![CDATA[asdf@mailinator.com]]>
              </value>
            </param>
            <param index="1">
              <value>
                <![CDATA[Admin123!@#]]>
              </value>
            </param>
            <param index="2">
              <value>
                <![CDATA[Admin123!@#]]>
              </value>
            </param>
            <param index="3">
              <value>
                <![CDATA[admin]]>
              </value>
            </param>
            <param index="4">
              <value>
                <![CDATA[Test]]>
              </value>
            </param>
            <param index="5">
              <value>
                <![CDATA[8989908]]>
              </value>
            </param>
            <param index="6">
              <value>
                <![CDATA[tester9]]>
              </value>
            </param>
            <param index="7">
              <value>
                <![CDATA[Tester]]>
              </value>
            </param>
            <param index="8">
              <value>
                <![CDATA[]]>
              </value>
            </param>
            <param index="9">
              <value>
                <![CDATA[]]>
              </value>
            </param>
            <param index="10">
              <value>
                <![CDATA[]]>
              </value>
            </param>
            <param index="11">
              <value>
                <![CDATA[]]>
              </value>
            </param>
            <param index="12">
              <value>
                <![CDATA[]]>
              </value>
            </param>
            <param index="13">
              <value>
                <![CDATA[]]>
              </value>
            </param>
            <param index="14">
              <value>
                <![CDATA[]]>
              </value>
            </param>
            <param index="15">
              <value>
                <![CDATA[]]>
              </value>
            </param>
            <param index="16">
              <value>
                <![CDATA[]]>
              </value>
            </param>
            <param index="17">
              <value>
                <![CDATA[]]>
              </value>
            </param>
            <param index="18">
              <value>
                <![CDATA[]]>
              </value>
            </param>
            <param index="19">
              <value>
                <![CDATA[A user is already registered with this e-mail address.]]>
              </value>
            </param>
            <param index="20">
              <value>
                <![CDATA[Yes]]>
              </value>
            </param>
          </params>
          <reporter-output>
          </reporter-output>
        </test-method> <!-- testSignupFullValidation -->
        <test-method status="SKIP" signature="nameBefore(java.lang.reflect.Method)[pri:0, instance:qlytics.Regression.SignUpFullValidationTest@67b6d4ae]" name="nameBefore" is-config="true" duration-ms="0" started-at="2019-08-23T16:08:32Z" finished-at="2019-08-23T16:08:32Z">
          <reporter-output>
          </reporter-output>
        </test-method> <!-- nameBefore -->
        <test-method status="SKIP" signature="checkAlerts(org.testng.ITestResult)[pri:0, instance:qlytics.Regression.SignUpFullValidationTest@67b6d4ae]" name="checkAlerts" is-config="true" duration-ms="0" started-at="2019-08-23T16:08:32Z" finished-at="2019-08-23T16:08:32Z">
          <reporter-output>
          </reporter-output>
        </test-method> <!-- checkAlerts -->
        <test-method status="SKIP" signature="nameBefore(java.lang.reflect.Method)[pri:0, instance:qlytics.Regression.SignUpFullValidationTest@67b6d4ae]" name="nameBefore" is-config="true" duration-ms="0" started-at="2019-08-23T16:08:32Z" finished-at="2019-08-23T16:08:32Z">
          <reporter-output>
          </reporter-output>
        </test-method> <!-- nameBefore -->
        <test-method status="SKIP" signature="checkAlerts(org.testng.ITestResult)[pri:0, instance:qlytics.Regression.SignUpFullValidationTest@67b6d4ae]" name="checkAlerts" is-config="true" duration-ms="0" started-at="2019-08-23T16:08:32Z" finished-at="2019-08-23T16:08:32Z">
          <reporter-output>
          </reporter-output>
        </test-method> <!-- checkAlerts -->
      </class> <!-- qlytics.Regression.SignUpFullValidationTest -->
      <class name="qlytics.Regression.SignUpPageUiTest">
        <test-method status="SKIP" signature="aaasetUp(org.testng.ITestContext)[pri:0, instance:qlytics.Regression.SignUpPageUiTest@366e2eef]" name="aaasetUp" is-config="true" duration-ms="0" started-at="2019-08-23T16:08:32Z" finished-at="2019-08-23T16:08:32Z">
          <reporter-output>
          </reporter-output>
        </test-method> <!-- aaasetUp -->
        <test-method status="SKIP" signature="setUp()[pri:0, instance:qlytics.Regression.SignUpPageUiTest@366e2eef]" name="setUp" is-config="true" duration-ms="0" started-at="2019-08-23T16:08:32Z" finished-at="2019-08-23T16:08:32Z">
          <reporter-output>
          </reporter-output>
        </test-method> <!-- setUp -->
        <test-method status="SKIP" signature="SignUpPageUi()[pri:0, instance:qlytics.Regression.SignUpPageUiTest@366e2eef]" name="SignUpPageUi" duration-ms="0" started-at="2019-08-23T16:08:32Z" finished-at="2019-08-23T16:08:32Z">
          <reporter-output>
          </reporter-output>
        </test-method> <!-- SignUpPageUi -->
        <test-method status="SKIP" signature="checkAlerts(org.testng.ITestResult)[pri:0, instance:qlytics.Regression.SignUpPageUiTest@366e2eef]" name="checkAlerts" is-config="true" duration-ms="0" started-at="2019-08-23T16:08:32Z" finished-at="2019-08-23T16:08:32Z">
          <reporter-output>
          </reporter-output>
        </test-method> <!-- checkAlerts -->
        <test-method status="FAIL" signature="quitBrowser()[pri:0, instance:qlytics.Regression.SignUpPageUiTest@366e2eef]" name="quitBrowser" is-config="true" duration-ms="0" started-at="2019-08-23T16:08:32Z" finished-at="2019-08-23T16:08:32Z">
          <exception class="java.lang.NullPointerException">
            <full-stacktrace>
              <![CDATA[java.lang.NullPointerException
	at qlytics.Lib.TestBase.quitBrowser(TestBase.java:129)
	at sun.reflect.NativeMethodAccessorImpl.invoke0(Native Method)
	at sun.reflect.NativeMethodAccessorImpl.invoke(NativeMethodAccessorImpl.java:62)
	at sun.reflect.DelegatingMethodAccessorImpl.invoke(DelegatingMethodAccessorImpl.java:43)
	at java.lang.reflect.Method.invoke(Method.java:498)
	at org.testng.internal.MethodInvocationHelper.invokeMethod(MethodInvocationHelper.java:80)
	at org.testng.internal.Invoker.invokeConfigurationMethod(Invoker.java:564)
	at org.testng.internal.Invoker.invokeConfigurations(Invoker.java:213)
	at org.testng.internal.Invoker.invokeConfigurations(Invoker.java:138)
	at org.testng.internal.TestMethodWorker.invokeAfterClassMethods(TestMethodWorker.java:225)
	at org.testng.internal.TestMethodWorker.run(TestMethodWorker.java:114)
	at org.testng.TestRunner.privateRun(TestRunner.java:767)
	at org.testng.TestRunner.run(TestRunner.java:617)
	at org.testng.SuiteRunner.runTest(SuiteRunner.java:334)
	at org.testng.SuiteRunner.runSequentially(SuiteRunner.java:329)
	at org.testng.SuiteRunner.privateRun(SuiteRunner.java:291)
	at org.testng.SuiteRunner.run(SuiteRunner.java:240)
	at org.testng.SuiteRunnerWorker.runSuite(SuiteRunnerWorker.java:52)
	at org.testng.SuiteRunnerWorker.run(SuiteRunnerWorker.java:86)
	at org.testng.TestNG.runSuitesSequentially(TestNG.java:1198)
	at org.testng.TestNG.runSuitesLocally(TestNG.java:1123)
	at org.testng.TestNG.run(TestNG.java:1031)
	at org.apache.maven.surefire.testng.TestNGExecutor.run(TestNGExecutor.java:77)
	at org.apache.maven.surefire.testng.TestNGDirectoryTestSuite.executeMulti(TestNGDirectoryTestSuite.java:159)
	at org.apache.maven.surefire.testng.TestNGDirectoryTestSuite.execute(TestNGDirectoryTestSuite.java:99)
	at org.apache.maven.surefire.testng.TestNGProvider.invoke(TestNGProvider.java:106)
	at sun.reflect.NativeMethodAccessorImpl.invoke0(Native Method)
	at sun.reflect.NativeMethodAccessorImpl.invoke(NativeMethodAccessorImpl.java:62)
	at sun.reflect.DelegatingMethodAccessorImpl.invoke(DelegatingMethodAccessorImpl.java:43)
	at java.lang.reflect.Method.invoke(Method.java:498)
	at org.apache.maven.surefire.util.ReflectionUtils.invokeMethodWithArray(ReflectionUtils.java:189)
	at org.apache.maven.surefire.booter.ProviderFactory$ProviderProxy.invoke(ProviderFactory.java:165)
	at org.apache.maven.surefire.booter.ProviderFactory.invokeProvider(ProviderFactory.java:85)
	at org.apache.maven.surefire.booter.ForkedBooter.runSuitesInProcess(ForkedBooter.java:115)
	at org.apache.maven.surefire.booter.ForkedBooter.main(ForkedBooter.java:75)
]]>
            </full-stacktrace>
          </exception> <!-- java.lang.NullPointerException -->
          <reporter-output>
          </reporter-output>
        </test-method> <!-- quitBrowser -->
        <test-method status="SKIP" signature="nameBefore(java.lang.reflect.Method)[pri:0, instance:qlytics.Regression.SignUpPageUiTest@366e2eef]" name="nameBefore" is-config="true" duration-ms="0" started-at="2019-08-23T16:08:32Z" finished-at="2019-08-23T16:08:32Z">
          <reporter-output>
          </reporter-output>
        </test-method> <!-- nameBefore -->
      </class> <!-- qlytics.Regression.SignUpPageUiTest -->
      <class name="qlytics.Regression.LoginValidationTest">
        <test-method status="SKIP" signature="setUp()[pri:0, instance:qlytics.Regression.LoginValidationTest@3cbbc1e0]" name="setUp" is-config="true" duration-ms="0" started-at="2019-08-23T16:08:32Z" finished-at="2019-08-23T16:08:32Z">
          <reporter-output>
          </reporter-output>
        </test-method> <!-- setUp -->
        <test-method status="SKIP" signature="aaasetUp(org.testng.ITestContext)[pri:0, instance:qlytics.Regression.LoginValidationTest@3cbbc1e0]" name="aaasetUp" is-config="true" duration-ms="0" started-at="2019-08-23T16:08:32Z" finished-at="2019-08-23T16:08:32Z">
          <reporter-output>
          </reporter-output>
        </test-method> <!-- aaasetUp -->
        <test-method status="SKIP" signature="nameBefore(java.lang.reflect.Method)[pri:0, instance:qlytics.Regression.LoginValidationTest@3cbbc1e0]" name="nameBefore" is-config="true" duration-ms="0" started-at="2019-08-23T16:08:32Z" finished-at="2019-08-23T16:08:32Z">
          <reporter-output>
          </reporter-output>
        </test-method> <!-- nameBefore -->
        <test-method status="SKIP" signature="nameBefore(java.lang.reflect.Method)[pri:0, instance:qlytics.Regression.LoginValidationTest@3cbbc1e0]" name="nameBefore" is-config="true" duration-ms="0" started-at="2019-08-23T16:08:32Z" finished-at="2019-08-23T16:08:32Z">
          <reporter-output>
          </reporter-output>
        </test-method> <!-- nameBefore -->
        <test-method status="SKIP" signature="testLoginValidation(java.lang.String, java.lang.String, java.lang.String, java.lang.String, java.lang.String, java.lang.String)[pri:0, instance:qlytics.Regression.LoginValidationTest@3cbbc1e0]" name="testLoginValidation" duration-ms="0" started-at="2019-08-23T16:08:32Z" data-provider="LoginValidation" finished-at="2019-08-23T16:08:32Z">
          <params>
            <param index="0">
              <value>
                <![CDATA[]]>
              </value>
            </param>
            <param index="1">
              <value>
                <![CDATA[Asdf@123]]>
              </value>
            </param>
            <param index="2">
              <value>
                <![CDATA[CAN'T BE BLANK]]>
              </value>
            </param>
            <param index="3">
              <value>
                <![CDATA[]]>
              </value>
            </param>
            <param index="4">
              <value>
                <![CDATA[]]>
              </value>
            </param>
            <param index="5">
              <value>
                <![CDATA[Yes]]>
              </value>
            </param>
          </params>
          <reporter-output>
          </reporter-output>
        </test-method> <!-- testLoginValidation -->
        <test-method status="SKIP" signature="testLoginValidation(java.lang.String, java.lang.String, java.lang.String, java.lang.String, java.lang.String, java.lang.String)[pri:0, instance:qlytics.Regression.LoginValidationTest@3cbbc1e0]" name="testLoginValidation" duration-ms="0" started-at="2019-08-23T16:08:32Z" data-provider="LoginValidation" finished-at="2019-08-23T16:08:32Z">
          <params>
            <param index="0">
              <value>
                <![CDATA[]]>
              </value>
            </param>
            <param index="1">
              <value>
                <![CDATA[]]>
              </value>
            </param>
            <param index="2">
              <value>
                <![CDATA[CAN'T BE BLANK]]>
              </value>
            </param>
            <param index="3">
              <value>
                <![CDATA[CAN'T BE BLANK]]>
              </value>
            </param>
            <param index="4">
              <value>
                <![CDATA[]]>
              </value>
            </param>
            <param index="5">
              <value>
                <![CDATA[Yes]]>
              </value>
            </param>
          </params>
          <reporter-output>
          </reporter-output>
        </test-method> <!-- testLoginValidation -->
        <test-method status="SKIP" signature="checkAlerts(org.testng.ITestResult)[pri:0, instance:qlytics.Regression.LoginValidationTest@3cbbc1e0]" name="checkAlerts" is-config="true" duration-ms="0" started-at="2019-08-23T16:08:32Z" finished-at="2019-08-23T16:08:32Z">
          <reporter-output>
          </reporter-output>
        </test-method> <!-- checkAlerts -->
        <test-method status="SKIP" signature="nameBefore(java.lang.reflect.Method)[pri:0, instance:qlytics.Regression.LoginValidationTest@3cbbc1e0]" name="nameBefore" is-config="true" duration-ms="0" started-at="2019-08-23T16:08:32Z" finished-at="2019-08-23T16:08:32Z">
          <reporter-output>
          </reporter-output>
        </test-method> <!-- nameBefore -->
        <test-method status="SKIP" signature="nameBefore(java.lang.reflect.Method)[pri:0, instance:qlytics.Regression.LoginValidationTest@3cbbc1e0]" name="nameBefore" is-config="true" duration-ms="0" started-at="2019-08-23T16:08:32Z" finished-at="2019-08-23T16:08:32Z">
          <reporter-output>
          </reporter-output>
        </test-method> <!-- nameBefore -->
        <test-method status="SKIP" signature="checkAlerts(org.testng.ITestResult)[pri:0, instance:qlytics.Regression.LoginValidationTest@3cbbc1e0]" name="checkAlerts" is-config="true" duration-ms="0" started-at="2019-08-23T16:08:32Z" finished-at="2019-08-23T16:08:32Z">
          <reporter-output>
          </reporter-output>
        </test-method> <!-- checkAlerts -->
        <test-method status="SKIP" signature="testLoginValidation(java.lang.String, java.lang.String, java.lang.String, java.lang.String, java.lang.String, java.lang.String)[pri:0, instance:qlytics.Regression.LoginValidationTest@3cbbc1e0]" name="testLoginValidation" duration-ms="0" started-at="2019-08-23T16:08:32Z" data-provider="LoginValidation" finished-at="2019-08-23T16:08:32Z">
          <params>
            <param index="0">
              <value>
                <![CDATA[imam@mailinator.com]]>
              </value>
            </param>
            <param index="1">
              <value>
                <![CDATA[Asdf@123]]>
              </value>
            </param>
            <param index="2">
              <value>
                <![CDATA[]]>
              </value>
            </param>
            <param index="3">
              <value>
                <![CDATA[]]>
              </value>
            </param>
            <param index="4">
              <value>
                <![CDATA[No active account found with the given credentials]]>
              </value>
            </param>
            <param index="5">
              <value>
                <![CDATA[Yes]]>
              </value>
            </param>
          </params>
          <reporter-output>
          </reporter-output>
        </test-method> <!-- testLoginValidation -->
        <test-method status="SKIP" signature="nameBefore(java.lang.reflect.Method)[pri:0, instance:qlytics.Regression.LoginValidationTest@3cbbc1e0]" name="nameBefore" is-config="true" duration-ms="0" started-at="2019-08-23T16:08:32Z" finished-at="2019-08-23T16:08:32Z">
          <reporter-output>
          </reporter-output>
        </test-method> <!-- nameBefore -->
        <test-method status="SKIP" signature="checkAlerts(org.testng.ITestResult)[pri:0, instance:qlytics.Regression.LoginValidationTest@3cbbc1e0]" name="checkAlerts" is-config="true" duration-ms="0" started-at="2019-08-23T16:08:32Z" finished-at="2019-08-23T16:08:32Z">
          <reporter-output>
          </reporter-output>
        </test-method> <!-- checkAlerts -->
        <test-method status="SKIP" signature="testLoginValidation(java.lang.String, java.lang.String, java.lang.String, java.lang.String, java.lang.String, java.lang.String)[pri:0, instance:qlytics.Regression.LoginValidationTest@3cbbc1e0]" name="testLoginValidation" duration-ms="0" started-at="2019-08-23T16:08:32Z" data-provider="LoginValidation" finished-at="2019-08-23T16:08:32Z">
          <params>
            <param index="0">
              <value>
                <![CDATA[asdf@gmail.com]]>
              </value>
            </param>
            <param index="1">
              <value>
                <![CDATA[]]>
              </value>
            </param>
            <param index="2">
              <value>
                <![CDATA[]]>
              </value>
            </param>
            <param index="3">
              <value>
                <![CDATA[CAN'T BE BLANK]]>
              </value>
            </param>
            <param index="4">
              <value>
                <![CDATA[]]>
              </value>
            </param>
            <param index="5">
              <value>
                <![CDATA[Yes]]>
              </value>
            </param>
          </params>
          <reporter-output>
          </reporter-output>
        </test-method> <!-- testLoginValidation -->
        <test-method status="SKIP" signature="checkAlerts(org.testng.ITestResult)[pri:0, instance:qlytics.Regression.LoginValidationTest@3cbbc1e0]" name="checkAlerts" is-config="true" duration-ms="0" started-at="2019-08-23T16:08:32Z" finished-at="2019-08-23T16:08:32Z">
          <reporter-output>
          </reporter-output>
        </test-method> <!-- checkAlerts -->
        <test-method status="SKIP" signature="testLoginValidation(java.lang.String, java.lang.String, java.lang.String, java.lang.String, java.lang.String, java.lang.String)[pri:0, instance:qlytics.Regression.LoginValidationTest@3cbbc1e0]" name="testLoginValidation" duration-ms="0" started-at="2019-08-23T16:08:32Z" data-provider="LoginValidation" finished-at="2019-08-23T16:08:32Z">
          <params>
            <param index="0">
              <value>
                <![CDATA[asdf]]>
              </value>
            </param>
            <param index="1">
              <value>
                <![CDATA[Asdf@123]]>
              </value>
            </param>
            <param index="2">
              <value>
                <![CDATA[NOT A VALID EMAIL]]>
              </value>
            </param>
            <param index="3">
              <value>
                <![CDATA[]]>
              </value>
            </param>
            <param index="4">
              <value>
                <![CDATA[]]>
              </value>
            </param>
            <param index="5">
              <value>
                <![CDATA[Yes]]>
              </value>
            </param>
          </params>
          <reporter-output>
          </reporter-output>
        </test-method> <!-- testLoginValidation -->
        <test-method status="SKIP" signature="checkAlerts(org.testng.ITestResult)[pri:0, instance:qlytics.Regression.LoginValidationTest@3cbbc1e0]" name="checkAlerts" is-config="true" duration-ms="0" started-at="2019-08-23T16:08:32Z" finished-at="2019-08-23T16:08:32Z">
          <reporter-output>
          </reporter-output>
        </test-method> <!-- checkAlerts -->
        <test-method status="SKIP" signature="nameBefore(java.lang.reflect.Method)[pri:0, instance:qlytics.Regression.LoginValidationTest@3cbbc1e0]" name="nameBefore" is-config="true" duration-ms="2" started-at="2019-08-23T16:08:32Z" finished-at="2019-08-23T16:08:32Z">
          <reporter-output>
          </reporter-output>
        </test-method> <!-- nameBefore -->
        <test-method status="SKIP" signature="checkAlerts(org.testng.ITestResult)[pri:0, instance:qlytics.Regression.LoginValidationTest@3cbbc1e0]" name="checkAlerts" is-config="true" duration-ms="0" started-at="2019-08-23T16:08:32Z" finished-at="2019-08-23T16:08:32Z">
          <reporter-output>
          </reporter-output>
        </test-method> <!-- checkAlerts -->
        <test-method status="SKIP" signature="nameBefore(java.lang.reflect.Method)[pri:0, instance:qlytics.Regression.LoginValidationTest@3cbbc1e0]" name="nameBefore" is-config="true" duration-ms="0" started-at="2019-08-23T16:08:32Z" finished-at="2019-08-23T16:08:32Z">
          <reporter-output>
          </reporter-output>
        </test-method> <!-- nameBefore -->
        <test-method status="SKIP" signature="checkAlerts(org.testng.ITestResult)[pri:0, instance:qlytics.Regression.LoginValidationTest@3cbbc1e0]" name="checkAlerts" is-config="true" duration-ms="0" started-at="2019-08-23T16:08:32Z" finished-at="2019-08-23T16:08:32Z">
          <reporter-output>
          </reporter-output>
        </test-method> <!-- checkAlerts -->
        <test-method status="SKIP" signature="nameBefore(java.lang.reflect.Method)[pri:0, instance:qlytics.Regression.LoginValidationTest@3cbbc1e0]" name="nameBefore" is-config="true" duration-ms="0" started-at="2019-08-23T16:08:32Z" finished-at="2019-08-23T16:08:32Z">
          <reporter-output>
          </reporter-output>
        </test-method> <!-- nameBefore -->
        <test-method status="SKIP" signature="testLoginValidation(java.lang.String, java.lang.String, java.lang.String, java.lang.String, java.lang.String, java.lang.String)[pri:0, instance:qlytics.Regression.LoginValidationTest@3cbbc1e0]" name="testLoginValidation" duration-ms="0" started-at="2019-08-23T16:08:32Z" data-provider="LoginValidation" finished-at="2019-08-23T16:08:32Z">
          <params>
            <param index="0">
              <value>
                <![CDATA[imam@mailinator.com]]>
              </value>
            </param>
            <param index="1">
              <value>
                <![CDATA[agam@zxc]]>
              </value>
            </param>
            <param index="2">
              <value>
                <![CDATA[]]>
              </value>
            </param>
            <param index="3">
              <value>
                <![CDATA[]]>
              </value>
            </param>
            <param index="4">
              <value>
                <![CDATA[No active account found with the given credentials]]>
              </value>
            </param>
            <param index="5">
              <value>
                <![CDATA[Yes]]>
              </value>
            </param>
          </params>
          <reporter-output>
          </reporter-output>
        </test-method> <!-- testLoginValidation -->
        <test-method status="SKIP" signature="testLoginValidation(java.lang.String, java.lang.String, java.lang.String, java.lang.String, java.lang.String, java.lang.String)[pri:0, instance:qlytics.Regression.LoginValidationTest@3cbbc1e0]" name="testLoginValidation" duration-ms="0" started-at="2019-08-23T16:08:32Z" data-provider="LoginValidation" finished-at="2019-08-23T16:08:32Z">
          <params>
            <param index="0">
              <value>
                <![CDATA[imam@mailinator.com]]>
              </value>
            </param>
            <param index="1">
              <value>
                <![CDATA[agam@123]]>
              </value>
            </param>
            <param index="2">
              <value>
                <![CDATA[]]>
              </value>
            </param>
            <param index="3">
              <value>
                <![CDATA[]]>
              </value>
            </param>
            <param index="4">
              <value>
                <![CDATA[No active account found with the given credentials]]>
              </value>
            </param>
            <param index="5">
              <value>
                <![CDATA[Yes]]>
              </value>
            </param>
          </params>
          <reporter-output>
          </reporter-output>
        </test-method> <!-- testLoginValidation -->
        <test-method status="SKIP" signature="testLoginValidation(java.lang.String, java.lang.String, java.lang.String, java.lang.String, java.lang.String, java.lang.String)[pri:0, instance:qlytics.Regression.LoginValidationTest@3cbbc1e0]" name="testLoginValidation" duration-ms="0" started-at="2019-08-23T16:08:32Z" data-provider="LoginValidation" finished-at="2019-08-23T16:08:32Z">
          <params>
            <param index="0">
              <value>
                <![CDATA[imam@mailinator.com]]>
              </value>
            </param>
            <param index="1">
              <value>
                <![CDATA[AGAM@123]]>
              </value>
            </param>
            <param index="2">
              <value>
                <![CDATA[]]>
              </value>
            </param>
            <param index="3">
              <value>
                <![CDATA[]]>
              </value>
            </param>
            <param index="4">
              <value>
                <![CDATA[No active account found with the given credentials]]>
              </value>
            </param>
            <param index="5">
              <value>
                <![CDATA[Yes]]>
              </value>
            </param>
          </params>
          <reporter-output>
          </reporter-output>
        </test-method> <!-- testLoginValidation -->
        <test-method status="SKIP" signature="nameBefore(java.lang.reflect.Method)[pri:0, instance:qlytics.Regression.LoginValidationTest@3cbbc1e0]" name="nameBefore" is-config="true" duration-ms="0" started-at="2019-08-23T16:08:32Z" finished-at="2019-08-23T16:08:32Z">
          <reporter-output>
          </reporter-output>
        </test-method> <!-- nameBefore -->
        <test-method status="SKIP" signature="testLoginValidation(java.lang.String, java.lang.String, java.lang.String, java.lang.String, java.lang.String, java.lang.String)[pri:0, instance:qlytics.Regression.LoginValidationTest@3cbbc1e0]" name="testLoginValidation" duration-ms="0" started-at="2019-08-23T16:08:32Z" data-provider="LoginValidation" finished-at="2019-08-23T16:08:32Z">
          <params>
            <param index="0">
              <value>
                <![CDATA[imam@mailinator.com]]>
              </value>
            </param>
            <param index="1">
              <value>
                <![CDATA[Agam@12]]>
              </value>
            </param>
            <param index="2">
              <value>
                <![CDATA[]]>
              </value>
            </param>
            <param index="3">
              <value>
                <![CDATA[]]>
              </value>
            </param>
            <param index="4">
              <value>
                <![CDATA[No active account found with the given credentials]]>
              </value>
            </param>
            <param index="5">
              <value>
                <![CDATA[Yes]]>
              </value>
            </param>
          </params>
          <reporter-output>
          </reporter-output>
        </test-method> <!-- testLoginValidation -->
        <test-method status="SKIP" signature="nameBefore(java.lang.reflect.Method)[pri:0, instance:qlytics.Regression.LoginValidationTest@3cbbc1e0]" name="nameBefore" is-config="true" duration-ms="0" started-at="2019-08-23T16:08:32Z" finished-at="2019-08-23T16:08:32Z">
          <reporter-output>
          </reporter-output>
        </test-method> <!-- nameBefore -->
        <test-method status="SKIP" signature="nameBefore(java.lang.reflect.Method)[pri:0, instance:qlytics.Regression.LoginValidationTest@3cbbc1e0]" name="nameBefore" is-config="true" duration-ms="0" started-at="2019-08-23T16:08:32Z" finished-at="2019-08-23T16:08:32Z">
          <reporter-output>
          </reporter-output>
        </test-method> <!-- nameBefore -->
        <test-method status="SKIP" signature="testLoginValidation(java.lang.String, java.lang.String, java.lang.String, java.lang.String, java.lang.String, java.lang.String)[pri:0, instance:qlytics.Regression.LoginValidationTest@3cbbc1e0]" name="testLoginValidation" duration-ms="0" started-at="2019-08-23T16:08:32Z" data-provider="LoginValidation" finished-at="2019-08-23T16:08:32Z">
          <params>
            <param index="0">
              <value>
                <![CDATA[5678@gmail.com]]>
              </value>
            </param>
            <param index="1">
              <value>
                <![CDATA[]]>
              </value>
            </param>
            <param index="2">
              <value>
                <![CDATA[]]>
              </value>
            </param>
            <param index="3">
              <value>
                <![CDATA[CAN'T BE BLANK]]>
              </value>
            </param>
            <param index="4">
              <value>
                <![CDATA[]]>
              </value>
            </param>
            <param index="5">
              <value>
                <![CDATA[Yes]]>
              </value>
            </param>
          </params>
          <reporter-output>
          </reporter-output>
        </test-method> <!-- testLoginValidation -->
        <test-method status="SKIP" signature="testLoginValidation(java.lang.String, java.lang.String, java.lang.String, java.lang.String, java.lang.String, java.lang.String)[pri:0, instance:qlytics.Regression.LoginValidationTest@3cbbc1e0]" name="testLoginValidation" duration-ms="0" started-at="2019-08-23T16:08:32Z" data-provider="LoginValidation" finished-at="2019-08-23T16:08:32Z">
          <params>
            <param index="0">
              <value>
                <![CDATA[jhon@gmail@gmail.com]]>
              </value>
            </param>
            <param index="1">
              <value>
                <![CDATA[]]>
              </value>
            </param>
            <param index="2">
              <value>
                <![CDATA[NOT A VALID EMAIL]]>
              </value>
            </param>
            <param index="3">
              <value>
                <![CDATA[CAN'T BE BLANK]]>
              </value>
            </param>
            <param index="4">
              <value>
                <![CDATA[]]>
              </value>
            </param>
            <param index="5">
              <value>
                <![CDATA[Yes]]>
              </value>
            </param>
          </params>
          <reporter-output>
          </reporter-output>
        </test-method> <!-- testLoginValidation -->
        <test-method status="SKIP" signature="checkAlerts(org.testng.ITestResult)[pri:0, instance:qlytics.Regression.LoginValidationTest@3cbbc1e0]" name="checkAlerts" is-config="true" duration-ms="0" started-at="2019-08-23T16:08:32Z" finished-at="2019-08-23T16:08:32Z">
          <reporter-output>
          </reporter-output>
        </test-method> <!-- checkAlerts -->
        <test-method status="SKIP" signature="checkAlerts(org.testng.ITestResult)[pri:0, instance:qlytics.Regression.LoginValidationTest@3cbbc1e0]" name="checkAlerts" is-config="true" duration-ms="0" started-at="2019-08-23T16:08:32Z" finished-at="2019-08-23T16:08:32Z">
          <reporter-output>
          </reporter-output>
        </test-method> <!-- checkAlerts -->
        <test-method status="SKIP" signature="checkAlerts(org.testng.ITestResult)[pri:0, instance:qlytics.Regression.LoginValidationTest@3cbbc1e0]" name="checkAlerts" is-config="true" duration-ms="0" started-at="2019-08-23T16:08:32Z" finished-at="2019-08-23T16:08:32Z">
          <reporter-output>
          </reporter-output>
        </test-method> <!-- checkAlerts -->
        <test-method status="SKIP" signature="checkAlerts(org.testng.ITestResult)[pri:0, instance:qlytics.Regression.LoginValidationTest@3cbbc1e0]" name="checkAlerts" is-config="true" duration-ms="0" started-at="2019-08-23T16:08:32Z" finished-at="2019-08-23T16:08:32Z">
          <reporter-output>
          </reporter-output>
        </test-method> <!-- checkAlerts -->
        <test-method status="SKIP" signature="checkAlerts(org.testng.ITestResult)[pri:0, instance:qlytics.Regression.LoginValidationTest@3cbbc1e0]" name="checkAlerts" is-config="true" duration-ms="0" started-at="2019-08-23T16:08:32Z" finished-at="2019-08-23T16:08:32Z">
          <reporter-output>
          </reporter-output>
        </test-method> <!-- checkAlerts -->
        <test-method status="SKIP" signature="testLoginValidation(java.lang.String, java.lang.String, java.lang.String, java.lang.String, java.lang.String, java.lang.String)[pri:0, instance:qlytics.Regression.LoginValidationTest@3cbbc1e0]" name="testLoginValidation" duration-ms="0" started-at="2019-08-23T16:08:32Z" data-provider="LoginValidation" finished-at="2019-08-23T16:08:32Z">
          <params>
            <param index="0">
              <value>
                <![CDATA[jhon@gmail]]>
              </value>
            </param>
            <param index="1">
              <value>
                <![CDATA[]]>
              </value>
            </param>
            <param index="2">
              <value>
                <![CDATA[]]>
              </value>
            </param>
            <param index="3">
              <value>
                <![CDATA[CAN'T BE BLANK]]>
              </value>
            </param>
            <param index="4">
              <value>
                <![CDATA[]]>
              </value>
            </param>
            <param index="5">
              <value>
                <![CDATA[Yes]]>
              </value>
            </param>
          </params>
          <reporter-output>
          </reporter-output>
        </test-method> <!-- testLoginValidation -->
        <test-method status="SKIP" signature="nameBefore(java.lang.reflect.Method)[pri:0, instance:qlytics.Regression.LoginValidationTest@3cbbc1e0]" name="nameBefore" is-config="true" duration-ms="0" started-at="2019-08-23T16:08:32Z" finished-at="2019-08-23T16:08:32Z">
          <reporter-output>
          </reporter-output>
        </test-method> <!-- nameBefore -->
        <test-method status="SKIP" signature="nameBefore(java.lang.reflect.Method)[pri:0, instance:qlytics.Regression.LoginValidationTest@3cbbc1e0]" name="nameBefore" is-config="true" duration-ms="0" started-at="2019-08-23T16:08:32Z" finished-at="2019-08-23T16:08:32Z">
          <reporter-output>
          </reporter-output>
        </test-method> <!-- nameBefore -->
        <test-method status="SKIP" signature="checkAlerts(org.testng.ITestResult)[pri:0, instance:qlytics.Regression.LoginValidationTest@3cbbc1e0]" name="checkAlerts" is-config="true" duration-ms="0" started-at="2019-08-23T16:08:32Z" finished-at="2019-08-23T16:08:32Z">
          <reporter-output>
          </reporter-output>
        </test-method> <!-- checkAlerts -->
        <test-method status="SKIP" signature="testLoginValidation(java.lang.String, java.lang.String, java.lang.String, java.lang.String, java.lang.String, java.lang.String)[pri:0, instance:qlytics.Regression.LoginValidationTest@3cbbc1e0]" name="testLoginValidation" duration-ms="0" started-at="2019-08-23T16:08:32Z" data-provider="LoginValidation" finished-at="2019-08-23T16:08:32Z">
          <params>
            <param index="0">
              <value>
                <![CDATA[jhon@.com]]>
              </value>
            </param>
            <param index="1">
              <value>
                <![CDATA[]]>
              </value>
            </param>
            <param index="2">
              <value>
                <![CDATA[NOT A VALID EMAIL]]>
              </value>
            </param>
            <param index="3">
              <value>
                <![CDATA[CAN'T BE BLANK]]>
              </value>
            </param>
            <param index="4">
              <value>
                <![CDATA[]]>
              </value>
            </param>
            <param index="5">
              <value>
                <![CDATA[Yes]]>
              </value>
            </param>
          </params>
          <reporter-output>
          </reporter-output>
        </test-method> <!-- testLoginValidation -->
        <test-method status="SKIP" signature="checkAlerts(org.testng.ITestResult)[pri:0, instance:qlytics.Regression.LoginValidationTest@3cbbc1e0]" name="checkAlerts" is-config="true" duration-ms="0" started-at="2019-08-23T16:08:32Z" finished-at="2019-08-23T16:08:32Z">
          <reporter-output>
          </reporter-output>
        </test-method> <!-- checkAlerts -->
        <test-method status="SKIP" signature="nameBefore(java.lang.reflect.Method)[pri:0, instance:qlytics.Regression.LoginValidationTest@3cbbc1e0]" name="nameBefore" is-config="true" duration-ms="0" started-at="2019-08-23T16:08:32Z" finished-at="2019-08-23T16:08:32Z">
          <reporter-output>
          </reporter-output>
        </test-method> <!-- nameBefore -->
        <test-method status="SKIP" signature="testLoginValidation(java.lang.String, java.lang.String, java.lang.String, java.lang.String, java.lang.String, java.lang.String)[pri:0, instance:qlytics.Regression.LoginValidationTest@3cbbc1e0]" name="testLoginValidation" duration-ms="0" started-at="2019-08-23T16:08:32Z" data-provider="LoginValidation" finished-at="2019-08-23T16:08:32Z">
          <params>
            <param index="0">
              <value>
                <![CDATA[jhon@gmail..com]]>
              </value>
            </param>
            <param index="1">
              <value>
                <![CDATA[]]>
              </value>
            </param>
            <param index="2">
              <value>
                <![CDATA[NOT A VALID EMAIL]]>
              </value>
            </param>
            <param index="3">
              <value>
                <![CDATA[CAN'T BE BLANK]]>
              </value>
            </param>
            <param index="4">
              <value>
                <![CDATA[]]>
              </value>
            </param>
            <param index="5">
              <value>
                <![CDATA[Yes]]>
              </value>
            </param>
          </params>
          <reporter-output>
          </reporter-output>
        </test-method> <!-- testLoginValidation -->
        <test-method status="SKIP" signature="testLoginValidation(java.lang.String, java.lang.String, java.lang.String, java.lang.String, java.lang.String, java.lang.String)[pri:0, instance:qlytics.Regression.LoginValidationTest@3cbbc1e0]" name="testLoginValidation" duration-ms="0" started-at="2019-08-23T16:08:32Z" data-provider="LoginValidation" finished-at="2019-08-23T16:08:32Z">
          <params>
            <param index="0">
              <value>
                <![CDATA[jhon+smith@gmail.com]]>
              </value>
            </param>
            <param index="1">
              <value>
                <![CDATA[]]>
              </value>
            </param>
            <param index="2">
              <value>
                <![CDATA[]]>
              </value>
            </param>
            <param index="3">
              <value>
                <![CDATA[CAN'T BE BLANK]]>
              </value>
            </param>
            <param index="4">
              <value>
                <![CDATA[]]>
              </value>
            </param>
            <param index="5">
              <value>
                <![CDATA[Yes]]>
              </value>
            </param>
          </params>
          <reporter-output>
          </reporter-output>
        </test-method> <!-- testLoginValidation -->
        <test-method status="SKIP" signature="testLoginValidation(java.lang.String, java.lang.String, java.lang.String, java.lang.String, java.lang.String, java.lang.String)[pri:0, instance:qlytics.Regression.LoginValidationTest@3cbbc1e0]" name="testLoginValidation" duration-ms="0" started-at="2019-08-23T16:08:32Z" data-provider="LoginValidation" finished-at="2019-08-23T16:08:32Z">
          <params>
            <param index="0">
              <value>
                <![CDATA[567]]>
              </value>
            </param>
            <param index="1">
              <value>
                <![CDATA[]]>
              </value>
            </param>
            <param index="2">
              <value>
                <![CDATA[NOT A VALID EMAIL]]>
              </value>
            </param>
            <param index="3">
              <value>
                <![CDATA[CAN'T BE BLANK]]>
              </value>
            </param>
            <param index="4">
              <value>
                <![CDATA[]]>
              </value>
            </param>
            <param index="5">
              <value>
                <![CDATA[Yes]]>
              </value>
            </param>
          </params>
          <reporter-output>
          </reporter-output>
        </test-method> <!-- testLoginValidation -->
        <test-method status="SKIP" signature="nameBefore(java.lang.reflect.Method)[pri:0, instance:qlytics.Regression.LoginValidationTest@3cbbc1e0]" name="nameBefore" is-config="true" duration-ms="0" started-at="2019-08-23T16:08:32Z" finished-at="2019-08-23T16:08:32Z">
          <reporter-output>
          </reporter-output>
        </test-method> <!-- nameBefore -->
        <test-method status="SKIP" signature="checkAlerts(org.testng.ITestResult)[pri:0, instance:qlytics.Regression.LoginValidationTest@3cbbc1e0]" name="checkAlerts" is-config="true" duration-ms="0" started-at="2019-08-23T16:08:32Z" finished-at="2019-08-23T16:08:32Z">
          <reporter-output>
          </reporter-output>
        </test-method> <!-- checkAlerts -->
        <test-method status="SKIP" signature="nameBefore(java.lang.reflect.Method)[pri:0, instance:qlytics.Regression.LoginValidationTest@3cbbc1e0]" name="nameBefore" is-config="true" duration-ms="0" started-at="2019-08-23T16:08:32Z" finished-at="2019-08-23T16:08:32Z">
          <reporter-output>
          </reporter-output>
        </test-method> <!-- nameBefore -->
        <test-method status="SKIP" signature="checkAlerts(org.testng.ITestResult)[pri:0, instance:qlytics.Regression.LoginValidationTest@3cbbc1e0]" name="checkAlerts" is-config="true" duration-ms="0" started-at="2019-08-23T16:08:32Z" finished-at="2019-08-23T16:08:32Z">
          <reporter-output>
          </reporter-output>
        </test-method> <!-- checkAlerts -->
        <test-method status="SKIP" signature="testLoginValidation(java.lang.String, java.lang.String, java.lang.String, java.lang.String, java.lang.String, java.lang.String)[pri:0, instance:qlytics.Regression.LoginValidationTest@3cbbc1e0]" name="testLoginValidation" duration-ms="0" started-at="2019-08-23T16:08:32Z" data-provider="LoginValidation" finished-at="2019-08-23T16:08:32Z">
          <params>
            <param index="0">
              <value>
                <![CDATA[jhon@mailinator.com]]>
              </value>
            </param>
            <param index="1">
              <value>
                <![CDATA[]]>
              </value>
            </param>
            <param index="2">
              <value>
                <![CDATA[]]>
              </value>
            </param>
            <param index="3">
              <value>
                <![CDATA[CAN'T BE BLANK]]>
              </value>
            </param>
            <param index="4">
              <value>
                <![CDATA[]]>
              </value>
            </param>
            <param index="5">
              <value>
                <![CDATA[Yes]]>
              </value>
            </param>
          </params>
          <reporter-output>
          </reporter-output>
        </test-method> <!-- testLoginValidation -->
        <test-method status="SKIP" signature="nameBefore(java.lang.reflect.Method)[pri:0, instance:qlytics.Regression.LoginValidationTest@3cbbc1e0]" name="nameBefore" is-config="true" duration-ms="0" started-at="2019-08-23T16:08:32Z" finished-at="2019-08-23T16:08:32Z">
          <reporter-output>
          </reporter-output>
        </test-method> <!-- nameBefore -->
        <test-method status="SKIP" signature="testLoginValidation(java.lang.String, java.lang.String, java.lang.String, java.lang.String, java.lang.String, java.lang.String)[pri:0, instance:qlytics.Regression.LoginValidationTest@3cbbc1e0]" name="testLoginValidation" duration-ms="0" started-at="2019-08-23T16:08:32Z" data-provider="LoginValidation" finished-at="2019-08-23T16:08:32Z">
          <params>
            <param index="0">
              <value>
                <![CDATA[jhon.smith@mailinator.com]]>
              </value>
            </param>
            <param index="1">
              <value>
                <![CDATA[]]>
              </value>
            </param>
            <param index="2">
              <value>
                <![CDATA[]]>
              </value>
            </param>
            <param index="3">
              <value>
                <![CDATA[CAN'T BE BLANK]]>
              </value>
            </param>
            <param index="4">
              <value>
                <![CDATA[]]>
              </value>
            </param>
            <param index="5">
              <value>
                <![CDATA[Yes]]>
              </value>
            </param>
          </params>
          <reporter-output>
          </reporter-output>
        </test-method> <!-- testLoginValidation -->
        <test-method status="SKIP" signature="nameBefore(java.lang.reflect.Method)[pri:0, instance:qlytics.Regression.LoginValidationTest@3cbbc1e0]" name="nameBefore" is-config="true" duration-ms="0" started-at="2019-08-23T16:08:32Z" finished-at="2019-08-23T16:08:32Z">
          <reporter-output>
          </reporter-output>
        </test-method> <!-- nameBefore -->
        <test-method status="SKIP" signature="checkAlerts(org.testng.ITestResult)[pri:0, instance:qlytics.Regression.LoginValidationTest@3cbbc1e0]" name="checkAlerts" is-config="true" duration-ms="0" started-at="2019-08-23T16:08:32Z" finished-at="2019-08-23T16:08:32Z">
          <reporter-output>
          </reporter-output>
        </test-method> <!-- checkAlerts -->
        <test-method status="SKIP" signature="checkAlerts(org.testng.ITestResult)[pri:0, instance:qlytics.Regression.LoginValidationTest@3cbbc1e0]" name="checkAlerts" is-config="true" duration-ms="0" started-at="2019-08-23T16:08:32Z" finished-at="2019-08-23T16:08:32Z">
          <reporter-output>
          </reporter-output>
        </test-method> <!-- checkAlerts -->
        <test-method status="SKIP" signature="checkAlerts(org.testng.ITestResult)[pri:0, instance:qlytics.Regression.LoginValidationTest@3cbbc1e0]" name="checkAlerts" is-config="true" duration-ms="0" started-at="2019-08-23T16:08:32Z" finished-at="2019-08-23T16:08:32Z">
          <reporter-output>
          </reporter-output>
        </test-method> <!-- checkAlerts -->
        <test-method status="SKIP" signature="testLoginValidation(java.lang.String, java.lang.String, java.lang.String, java.lang.String, java.lang.String, java.lang.String)[pri:0, instance:qlytics.Regression.LoginValidationTest@3cbbc1e0]" name="testLoginValidation" duration-ms="0" started-at="2019-08-23T16:08:32Z" data-provider="LoginValidation" finished-at="2019-08-23T16:08:32Z">
          <params>
            <param index="0">
              <value>
                <![CDATA[jhon@mailinator.com]]>
              </value>
            </param>
            <param index="1">
              <value>
                <![CDATA[]]>
              </value>
            </param>
            <param index="2">
              <value>
                <![CDATA[NOT A VALID EMAIL]]>
              </value>
            </param>
            <param index="3">
              <value>
                <![CDATA[CAN'T BE BLANK]]>
              </value>
            </param>
            <param index="4">
              <value>
                <![CDATA[]]>
              </value>
            </param>
            <param index="5">
              <value>
                <![CDATA[Yes]]>
              </value>
            </param>
          </params>
          <reporter-output>
          </reporter-output>
        </test-method> <!-- testLoginValidation -->
        <test-method status="SKIP" signature="testLoginValidation(java.lang.String, java.lang.String, java.lang.String, java.lang.String, java.lang.String, java.lang.String)[pri:0, instance:qlytics.Regression.LoginValidationTest@3cbbc1e0]" name="testLoginValidation" duration-ms="1" started-at="2019-08-23T16:08:32Z" data-provider="LoginValidation" finished-at="2019-08-23T16:08:32Z">
          <params>
            <param index="0">
              <value>
                <![CDATA[jhon@mailinator-one.com]]>
              </value>
            </param>
            <param index="1">
              <value>
                <![CDATA[]]>
              </value>
            </param>
            <param index="2">
              <value>
                <![CDATA[]]>
              </value>
            </param>
            <param index="3">
              <value>
                <![CDATA[CAN'T BE BLANK]]>
              </value>
            </param>
            <param index="4">
              <value>
                <![CDATA[]]>
              </value>
            </param>
            <param index="5">
              <value>
                <![CDATA[Yes]]>
              </value>
            </param>
          </params>
          <reporter-output>
          </reporter-output>
        </test-method> <!-- testLoginValidation -->
        <test-method status="SKIP" signature="nameBefore(java.lang.reflect.Method)[pri:0, instance:qlytics.Regression.LoginValidationTest@3cbbc1e0]" name="nameBefore" is-config="true" duration-ms="0" started-at="2019-08-23T16:08:32Z" finished-at="2019-08-23T16:08:32Z">
          <reporter-output>
          </reporter-output>
        </test-method> <!-- nameBefore -->
        <test-method status="SKIP" signature="nameBefore(java.lang.reflect.Method)[pri:0, instance:qlytics.Regression.LoginValidationTest@3cbbc1e0]" name="nameBefore" is-config="true" duration-ms="0" started-at="2019-08-23T16:08:32Z" finished-at="2019-08-23T16:08:32Z">
          <reporter-output>
          </reporter-output>
        </test-method> <!-- nameBefore -->
        <test-method status="SKIP" signature="checkAlerts(org.testng.ITestResult)[pri:0, instance:qlytics.Regression.LoginValidationTest@3cbbc1e0]" name="checkAlerts" is-config="true" duration-ms="0" started-at="2019-08-23T16:08:32Z" finished-at="2019-08-23T16:08:32Z">
          <reporter-output>
          </reporter-output>
        </test-method> <!-- checkAlerts -->
        <test-method status="SKIP" signature="testLoginValidation(java.lang.String, java.lang.String, java.lang.String, java.lang.String, java.lang.String, java.lang.String)[pri:0, instance:qlytics.Regression.LoginValidationTest@3cbbc1e0]" name="testLoginValidation" duration-ms="0" started-at="2019-08-23T16:08:32Z" data-provider="LoginValidation" finished-at="2019-08-23T16:08:32Z">
          <params>
            <param index="0">
              <value>
                <![CDATA[Jhon@123.123.123.123]]>
              </value>
            </param>
            <param index="1">
              <value>
                <![CDATA[]]>
              </value>
            </param>
            <param index="2">
              <value>
                <![CDATA[]]>
              </value>
            </param>
            <param index="3">
              <value>
                <![CDATA[CAN'T BE BLANK]]>
              </value>
            </param>
            <param index="4">
              <value>
                <![CDATA[]]>
              </value>
            </param>
            <param index="5">
              <value>
                <![CDATA[Yes]]>
              </value>
            </param>
          </params>
          <reporter-output>
          </reporter-output>
        </test-method> <!-- testLoginValidation -->
        <test-method status="SKIP" signature="nameBefore(java.lang.reflect.Method)[pri:0, instance:qlytics.Regression.LoginValidationTest@3cbbc1e0]" name="nameBefore" is-config="true" duration-ms="0" started-at="2019-08-23T16:08:32Z" finished-at="2019-08-23T16:08:32Z">
          <reporter-output>
          </reporter-output>
        </test-method> <!-- nameBefore -->
        <test-method status="SKIP" signature="nameBefore(java.lang.reflect.Method)[pri:0, instance:qlytics.Regression.LoginValidationTest@3cbbc1e0]" name="nameBefore" is-config="true" duration-ms="0" started-at="2019-08-23T16:08:32Z" finished-at="2019-08-23T16:08:32Z">
          <reporter-output>
          </reporter-output>
        </test-method> <!-- nameBefore -->
        <test-method status="SKIP" signature="testLoginValidation(java.lang.String, java.lang.String, java.lang.String, java.lang.String, java.lang.String, java.lang.String)[pri:0, instance:qlytics.Regression.LoginValidationTest@3cbbc1e0]" name="testLoginValidation" duration-ms="1" started-at="2019-08-23T16:08:32Z" data-provider="LoginValidation" finished-at="2019-08-23T16:08:32Z">
          <params>
            <param index="0">
              <value>
                <![CDATA[jhon@mailinator.co.jp]]>
              </value>
            </param>
            <param index="1">
              <value>
                <![CDATA[]]>
              </value>
            </param>
            <param index="2">
              <value>
                <![CDATA[]]>
              </value>
            </param>
            <param index="3">
              <value>
                <![CDATA[CAN'T BE BLANK]]>
              </value>
            </param>
            <param index="4">
              <value>
                <![CDATA[]]>
              </value>
            </param>
            <param index="5">
              <value>
                <![CDATA[Yes]]>
              </value>
            </param>
          </params>
          <reporter-output>
          </reporter-output>
        </test-method> <!-- testLoginValidation -->
        <test-method status="SKIP" signature="checkAlerts(org.testng.ITestResult)[pri:0, instance:qlytics.Regression.LoginValidationTest@3cbbc1e0]" name="checkAlerts" is-config="true" duration-ms="0" started-at="2019-08-23T16:08:32Z" finished-at="2019-08-23T16:08:32Z">
          <reporter-output>
          </reporter-output>
        </test-method> <!-- checkAlerts -->
        <test-method status="SKIP" signature="testLoginValidation(java.lang.String, java.lang.String, java.lang.String, java.lang.String, java.lang.String, java.lang.String)[pri:0, instance:qlytics.Regression.LoginValidationTest@3cbbc1e0]" name="testLoginValidation" duration-ms="0" started-at="2019-08-23T16:08:32Z" data-provider="LoginValidation" finished-at="2019-08-23T16:08:32Z">
          <params>
            <param index="0">
              <value>
                <![CDATA[jhon@mailinator.name]]>
              </value>
            </param>
            <param index="1">
              <value>
                <![CDATA[]]>
              </value>
            </param>
            <param index="2">
              <value>
                <![CDATA[]]>
              </value>
            </param>
            <param index="3">
              <value>
                <![CDATA[CAN'T BE BLANK]]>
              </value>
            </param>
            <param index="4">
              <value>
                <![CDATA[]]>
              </value>
            </param>
            <param index="5">
              <value>
                <![CDATA[Yes]]>
              </value>
            </param>
          </params>
          <reporter-output>
          </reporter-output>
        </test-method> <!-- testLoginValidation -->
        <test-method status="SKIP" signature="checkAlerts(org.testng.ITestResult)[pri:0, instance:qlytics.Regression.LoginValidationTest@3cbbc1e0]" name="checkAlerts" is-config="true" duration-ms="0" started-at="2019-08-23T16:08:32Z" finished-at="2019-08-23T16:08:32Z">
          <reporter-output>
          </reporter-output>
        </test-method> <!-- checkAlerts -->
        <test-method status="SKIP" signature="nameBefore(java.lang.reflect.Method)[pri:0, instance:qlytics.Regression.LoginValidationTest@3cbbc1e0]" name="nameBefore" is-config="true" duration-ms="0" started-at="2019-08-23T16:08:32Z" finished-at="2019-08-23T16:08:32Z">
          <reporter-output>
          </reporter-output>
        </test-method> <!-- nameBefore -->
        <test-method status="SKIP" signature="checkAlerts(org.testng.ITestResult)[pri:0, instance:qlytics.Regression.LoginValidationTest@3cbbc1e0]" name="checkAlerts" is-config="true" duration-ms="0" started-at="2019-08-23T16:08:32Z" finished-at="2019-08-23T16:08:32Z">
          <reporter-output>
          </reporter-output>
        </test-method> <!-- checkAlerts -->
        <test-method status="SKIP" signature="checkAlerts(org.testng.ITestResult)[pri:0, instance:qlytics.Regression.LoginValidationTest@3cbbc1e0]" name="checkAlerts" is-config="true" duration-ms="0" started-at="2019-08-23T16:08:32Z" finished-at="2019-08-23T16:08:32Z">
          <reporter-output>
          </reporter-output>
        </test-method> <!-- checkAlerts -->
        <test-method status="SKIP" signature="testLoginValidation(java.lang.String, java.lang.String, java.lang.String, java.lang.String, java.lang.String, java.lang.String)[pri:0, instance:qlytics.Regression.LoginValidationTest@3cbbc1e0]" name="testLoginValidation" duration-ms="0" started-at="2019-08-23T16:08:32Z" data-provider="LoginValidation" finished-at="2019-08-23T16:08:32Z">
          <params>
            <param index="0">
              <value>
                <![CDATA[jhon-smith@mailinator.com]]>
              </value>
            </param>
            <param index="1">
              <value>
                <![CDATA[]]>
              </value>
            </param>
            <param index="2">
              <value>
                <![CDATA[]]>
              </value>
            </param>
            <param index="3">
              <value>
                <![CDATA[CAN'T BE BLANK]]>
              </value>
            </param>
            <param index="4">
              <value>
                <![CDATA[]]>
              </value>
            </param>
            <param index="5">
              <value>
                <![CDATA[Yes]]>
              </value>
            </param>
          </params>
          <reporter-output>
          </reporter-output>
        </test-method> <!-- testLoginValidation -->
        <test-method status="SKIP" signature="nameBefore(java.lang.reflect.Method)[pri:0, instance:qlytics.Regression.LoginValidationTest@3cbbc1e0]" name="nameBefore" is-config="true" duration-ms="0" started-at="2019-08-23T16:08:32Z" finished-at="2019-08-23T16:08:32Z">
          <reporter-output>
          </reporter-output>
        </test-method> <!-- nameBefore -->
        <test-method status="FAIL" signature="quitBrowser()[pri:0, instance:qlytics.Regression.LoginValidationTest@3cbbc1e0]" name="quitBrowser" is-config="true" duration-ms="0" started-at="2019-08-23T16:08:32Z" finished-at="2019-08-23T16:08:32Z">
          <exception class="java.lang.NullPointerException">
            <full-stacktrace>
              <![CDATA[java.lang.NullPointerException
	at qlytics.Regression.LoginValidationTest.quitBrowser(LoginValidationTest.java:85)
	at sun.reflect.NativeMethodAccessorImpl.invoke0(Native Method)
	at sun.reflect.NativeMethodAccessorImpl.invoke(NativeMethodAccessorImpl.java:62)
	at sun.reflect.DelegatingMethodAccessorImpl.invoke(DelegatingMethodAccessorImpl.java:43)
	at java.lang.reflect.Method.invoke(Method.java:498)
	at org.testng.internal.MethodInvocationHelper.invokeMethod(MethodInvocationHelper.java:80)
	at org.testng.internal.Invoker.invokeConfigurationMethod(Invoker.java:564)
	at org.testng.internal.Invoker.invokeConfigurations(Invoker.java:213)
	at org.testng.internal.Invoker.invokeConfigurations(Invoker.java:138)
	at org.testng.internal.TestMethodWorker.invokeAfterClassMethods(TestMethodWorker.java:225)
	at org.testng.internal.TestMethodWorker.run(TestMethodWorker.java:114)
	at org.testng.TestRunner.privateRun(TestRunner.java:767)
	at org.testng.TestRunner.run(TestRunner.java:617)
	at org.testng.SuiteRunner.runTest(SuiteRunner.java:334)
	at org.testng.SuiteRunner.runSequentially(SuiteRunner.java:329)
	at org.testng.SuiteRunner.privateRun(SuiteRunner.java:291)
	at org.testng.SuiteRunner.run(SuiteRunner.java:240)
	at org.testng.SuiteRunnerWorker.runSuite(SuiteRunnerWorker.java:52)
	at org.testng.SuiteRunnerWorker.run(SuiteRunnerWorker.java:86)
	at org.testng.TestNG.runSuitesSequentially(TestNG.java:1198)
	at org.testng.TestNG.runSuitesLocally(TestNG.java:1123)
	at org.testng.TestNG.run(TestNG.java:1031)
	at org.apache.maven.surefire.testng.TestNGExecutor.run(TestNGExecutor.java:77)
	at org.apache.maven.surefire.testng.TestNGDirectoryTestSuite.executeMulti(TestNGDirectoryTestSuite.java:159)
	at org.apache.maven.surefire.testng.TestNGDirectoryTestSuite.execute(TestNGDirectoryTestSuite.java:99)
	at org.apache.maven.surefire.testng.TestNGProvider.invoke(TestNGProvider.java:106)
	at sun.reflect.NativeMethodAccessorImpl.invoke0(Native Method)
	at sun.reflect.NativeMethodAccessorImpl.invoke(NativeMethodAccessorImpl.java:62)
	at sun.reflect.DelegatingMethodAccessorImpl.invoke(DelegatingMethodAccessorImpl.java:43)
	at java.lang.reflect.Method.invoke(Method.java:498)
	at org.apache.maven.surefire.util.ReflectionUtils.invokeMethodWithArray(ReflectionUtils.java:189)
	at org.apache.maven.surefire.booter.ProviderFactory$ProviderProxy.invoke(ProviderFactory.java:165)
	at org.apache.maven.surefire.booter.ProviderFactory.invokeProvider(ProviderFactory.java:85)
	at org.apache.maven.surefire.booter.ForkedBooter.runSuitesInProcess(ForkedBooter.java:115)
	at org.apache.maven.surefire.booter.ForkedBooter.main(ForkedBooter.java:75)
]]>
            </full-stacktrace>
          </exception> <!-- java.lang.NullPointerException -->
          <reporter-output>
          </reporter-output>
        </test-method> <!-- quitBrowser -->
      </class> <!-- qlytics.Regression.LoginValidationTest -->
      <class name="qlytics.Regression.SignUpFunctionalityTest">
        <test-method status="SKIP" signature="setUp()[pri:0, instance:qlytics.Regression.SignUpFunctionalityTest@36f6e879]" name="setUp" is-config="true" duration-ms="0" started-at="2019-08-23T16:08:31Z" finished-at="2019-08-23T16:08:31Z">
          <reporter-output>
          </reporter-output>
        </test-method> <!-- setUp -->
        <test-method status="SKIP" signature="aaasetUp(org.testng.ITestContext)[pri:0, instance:qlytics.Regression.SignUpFunctionalityTest@36f6e879]" name="aaasetUp" is-config="true" duration-ms="0" started-at="2019-08-23T16:08:31Z" finished-at="2019-08-23T16:08:31Z">
          <reporter-output>
          </reporter-output>
        </test-method> <!-- aaasetUp -->
        <test-method status="SKIP" signature="signUpFunctionalityTest()[pri:0, instance:qlytics.Regression.SignUpFunctionalityTest@36f6e879]" name="signUpFunctionalityTest" duration-ms="0" started-at="2019-08-23T16:08:31Z" finished-at="2019-08-23T16:08:31Z">
          <reporter-output>
          </reporter-output>
        </test-method> <!-- signUpFunctionalityTest -->
        <test-method status="SKIP" signature="checkAlerts(org.testng.ITestResult)[pri:0, instance:qlytics.Regression.SignUpFunctionalityTest@36f6e879]" name="checkAlerts" is-config="true" duration-ms="0" started-at="2019-08-23T16:08:31Z" finished-at="2019-08-23T16:08:31Z">
          <reporter-output>
          </reporter-output>
        </test-method> <!-- checkAlerts -->
        <test-method status="SKIP" signature="nameBefore(java.lang.reflect.Method)[pri:0, instance:qlytics.Regression.SignUpFunctionalityTest@36f6e879]" name="nameBefore" is-config="true" duration-ms="0" started-at="2019-08-23T16:08:31Z" finished-at="2019-08-23T16:08:31Z">
          <reporter-output>
          </reporter-output>
        </test-method> <!-- nameBefore -->
        <test-method status="FAIL" signature="quitBrowser()[pri:0, instance:qlytics.Regression.SignUpFunctionalityTest@36f6e879]" name="quitBrowser" is-config="true" duration-ms="0" started-at="2019-08-23T16:08:31Z" finished-at="2019-08-23T16:08:31Z">
          <exception class="java.lang.NullPointerException">
            <full-stacktrace>
              <![CDATA[java.lang.NullPointerException
	at qlytics.Lib.TestBase.quitBrowser(TestBase.java:129)
	at sun.reflect.NativeMethodAccessorImpl.invoke0(Native Method)
	at sun.reflect.NativeMethodAccessorImpl.invoke(NativeMethodAccessorImpl.java:62)
	at sun.reflect.DelegatingMethodAccessorImpl.invoke(DelegatingMethodAccessorImpl.java:43)
	at java.lang.reflect.Method.invoke(Method.java:498)
	at org.testng.internal.MethodInvocationHelper.invokeMethod(MethodInvocationHelper.java:80)
	at org.testng.internal.Invoker.invokeConfigurationMethod(Invoker.java:564)
	at org.testng.internal.Invoker.invokeConfigurations(Invoker.java:213)
	at org.testng.internal.Invoker.invokeConfigurations(Invoker.java:138)
	at org.testng.internal.TestMethodWorker.invokeAfterClassMethods(TestMethodWorker.java:225)
	at org.testng.internal.TestMethodWorker.run(TestMethodWorker.java:114)
	at org.testng.TestRunner.privateRun(TestRunner.java:767)
	at org.testng.TestRunner.run(TestRunner.java:617)
	at org.testng.SuiteRunner.runTest(SuiteRunner.java:334)
	at org.testng.SuiteRunner.runSequentially(SuiteRunner.java:329)
	at org.testng.SuiteRunner.privateRun(SuiteRunner.java:291)
	at org.testng.SuiteRunner.run(SuiteRunner.java:240)
	at org.testng.SuiteRunnerWorker.runSuite(SuiteRunnerWorker.java:52)
	at org.testng.SuiteRunnerWorker.run(SuiteRunnerWorker.java:86)
	at org.testng.TestNG.runSuitesSequentially(TestNG.java:1198)
	at org.testng.TestNG.runSuitesLocally(TestNG.java:1123)
	at org.testng.TestNG.run(TestNG.java:1031)
	at org.apache.maven.surefire.testng.TestNGExecutor.run(TestNGExecutor.java:77)
	at org.apache.maven.surefire.testng.TestNGDirectoryTestSuite.executeMulti(TestNGDirectoryTestSuite.java:159)
	at org.apache.maven.surefire.testng.TestNGDirectoryTestSuite.execute(TestNGDirectoryTestSuite.java:99)
	at org.apache.maven.surefire.testng.TestNGProvider.invoke(TestNGProvider.java:106)
	at sun.reflect.NativeMethodAccessorImpl.invoke0(Native Method)
	at sun.reflect.NativeMethodAccessorImpl.invoke(NativeMethodAccessorImpl.java:62)
	at sun.reflect.DelegatingMethodAccessorImpl.invoke(DelegatingMethodAccessorImpl.java:43)
	at java.lang.reflect.Method.invoke(Method.java:498)
	at org.apache.maven.surefire.util.ReflectionUtils.invokeMethodWithArray(ReflectionUtils.java:189)
	at org.apache.maven.surefire.booter.ProviderFactory$ProviderProxy.invoke(ProviderFactory.java:165)
	at org.apache.maven.surefire.booter.ProviderFactory.invokeProvider(ProviderFactory.java:85)
	at org.apache.maven.surefire.booter.ForkedBooter.runSuitesInProcess(ForkedBooter.java:115)
	at org.apache.maven.surefire.booter.ForkedBooter.main(ForkedBooter.java:75)
]]>
            </full-stacktrace>
          </exception> <!-- java.lang.NullPointerException -->
          <reporter-output>
          </reporter-output>
        </test-method> <!-- quitBrowser -->
      </class> <!-- qlytics.Regression.SignUpFunctionalityTest -->
      <class name="qlytics.Regression.SignUpAbsentValidationTest">
        <test-method status="SKIP" signature="setUp()[pri:0, instance:qlytics.Regression.SignUpAbsentValidationTest@68837a77]" name="setUp" is-config="true" duration-ms="0" started-at="2019-08-23T16:08:31Z" finished-at="2019-08-23T16:08:31Z">
          <reporter-output>
          </reporter-output>
        </test-method> <!-- setUp -->
        <test-method status="SKIP" signature="aaasetUp(org.testng.ITestContext)[pri:0, instance:qlytics.Regression.SignUpAbsentValidationTest@68837a77]" name="aaasetUp" is-config="true" duration-ms="0" started-at="2019-08-23T16:08:31Z" finished-at="2019-08-23T16:08:31Z">
          <reporter-output>
          </reporter-output>
        </test-method> <!-- aaasetUp -->
        <test-method status="SKIP" signature="nameBefore(java.lang.reflect.Method)[pri:0, instance:qlytics.Regression.SignUpAbsentValidationTest@68837a77]" name="nameBefore" is-config="true" duration-ms="0" started-at="2019-08-23T16:08:31Z" finished-at="2019-08-23T16:08:31Z">
          <reporter-output>
          </reporter-output>
        </test-method> <!-- nameBefore -->
        <test-method status="SKIP" signature="testSignUpAbsentValidation(java.lang.String, java.lang.String, java.lang.String, java.lang.String, java.lang.String, java.lang.String, java.lang.String, java.lang.String, java.lang.String, java.lang.String, java.lang.String, java.lang.String, java.lang.String, java.lang.String, java.lang.String, java.lang.String, java.lang.String, java.lang.String, java.lang.String, java.lang.String)[pri:0, instance:qlytics.Regression.SignUpAbsentValidationTest@68837a77]" name="testSignUpAbsentValidation" duration-ms="0" started-at="2019-08-23T16:08:31Z" data-provider="Registration" finished-at="2019-08-23T16:08:31Z">
          <params>
            <param index="0">
              <value>
                <![CDATA[]]>
              </value>
            </param>
            <param index="1">
              <value>
                <![CDATA[]]>
              </value>
            </param>
            <param index="2">
              <value>
                <![CDATA[]]>
              </value>
            </param>
            <param index="3">
              <value>
                <![CDATA[admin]]>
              </value>
            </param>
            <param index="4">
              <value>
                <![CDATA[]]>
              </value>
            </param>
            <param index="5">
              <value>
                <![CDATA[]]>
              </value>
            </param>
            <param index="6">
              <value>
                <![CDATA[]]>
              </value>
            </param>
            <param index="7">
              <value>
                <![CDATA[]]>
              </value>
            </param>
            <param index="8">
              <value>
                <![CDATA[]]>
              </value>
            </param>
            <param index="9">
              <value>
                <![CDATA[]]>
              </value>
            </param>
            <param index="10">
              <value>
                <![CDATA[]]>
              </value>
            </param>
            <param index="11">
              <value>
                <![CDATA[]]>
              </value>
            </param>
            <param index="12">
              <value>
                <![CDATA[]]>
              </value>
            </param>
            <param index="13">
              <value>
                <![CDATA[CAN'T BE BLANK]]>
              </value>
            </param>
            <param index="14">
              <value>
                <![CDATA[]]>
              </value>
            </param>
            <param index="15">
              <value>
                <![CDATA[]]>
              </value>
            </param>
            <param index="16">
              <value>
                <![CDATA[]]>
              </value>
            </param>
            <param index="17">
              <value>
                <![CDATA[]]>
              </value>
            </param>
            <param index="18">
              <value>
                <![CDATA[]]>
              </value>
            </param>
            <param index="19">
              <value>
                <![CDATA[Yes]]>
              </value>
            </param>
          </params>
          <reporter-output>
          </reporter-output>
        </test-method> <!-- testSignUpAbsentValidation -->
        <test-method status="SKIP" signature="nameBefore(java.lang.reflect.Method)[pri:0, instance:qlytics.Regression.SignUpAbsentValidationTest@68837a77]" name="nameBefore" is-config="true" duration-ms="0" started-at="2019-08-23T16:08:32Z" finished-at="2019-08-23T16:08:32Z">
          <reporter-output>
          </reporter-output>
        </test-method> <!-- nameBefore -->
        <test-method status="SKIP" signature="checkAlerts(org.testng.ITestResult)[pri:0, instance:qlytics.Regression.SignUpAbsentValidationTest@68837a77]" name="checkAlerts" is-config="true" duration-ms="0" started-at="2019-08-23T16:08:32Z" finished-at="2019-08-23T16:08:32Z">
          <reporter-output>
          </reporter-output>
        </test-method> <!-- checkAlerts -->
        <test-method status="SKIP" signature="testSignUpAbsentValidation(java.lang.String, java.lang.String, java.lang.String, java.lang.String, java.lang.String, java.lang.String, java.lang.String, java.lang.String, java.lang.String, java.lang.String, java.lang.String, java.lang.String, java.lang.String, java.lang.String, java.lang.String, java.lang.String, java.lang.String, java.lang.String, java.lang.String, java.lang.String)[pri:0, instance:qlytics.Regression.SignUpAbsentValidationTest@68837a77]" name="testSignUpAbsentValidation" duration-ms="0" started-at="2019-08-23T16:08:32Z" data-provider="Registration" finished-at="2019-08-23T16:08:32Z">
          <params>
            <param index="0">
              <value>
                <![CDATA[]]>
              </value>
            </param>
            <param index="1">
              <value>
                <![CDATA[]]>
              </value>
            </param>
            <param index="2">
              <value>
                <![CDATA[]]>
              </value>
            </param>
            <param index="3">
              <value>
                <![CDATA[admin]]>
              </value>
            </param>
            <param index="4">
              <value>
                <![CDATA[Test]]>
              </value>
            </param>
            <param index="5">
              <value>
                <![CDATA[]]>
              </value>
            </param>
            <param index="6">
              <value>
                <![CDATA[]]>
              </value>
            </param>
            <param index="7">
              <value>
                <![CDATA[]]>
              </value>
            </param>
            <param index="8">
              <value>
                <![CDATA[]]>
              </value>
            </param>
            <param index="9">
              <value>
                <![CDATA[]]>
              </value>
            </param>
            <param index="10">
              <value>
                <![CDATA[]]>
              </value>
            </param>
            <param index="11">
              <value>
                <![CDATA[]]>
              </value>
            </param>
            <param index="12">
              <value>
                <![CDATA[]]>
              </value>
            </param>
            <param index="13">
              <value>
                <![CDATA[CAN'T BE BLANK]]>
              </value>
            </param>
            <param index="14">
              <value>
                <![CDATA[CAN'T BE BLANK]]>
              </value>
            </param>
            <param index="15">
              <value>
                <![CDATA[]]>
              </value>
            </param>
            <param index="16">
              <value>
                <![CDATA[]]>
              </value>
            </param>
            <param index="17">
              <value>
                <![CDATA[]]>
              </value>
            </param>
            <param index="18">
              <value>
                <![CDATA[]]>
              </value>
            </param>
            <param index="19">
              <value>
                <![CDATA[Yes]]>
              </value>
            </param>
          </params>
          <reporter-output>
          </reporter-output>
        </test-method> <!-- testSignUpAbsentValidation -->
        <test-method status="SKIP" signature="checkAlerts(org.testng.ITestResult)[pri:0, instance:qlytics.Regression.SignUpAbsentValidationTest@68837a77]" name="checkAlerts" is-config="true" duration-ms="0" started-at="2019-08-23T16:08:32Z" finished-at="2019-08-23T16:08:32Z">
          <reporter-output>
          </reporter-output>
        </test-method> <!-- checkAlerts -->
        <test-method status="SKIP" signature="nameBefore(java.lang.reflect.Method)[pri:0, instance:qlytics.Regression.SignUpAbsentValidationTest@68837a77]" name="nameBefore" is-config="true" duration-ms="0" started-at="2019-08-23T16:08:32Z" finished-at="2019-08-23T16:08:32Z">
          <reporter-output>
          </reporter-output>
        </test-method> <!-- nameBefore -->
        <test-method status="SKIP" signature="testSignUpAbsentValidation(java.lang.String, java.lang.String, java.lang.String, java.lang.String, java.lang.String, java.lang.String, java.lang.String, java.lang.String, java.lang.String, java.lang.String, java.lang.String, java.lang.String, java.lang.String, java.lang.String, java.lang.String, java.lang.String, java.lang.String, java.lang.String, java.lang.String, java.lang.String)[pri:0, instance:qlytics.Regression.SignUpAbsentValidationTest@68837a77]" name="testSignUpAbsentValidation" duration-ms="0" started-at="2019-08-23T16:08:32Z" data-provider="Registration" finished-at="2019-08-23T16:08:32Z">
          <params>
            <param index="0">
              <value>
                <![CDATA[asdf]]>
              </value>
            </param>
            <param index="1">
              <value>
                <![CDATA[]]>
              </value>
            </param>
            <param index="2">
              <value>
                <![CDATA[]]>
              </value>
            </param>
            <param index="3">
              <value>
                <![CDATA[admin]]>
              </value>
            </param>
            <param index="4">
              <value>
                <![CDATA[Test]]>
              </value>
            </param>
            <param index="5">
              <value>
                <![CDATA[]]>
              </value>
            </param>
            <param index="6">
              <value>
                <![CDATA[]]>
              </value>
            </param>
            <param index="7">
              <value>
                <![CDATA[]]>
              </value>
            </param>
            <param index="8">
              <value>
                <![CDATA[CAN'T BE BLANK]]>
              </value>
            </param>
            <param index="9">
              <value>
                <![CDATA[]]>
              </value>
            </param>
            <param index="10">
              <value>
                <![CDATA[]]>
              </value>
            </param>
            <param index="11">
              <value>
                <![CDATA[]]>
              </value>
            </param>
            <param index="12">
              <value>
                <![CDATA[]]>
              </value>
            </param>
            <param index="13">
              <value>
                <![CDATA[CAN'T BE BLANK]]>
              </value>
            </param>
            <param index="14">
              <value>
                <![CDATA[CAN'T BE BLANK]]>
              </value>
            </param>
            <param index="15">
              <value>
                <![CDATA[]]>
              </value>
            </param>
            <param index="16">
              <value>
                <![CDATA[]]>
              </value>
            </param>
            <param index="17">
              <value>
                <![CDATA[]]>
              </value>
            </param>
            <param index="18">
              <value>
                <![CDATA[]]>
              </value>
            </param>
            <param index="19">
              <value>
                <![CDATA[Yes]]>
              </value>
            </param>
          </params>
          <reporter-output>
          </reporter-output>
        </test-method> <!-- testSignUpAbsentValidation -->
        <test-method status="SKIP" signature="testSignUpAbsentValidation(java.lang.String, java.lang.String, java.lang.String, java.lang.String, java.lang.String, java.lang.String, java.lang.String, java.lang.String, java.lang.String, java.lang.String, java.lang.String, java.lang.String, java.lang.String, java.lang.String, java.lang.String, java.lang.String, java.lang.String, java.lang.String, java.lang.String, java.lang.String)[pri:0, instance:qlytics.Regression.SignUpAbsentValidationTest@68837a77]" name="testSignUpAbsentValidation" duration-ms="0" started-at="2019-08-23T16:08:32Z" data-provider="Registration" finished-at="2019-08-23T16:08:32Z">
          <params>
            <param index="0">
              <value>
                <![CDATA[asdf]]>
              </value>
            </param>
            <param index="1">
              <value>
                <![CDATA[Admin]]>
              </value>
            </param>
            <param index="2">
              <value>
                <![CDATA[]]>
              </value>
            </param>
            <param index="3">
              <value>
                <![CDATA[admin]]>
              </value>
            </param>
            <param index="4">
              <value>
                <![CDATA[Test]]>
              </value>
            </param>
            <param index="5">
              <value>
                <![CDATA[]]>
              </value>
            </param>
            <param index="6">
              <value>
                <![CDATA[]]>
              </value>
            </param>
            <param index="7">
              <value>
                <![CDATA[]]>
              </value>
            </param>
            <param index="8">
              <value>
                <![CDATA[CAN'T BE BLANK]]>
              </value>
            </param>
            <param index="9">
              <value>
                <![CDATA[CAN'T BE BLANK]]>
              </value>
            </param>
            <param index="10">
              <value>
                <![CDATA[]]>
              </value>
            </param>
            <param index="11">
              <value>
                <![CDATA[]]>
              </value>
            </param>
            <param index="12">
              <value>
                <![CDATA[]]>
              </value>
            </param>
            <param index="13">
              <value>
                <![CDATA[CAN'T BE BLANK]]>
              </value>
            </param>
            <param index="14">
              <value>
                <![CDATA[CAN'T BE BLANK]]>
              </value>
            </param>
            <param index="15">
              <value>
                <![CDATA[]]>
              </value>
            </param>
            <param index="16">
              <value>
                <![CDATA[]]>
              </value>
            </param>
            <param index="17">
              <value>
                <![CDATA[]]>
              </value>
            </param>
            <param index="18">
              <value>
                <![CDATA[]]>
              </value>
            </param>
            <param index="19">
              <value>
                <![CDATA[Yes]]>
              </value>
            </param>
          </params>
          <reporter-output>
          </reporter-output>
        </test-method> <!-- testSignUpAbsentValidation -->
        <test-method status="SKIP" signature="checkAlerts(org.testng.ITestResult)[pri:0, instance:qlytics.Regression.SignUpAbsentValidationTest@68837a77]" name="checkAlerts" is-config="true" duration-ms="0" started-at="2019-08-23T16:08:32Z" finished-at="2019-08-23T16:08:32Z">
          <reporter-output>
          </reporter-output>
        </test-method> <!-- checkAlerts -->
        <test-method status="SKIP" signature="nameBefore(java.lang.reflect.Method)[pri:0, instance:qlytics.Regression.SignUpAbsentValidationTest@68837a77]" name="nameBefore" is-config="true" duration-ms="0" started-at="2019-08-23T16:08:32Z" finished-at="2019-08-23T16:08:32Z">
          <reporter-output>
          </reporter-output>
        </test-method> <!-- nameBefore -->
        <test-method status="SKIP" signature="testSignUpAbsentValidation(java.lang.String, java.lang.String, java.lang.String, java.lang.String, java.lang.String, java.lang.String, java.lang.String, java.lang.String, java.lang.String, java.lang.String, java.lang.String, java.lang.String, java.lang.String, java.lang.String, java.lang.String, java.lang.String, java.lang.String, java.lang.String, java.lang.String, java.lang.String)[pri:0, instance:qlytics.Regression.SignUpAbsentValidationTest@68837a77]" name="testSignUpAbsentValidation" duration-ms="0" started-at="2019-08-23T16:08:32Z" data-provider="Registration" finished-at="2019-08-23T16:08:32Z">
          <params>
            <param index="0">
              <value>
                <![CDATA[asdf]]>
              </value>
            </param>
            <param index="1">
              <value>
                <![CDATA[Admin123!@#]]>
              </value>
            </param>
            <param index="2">
              <value>
                <![CDATA[]]>
              </value>
            </param>
            <param index="3">
              <value>
                <![CDATA[admin]]>
              </value>
            </param>
            <param index="4">
              <value>
                <![CDATA[Test]]>
              </value>
            </param>
            <param index="5">
              <value>
                <![CDATA[]]>
              </value>
            </param>
            <param index="6">
              <value>
                <![CDATA[]]>
              </value>
            </param>
            <param index="7">
              <value>
                <![CDATA[]]>
              </value>
            </param>
            <param index="8">
              <value>
                <![CDATA[CAN'T BE BLANK]]>
              </value>
            </param>
            <param index="9">
              <value>
                <![CDATA[CAN'T BE BLANK]]>
              </value>
            </param>
            <param index="10">
              <value>
                <![CDATA[PASSWORD SHOULD CONTAIN AT LEAST ONE UPPERCASE, ONE LOWERCASE LETTER , ONE DIGIT AND AT LEAST 8-20 CHARECTER LONG]]>
              </value>
            </param>
            <param index="11">
              <value>
                <![CDATA[]]>
              </value>
            </param>
            <param index="12">
              <value>
                <![CDATA[]]>
              </value>
            </param>
            <param index="13">
              <value>
                <![CDATA[CAN'T BE BLANK]]>
              </value>
            </param>
            <param index="14">
              <value>
                <![CDATA[CAN'T BE BLANK]]>
              </value>
            </param>
            <param index="15">
              <value>
                <![CDATA[]]>
              </value>
            </param>
            <param index="16">
              <value>
                <![CDATA[]]>
              </value>
            </param>
            <param index="17">
              <value>
                <![CDATA[]]>
              </value>
            </param>
            <param index="18">
              <value>
                <![CDATA[]]>
              </value>
            </param>
            <param index="19">
              <value>
                <![CDATA[Yes]]>
              </value>
            </param>
          </params>
          <reporter-output>
          </reporter-output>
        </test-method> <!-- testSignUpAbsentValidation -->
        <test-method status="SKIP" signature="checkAlerts(org.testng.ITestResult)[pri:0, instance:qlytics.Regression.SignUpAbsentValidationTest@68837a77]" name="checkAlerts" is-config="true" duration-ms="0" started-at="2019-08-23T16:08:32Z" finished-at="2019-08-23T16:08:32Z">
          <reporter-output>
          </reporter-output>
        </test-method> <!-- checkAlerts -->
        <test-method status="SKIP" signature="checkAlerts(org.testng.ITestResult)[pri:0, instance:qlytics.Regression.SignUpAbsentValidationTest@68837a77]" name="checkAlerts" is-config="true" duration-ms="0" started-at="2019-08-23T16:08:32Z" finished-at="2019-08-23T16:08:32Z">
          <reporter-output>
          </reporter-output>
        </test-method> <!-- checkAlerts -->
        <test-method status="SKIP" signature="nameBefore(java.lang.reflect.Method)[pri:0, instance:qlytics.Regression.SignUpAbsentValidationTest@68837a77]" name="nameBefore" is-config="true" duration-ms="0" started-at="2019-08-23T16:08:32Z" finished-at="2019-08-23T16:08:32Z">
          <reporter-output>
          </reporter-output>
        </test-method> <!-- nameBefore -->
        <test-method status="SKIP" signature="nameBefore(java.lang.reflect.Method)[pri:0, instance:qlytics.Regression.SignUpAbsentValidationTest@68837a77]" name="nameBefore" is-config="true" duration-ms="0" started-at="2019-08-23T16:08:32Z" finished-at="2019-08-23T16:08:32Z">
          <reporter-output>
          </reporter-output>
        </test-method> <!-- nameBefore -->
        <test-method status="SKIP" signature="checkAlerts(org.testng.ITestResult)[pri:0, instance:qlytics.Regression.SignUpAbsentValidationTest@68837a77]" name="checkAlerts" is-config="true" duration-ms="0" started-at="2019-08-23T16:08:32Z" finished-at="2019-08-23T16:08:32Z">
          <reporter-output>
          </reporter-output>
        </test-method> <!-- checkAlerts -->
        <test-method status="SKIP" signature="nameBefore(java.lang.reflect.Method)[pri:0, instance:qlytics.Regression.SignUpAbsentValidationTest@68837a77]" name="nameBefore" is-config="true" duration-ms="0" started-at="2019-08-23T16:08:32Z" finished-at="2019-08-23T16:08:32Z">
          <reporter-output>
          </reporter-output>
        </test-method> <!-- nameBefore -->
        <test-method status="SKIP" signature="checkAlerts(org.testng.ITestResult)[pri:0, instance:qlytics.Regression.SignUpAbsentValidationTest@68837a77]" name="checkAlerts" is-config="true" duration-ms="0" started-at="2019-08-23T16:08:32Z" finished-at="2019-08-23T16:08:32Z">
          <reporter-output>
          </reporter-output>
        </test-method> <!-- checkAlerts -->
        <test-method status="SKIP" signature="testSignUpAbsentValidation(java.lang.String, java.lang.String, java.lang.String, java.lang.String, java.lang.String, java.lang.String, java.lang.String, java.lang.String, java.lang.String, java.lang.String, java.lang.String, java.lang.String, java.lang.String, java.lang.String, java.lang.String, java.lang.String, java.lang.String, java.lang.String, java.lang.String, java.lang.String)[pri:0, instance:qlytics.Regression.SignUpAbsentValidationTest@68837a77]" name="testSignUpAbsentValidation" duration-ms="0" started-at="2019-08-23T16:08:32Z" data-provider="Registration" finished-at="2019-08-23T16:08:32Z">
          <params>
            <param index="0">
              <value>
                <![CDATA[asdf]]>
              </value>
            </param>
            <param index="1">
              <value>
                <![CDATA[Admin123!@#]]>
              </value>
            </param>
            <param index="2">
              <value>
                <![CDATA[Admin123!@#]]>
              </value>
            </param>
            <param index="3">
              <value>
                <![CDATA[admin]]>
              </value>
            </param>
            <param index="4">
              <value>
                <![CDATA[Test]]>
              </value>
            </param>
            <param index="5">
              <value>
                <![CDATA[898989]]>
              </value>
            </param>
            <param index="6">
              <value>
                <![CDATA[]]>
              </value>
            </param>
            <param index="7">
              <value>
                <![CDATA[]]>
              </value>
            </param>
            <param index="8">
              <value>
                <![CDATA[CAN'T BE BLANK]]>
              </value>
            </param>
            <param index="9">
              <value>
                <![CDATA[CAN'T BE BLANK]]>
              </value>
            </param>
            <param index="10">
              <value>
                <![CDATA[PASSWORD SHOULD CONTAIN AT LEAST ONE UPPERCASE, ONE LOWERCASE LETTER , ONE DIGIT AND AT LEAST 8-20 CHARECTER LONG]]>
              </value>
            </param>
            <param index="11">
              <value>
                <![CDATA[CAN'T BE BLANK]]>
              </value>
            </param>
            <param index="12">
              <value>
                <![CDATA[PASSWORD DOES NOT MATCH]]>
              </value>
            </param>
            <param index="13">
              <value>
                <![CDATA[CAN'T BE BLANK]]>
              </value>
            </param>
            <param index="14">
              <value>
                <![CDATA[CAN'T BE BLANK]]>
              </value>
            </param>
            <param index="15">
              <value>
                <![CDATA[CAN'T BE BLANK]]>
              </value>
            </param>
            <param index="16">
              <value>
                <![CDATA[]]>
              </value>
            </param>
            <param index="17">
              <value>
                <![CDATA[]]>
              </value>
            </param>
            <param index="18">
              <value>
                <![CDATA[]]>
              </value>
            </param>
            <param index="19">
              <value>
                <![CDATA[Yes]]>
              </value>
            </param>
          </params>
          <reporter-output>
          </reporter-output>
        </test-method> <!-- testSignUpAbsentValidation -->
        <test-method status="SKIP" signature="testSignUpAbsentValidation(java.lang.String, java.lang.String, java.lang.String, java.lang.String, java.lang.String, java.lang.String, java.lang.String, java.lang.String, java.lang.String, java.lang.String, java.lang.String, java.lang.String, java.lang.String, java.lang.String, java.lang.String, java.lang.String, java.lang.String, java.lang.String, java.lang.String, java.lang.String)[pri:0, instance:qlytics.Regression.SignUpAbsentValidationTest@68837a77]" name="testSignUpAbsentValidation" duration-ms="0" started-at="2019-08-23T16:08:32Z" data-provider="Registration" finished-at="2019-08-23T16:08:32Z">
          <params>
            <param index="0">
              <value>
                <![CDATA[asdf]]>
              </value>
            </param>
            <param index="1">
              <value>
                <![CDATA[Admin123!@#]]>
              </value>
            </param>
            <param index="2">
              <value>
                <![CDATA[Admin123!@#]]>
              </value>
            </param>
            <param index="3">
              <value>
                <![CDATA[admin]]>
              </value>
            </param>
            <param index="4">
              <value>
                <![CDATA[Test]]>
              </value>
            </param>
            <param index="5">
              <value>
                <![CDATA[]]>
              </value>
            </param>
            <param index="6">
              <value>
                <![CDATA[]]>
              </value>
            </param>
            <param index="7">
              <value>
                <![CDATA[]]>
              </value>
            </param>
            <param index="8">
              <value>
                <![CDATA[CAN'T BE BLANK]]>
              </value>
            </param>
            <param index="9">
              <value>
                <![CDATA[CAN'T BE BLANK]]>
              </value>
            </param>
            <param index="10">
              <value>
                <![CDATA[PASSWORD SHOULD CONTAIN AT LEAST ONE UPPERCASE, ONE LOWERCASE LETTER , ONE DIGIT AND AT LEAST 8-20 CHARECTER LONG]]>
              </value>
            </param>
            <param index="11">
              <value>
                <![CDATA[CAN'T BE BLANK]]>
              </value>
            </param>
            <param index="12">
              <value>
                <![CDATA[PASSWORD DOES NOT MATCH]]>
              </value>
            </param>
            <param index="13">
              <value>
                <![CDATA[CAN'T BE BLANK]]>
              </value>
            </param>
            <param index="14">
              <value>
                <![CDATA[CAN'T BE BLANK]]>
              </value>
            </param>
            <param index="15">
              <value>
                <![CDATA[]]>
              </value>
            </param>
            <param index="16">
              <value>
                <![CDATA[]]>
              </value>
            </param>
            <param index="17">
              <value>
                <![CDATA[]]>
              </value>
            </param>
            <param index="18">
              <value>
                <![CDATA[]]>
              </value>
            </param>
            <param index="19">
              <value>
                <![CDATA[Yes]]>
              </value>
            </param>
          </params>
          <reporter-output>
          </reporter-output>
        </test-method> <!-- testSignUpAbsentValidation -->
        <test-method status="SKIP" signature="nameBefore(java.lang.reflect.Method)[pri:0, instance:qlytics.Regression.SignUpAbsentValidationTest@68837a77]" name="nameBefore" is-config="true" duration-ms="0" started-at="2019-08-23T16:08:32Z" finished-at="2019-08-23T16:08:32Z">
          <reporter-output>
          </reporter-output>
        </test-method> <!-- nameBefore -->
        <test-method status="SKIP" signature="nameBefore(java.lang.reflect.Method)[pri:0, instance:qlytics.Regression.SignUpAbsentValidationTest@68837a77]" name="nameBefore" is-config="true" duration-ms="0" started-at="2019-08-23T16:08:32Z" finished-at="2019-08-23T16:08:32Z">
          <reporter-output>
          </reporter-output>
        </test-method> <!-- nameBefore -->
        <test-method status="SKIP" signature="nameBefore(java.lang.reflect.Method)[pri:0, instance:qlytics.Regression.SignUpAbsentValidationTest@68837a77]" name="nameBefore" is-config="true" duration-ms="0" started-at="2019-08-23T16:08:32Z" finished-at="2019-08-23T16:08:32Z">
          <reporter-output>
          </reporter-output>
        </test-method> <!-- nameBefore -->
        <test-method status="SKIP" signature="testSignUpAbsentValidation(java.lang.String, java.lang.String, java.lang.String, java.lang.String, java.lang.String, java.lang.String, java.lang.String, java.lang.String, java.lang.String, java.lang.String, java.lang.String, java.lang.String, java.lang.String, java.lang.String, java.lang.String, java.lang.String, java.lang.String, java.lang.String, java.lang.String, java.lang.String)[pri:0, instance:qlytics.Regression.SignUpAbsentValidationTest@68837a77]" name="testSignUpAbsentValidation" duration-ms="0" started-at="2019-08-23T16:08:32Z" data-provider="Registration" finished-at="2019-08-23T16:08:32Z">
          <params>
            <param index="0">
              <value>
                <![CDATA[asdf]]>
              </value>
            </param>
            <param index="1">
              <value>
                <![CDATA[Admin123!@#]]>
              </value>
            </param>
            <param index="2">
              <value>
                <![CDATA[Admin123!@#]]>
              </value>
            </param>
            <param index="3">
              <value>
                <![CDATA[admin]]>
              </value>
            </param>
            <param index="4">
              <value>
                <![CDATA[Test]]>
              </value>
            </param>
            <param index="5">
              <value>
                <![CDATA[8989898]]>
              </value>
            </param>
            <param index="6">
              <value>
                <![CDATA[company]]>
              </value>
            </param>
            <param index="7">
              <value>
                <![CDATA[]]>
              </value>
            </param>
            <param index="8">
              <value>
                <![CDATA[CAN'T BE BLANK]]>
              </value>
            </param>
            <param index="9">
              <value>
                <![CDATA[CAN'T BE BLANK]]>
              </value>
            </param>
            <param index="10">
              <value>
                <![CDATA[PASSWORD SHOULD CONTAIN AT LEAST ONE UPPERCASE, ONE LOWERCASE LETTER , ONE DIGIT AND AT LEAST 8-20 CHARECTER LONG]]>
              </value>
            </param>
            <param index="11">
              <value>
                <![CDATA[CAN'T BE BLANK]]>
              </value>
            </param>
            <param index="12">
              <value>
                <![CDATA[PASSWORD DOES NOT MATCH]]>
              </value>
            </param>
            <param index="13">
              <value>
                <![CDATA[CAN'T BE BLANK]]>
              </value>
            </param>
            <param index="14">
              <value>
                <![CDATA[CAN'T BE BLANK]]>
              </value>
            </param>
            <param index="15">
              <value>
                <![CDATA[CAN'T BE BLANK]]>
              </value>
            </param>
            <param index="16">
              <value>
                <![CDATA[NOT A VALID PHONE NUMBER]]>
              </value>
            </param>
            <param index="17">
              <value>
                <![CDATA[CAN'T BE BLANK]]>
              </value>
            </param>
            <param index="18">
              <value>
                <![CDATA[]]>
              </value>
            </param>
            <param index="19">
              <value>
                <![CDATA[Yes]]>
              </value>
            </param>
          </params>
          <reporter-output>
          </reporter-output>
        </test-method> <!-- testSignUpAbsentValidation -->
        <test-method status="SKIP" signature="testSignUpAbsentValidation(java.lang.String, java.lang.String, java.lang.String, java.lang.String, java.lang.String, java.lang.String, java.lang.String, java.lang.String, java.lang.String, java.lang.String, java.lang.String, java.lang.String, java.lang.String, java.lang.String, java.lang.String, java.lang.String, java.lang.String, java.lang.String, java.lang.String, java.lang.String)[pri:0, instance:qlytics.Regression.SignUpAbsentValidationTest@68837a77]" name="testSignUpAbsentValidation" duration-ms="1" started-at="2019-08-23T16:08:32Z" data-provider="Registration" finished-at="2019-08-23T16:08:32Z">
          <params>
            <param index="0">
              <value>
                <![CDATA[asdf]]>
              </value>
            </param>
            <param index="1">
              <value>
                <![CDATA[Admin123!@#]]>
              </value>
            </param>
            <param index="2">
              <value>
                <![CDATA[Admin123!@#]]>
              </value>
            </param>
            <param index="3">
              <value>
                <![CDATA[admin]]>
              </value>
            </param>
            <param index="4">
              <value>
                <![CDATA[Test]]>
              </value>
            </param>
            <param index="5">
              <value>
                <![CDATA[8989899]]>
              </value>
            </param>
            <param index="6">
              <value>
                <![CDATA[company]]>
              </value>
            </param>
            <param index="7">
              <value>
                <![CDATA[Tester]]>
              </value>
            </param>
            <param index="8">
              <value>
                <![CDATA[CAN'T BE BLANK]]>
              </value>
            </param>
            <param index="9">
              <value>
                <![CDATA[CAN'T BE BLANK]]>
              </value>
            </param>
            <param index="10">
              <value>
                <![CDATA[PASSWORD SHOULD CONTAIN AT LEAST ONE UPPERCASE, ONE LOWERCASE LETTER , ONE DIGIT AND AT LEAST 8-20 CHARECTER LONG]]>
              </value>
            </param>
            <param index="11">
              <value>
                <![CDATA[CAN'T BE BLANK]]>
              </value>
            </param>
            <param index="12">
              <value>
                <![CDATA[PASSWORD DOES NOT MATCH]]>
              </value>
            </param>
            <param index="13">
              <value>
                <![CDATA[CAN'T BE BLANK]]>
              </value>
            </param>
            <param index="14">
              <value>
                <![CDATA[CAN'T BE BLANK]]>
              </value>
            </param>
            <param index="15">
              <value>
                <![CDATA[CAN'T BE BLANK]]>
              </value>
            </param>
            <param index="16">
              <value>
                <![CDATA[NOT A VALID PHONE NUMBER]]>
              </value>
            </param>
            <param index="17">
              <value>
                <![CDATA[CAN'T BE BLANK]]>
              </value>
            </param>
            <param index="18">
              <value>
                <![CDATA[CAN'T BE BLANK]]>
              </value>
            </param>
            <param index="19">
              <value>
                <![CDATA[Yes]]>
              </value>
            </param>
          </params>
          <reporter-output>
          </reporter-output>
        </test-method> <!-- testSignUpAbsentValidation -->
        <test-method status="SKIP" signature="testSignUpAbsentValidation(java.lang.String, java.lang.String, java.lang.String, java.lang.String, java.lang.String, java.lang.String, java.lang.String, java.lang.String, java.lang.String, java.lang.String, java.lang.String, java.lang.String, java.lang.String, java.lang.String, java.lang.String, java.lang.String, java.lang.String, java.lang.String, java.lang.String, java.lang.String)[pri:0, instance:qlytics.Regression.SignUpAbsentValidationTest@68837a77]" name="testSignUpAbsentValidation" duration-ms="0" started-at="2019-08-23T16:08:32Z" data-provider="Registration" finished-at="2019-08-23T16:08:32Z">
          <params>
            <param index="0">
              <value>
                <![CDATA[asdf]]>
              </value>
            </param>
            <param index="1">
              <value>
                <![CDATA[Admin123!@#]]>
              </value>
            </param>
            <param index="2">
              <value>
                <![CDATA[Admin123!@#]]>
              </value>
            </param>
            <param index="3">
              <value>
                <![CDATA[admin]]>
              </value>
            </param>
            <param index="4">
              <value>
                <![CDATA[Test]]>
              </value>
            </param>
            <param index="5">
              <value>
                <![CDATA[8989898]]>
              </value>
            </param>
            <param index="6">
              <value>
                <![CDATA[]]>
              </value>
            </param>
            <param index="7">
              <value>
                <![CDATA[]]>
              </value>
            </param>
            <param index="8">
              <value>
                <![CDATA[CAN'T BE BLANK]]>
              </value>
            </param>
            <param index="9">
              <value>
                <![CDATA[CAN'T BE BLANK]]>
              </value>
            </param>
            <param index="10">
              <value>
                <![CDATA[PASSWORD SHOULD CONTAIN AT LEAST ONE UPPERCASE, ONE LOWERCASE LETTER , ONE DIGIT AND AT LEAST 8-20 CHARECTER LONG]]>
              </value>
            </param>
            <param index="11">
              <value>
                <![CDATA[CAN'T BE BLANK]]>
              </value>
            </param>
            <param index="12">
              <value>
                <![CDATA[PASSWORD DOES NOT MATCH]]>
              </value>
            </param>
            <param index="13">
              <value>
                <![CDATA[CAN'T BE BLANK]]>
              </value>
            </param>
            <param index="14">
              <value>
                <![CDATA[CAN'T BE BLANK]]>
              </value>
            </param>
            <param index="15">
              <value>
                <![CDATA[CAN'T BE BLANK]]>
              </value>
            </param>
            <param index="16">
              <value>
                <![CDATA[NOT A VALID PHONE NUMBER]]>
              </value>
            </param>
            <param index="17">
              <value>
                <![CDATA[]]>
              </value>
            </param>
            <param index="18">
              <value>
                <![CDATA[]]>
              </value>
            </param>
            <param index="19">
              <value>
                <![CDATA[Yes]]>
              </value>
            </param>
          </params>
          <reporter-output>
          </reporter-output>
        </test-method> <!-- testSignUpAbsentValidation -->
        <test-method status="SKIP" signature="checkAlerts(org.testng.ITestResult)[pri:0, instance:qlytics.Regression.SignUpAbsentValidationTest@68837a77]" name="checkAlerts" is-config="true" duration-ms="0" started-at="2019-08-23T16:08:32Z" finished-at="2019-08-23T16:08:32Z">
          <reporter-output>
          </reporter-output>
        </test-method> <!-- checkAlerts -->
        <test-method status="SKIP" signature="checkAlerts(org.testng.ITestResult)[pri:0, instance:qlytics.Regression.SignUpAbsentValidationTest@68837a77]" name="checkAlerts" is-config="true" duration-ms="0" started-at="2019-08-23T16:08:32Z" finished-at="2019-08-23T16:08:32Z">
          <reporter-output>
          </reporter-output>
        </test-method> <!-- checkAlerts -->
        <test-method status="SKIP" signature="checkAlerts(org.testng.ITestResult)[pri:0, instance:qlytics.Regression.SignUpAbsentValidationTest@68837a77]" name="checkAlerts" is-config="true" duration-ms="0" started-at="2019-08-23T16:08:32Z" finished-at="2019-08-23T16:08:32Z">
          <reporter-output>
          </reporter-output>
        </test-method> <!-- checkAlerts -->
        <test-method status="PASS" signature="quitBrowser()[pri:0, instance:qlytics.Regression.SignUpAbsentValidationTest@68837a77]" name="quitBrowser" is-config="true" duration-ms="0" started-at="2019-08-23T16:08:32Z" finished-at="2019-08-23T16:08:32Z">
          <reporter-output>
            <line>
              <![CDATA[Closing the Browser Successfully]]>
            </line>
            <line>
              <![CDATA[</table>]]>
            </line>
          </reporter-output>
        </test-method> <!-- quitBrowser -->
      </class> <!-- qlytics.Regression.SignUpAbsentValidationTest -->
    </test> <!-- Command line test -->
  </suite> <!-- Command line suite -->
</testng-results>
