<?xml version="1.0" encoding="UTF-8"?>
<!-- Generated by org.testng.reporters.JUnitReportReporter -->
<testsuite skipped="0" hostname="apples-MacBook-Pro.local" name="qlytics.Regression.SignUpAbsentValidationTest" tests="10" failures="0" timestamp="15 Apr 2019 10:42:07 GMT" time="3458.715" errors="0">
  <testcase name="testSignUpAbsentValidation" time="72.190" classname="qlytics.Regression.SignUpAbsentValidationTest"/>
  <testcase name="testSignUpAbsentValidation" time="31.484" classname="qlytics.Regression.SignUpAbsentValidationTest"/>
  <testcase name="testSignUpAbsentValidation" time="41.659" classname="qlytics.Regression.SignUpAbsentValidationTest"/>
  <testcase name="testSignUpAbsentValidation" time="92.496" classname="qlytics.Regression.SignUpAbsentValidationTest"/>
  <testcase name="testSignUpAbsentValidation" time="136.585" classname="qlytics.Regression.SignUpAbsentValidationTest"/>
  <testcase name="testSignUpAbsentValidation" time="16.526" classname="qlytics.Regression.SignUpAbsentValidationTest"/>
  <testcase name="testSignUpAbsentValidation" time="51.705" classname="qlytics.Regression.SignUpAbsentValidationTest"/>
  <testcase name="testSignUpAbsentValidation" time="82.691" classname="qlytics.Regression.SignUpAbsentValidationTest"/>
  <testcase name="testSignUpAbsentValidation" time="2912.078" classname="qlytics.Regression.SignUpAbsentValidationTest"/>
  <testcase name="testSignUpAbsentValidation" time="21.301" classname="qlytics.Regression.SignUpAbsentValidationTest"/>
</testsuite> <!-- qlytics.Regression.SignUpAbsentValidationTest -->
