<?xml version="1.0" encoding="UTF-8"?>
<!-- Generated by org.testng.reporters.JUnitReportReporter -->
<testsuite skipped="0" hostname="RK-MacWorld.local" name="qlytics.Regression.LoginUiTest" tests="8" failures="0" timestamp="16 Jan 2020 09:15:29 GMT" time="86.436" errors="0">
  <testcase name="LoginPageUi" time="6.761" classname="qlytics.Regression.LoginUiTest"/>
  <testcase name="LoginPageUi" time="6.808" classname="qlytics.Regression.LoginUiTest"/>
  <testcase name="LoginPageUi" time="9.867" classname="qlytics.Regression.LoginUiTest"/>
  <testcase name="LoginPageUi" time="9.863" classname="qlytics.Regression.LoginUiTest"/>
  <testcase name="LoginPageUi" time="10.015" classname="qlytics.Regression.LoginUiTest"/>
  <testcase name="LoginPageUi" time="15.348" classname="qlytics.Regression.LoginUiTest"/>
  <testcase name="LoginPageUi" time="13.883" classname="qlytics.Regression.LoginUiTest"/>
  <testcase name="LoginPageUi" time="13.891" classname="qlytics.Regression.LoginUiTest"/>
</testsuite> <!-- qlytics.Regression.LoginUiTest -->
