<?xml version="1.0" encoding="UTF-8"?>
<!-- Generated by org.testng.reporters.JUnitReportReporter -->
<testsuite skipped="24" hostname="RK-MacWorld.local" name="qlytics.Regression.LoginValidationTest" tests="25" failures="0" timestamp="15 Jan 2020 13:41:14 GMT" time="21.169" errors="1">
  <testcase name="testLoginValidation" time="0.000" classname="qlytics.Regression.LoginValidationTest">
    <skipped/>
  </testcase> <!-- testLoginValidation -->
  <testcase name="testLoginValidation" time="0.000" classname="qlytics.Regression.LoginValidationTest">
    <skipped/>
  </testcase> <!-- testLoginValidation -->
  <testcase name="testLoginValidation" time="0.000" classname="qlytics.Regression.LoginValidationTest">
    <skipped/>
  </testcase> <!-- testLoginValidation -->
  <testcase name="testLoginValidation" time="0.000" classname="qlytics.Regression.LoginValidationTest">
    <skipped/>
  </testcase> <!-- testLoginValidation -->
  <testcase name="testLoginValidation" time="0.000" classname="qlytics.Regression.LoginValidationTest">
    <skipped/>
  </testcase> <!-- testLoginValidation -->
  <testcase name="testLoginValidation" time="0.000" classname="qlytics.Regression.LoginValidationTest">
    <skipped/>
  </testcase> <!-- testLoginValidation -->
  <testcase name="testLoginValidation" time="0.000" classname="qlytics.Regression.LoginValidationTest">
    <skipped/>
  </testcase> <!-- testLoginValidation -->
  <testcase name="testLoginValidation" time="0.000" classname="qlytics.Regression.LoginValidationTest">
    <skipped/>
  </testcase> <!-- testLoginValidation -->
  <testcase name="testLoginValidation" time="0.000" classname="qlytics.Regression.LoginValidationTest">
    <skipped/>
  </testcase> <!-- testLoginValidation -->
  <testcase name="testLoginValidation" time="0.000" classname="qlytics.Regression.LoginValidationTest">
    <skipped/>
  </testcase> <!-- testLoginValidation -->
  <testcase name="testLoginValidation" time="0.000" classname="qlytics.Regression.LoginValidationTest">
    <skipped/>
  </testcase> <!-- testLoginValidation -->
  <testcase name="testLoginValidation" time="0.000" classname="qlytics.Regression.LoginValidationTest">
    <skipped/>
  </testcase> <!-- testLoginValidation -->
  <testcase name="testLoginValidation" time="0.000" classname="qlytics.Regression.LoginValidationTest">
    <skipped/>
  </testcase> <!-- testLoginValidation -->
  <testcase name="testLoginValidation" time="0.000" classname="qlytics.Regression.LoginValidationTest">
    <skipped/>
  </testcase> <!-- testLoginValidation -->
  <testcase name="testLoginValidation" time="0.000" classname="qlytics.Regression.LoginValidationTest">
    <skipped/>
  </testcase> <!-- testLoginValidation -->
  <testcase name="testLoginValidation" time="0.000" classname="qlytics.Regression.LoginValidationTest">
    <skipped/>
  </testcase> <!-- testLoginValidation -->
  <testcase name="setUp" time="21.169" classname="qlytics.Regression.LoginValidationTest">
    <error type="org.openqa.selenium.WebDriverException" message="Error forwarding the new session Error forwarding the request Connect to 10.250.4.153:5555 [/10.250.4.153] failed: Connection timed out: connect
Command duration or timeout: 21.16 seconds">
      <![CDATA[org.openqa.selenium.WebDriverException: Error forwarding the new session Error forwarding the request Connect to 10.250.4.153:5555 [/10.250.4.153] failed: Connection timed out: connect
Command duration or timeout: 21.16 seconds
at sun.reflect.NativeConstructorAccessorImpl.newInstance0(Native Method)
at sun.reflect.NativeConstructorAccessorImpl.newInstance(NativeConstructorAccessorImpl.java:62)
at sun.reflect.DelegatingConstructorAccessorImpl.newInstance(DelegatingConstructorAccessorImpl.java:45)
at java.lang.reflect.Constructor.newInstance(Constructor.java:423)
at org.openqa.selenium.remote.ErrorHandler.createThrowable(ErrorHandler.java:215)
at org.openqa.selenium.remote.ErrorHandler.throwIfResponseFailed(ErrorHandler.java:167)
at org.openqa.selenium.remote.JsonWireProtocolResponse.lambda$new$0(JsonWireProtocolResponse.java:53)
at org.openqa.selenium.remote.JsonWireProtocolResponse.lambda$getResponseFunction$2(JsonWireProtocolResponse.java:91)
at org.openqa.selenium.remote.ProtocolHandshake.lambda$createSession$22(ProtocolHandshake.java:365)
at java.util.stream.ReferencePipeline$3$1.accept(ReferencePipeline.java:193)
at java.util.Spliterators$ArraySpliterator.tryAdvance(Spliterators.java:958)
at java.util.stream.ReferencePipeline.forEachWithCancel(ReferencePipeline.java:126)
at java.util.stream.AbstractPipeline.copyIntoWithCancel(AbstractPipeline.java:499)
at java.util.stream.AbstractPipeline.copyInto(AbstractPipeline.java:486)
at java.util.stream.AbstractPipeline.wrapAndCopyInto(AbstractPipeline.java:472)
at java.util.stream.FindOps$FindOp.evaluateSequential(FindOps.java:152)
at java.util.stream.AbstractPipeline.evaluate(AbstractPipeline.java:234)
at java.util.stream.ReferencePipeline.findFirst(ReferencePipeline.java:464)
at org.openqa.selenium.remote.ProtocolHandshake.createSession(ProtocolHandshake.java:368)
at org.openqa.selenium.remote.ProtocolHandshake.createSession(ProtocolHandshake.java:159)
at org.openqa.selenium.remote.HttpCommandExecutor.execute(HttpCommandExecutor.java:142)
at org.openqa.selenium.remote.RemoteWebDriver.execute(RemoteWebDriver.java:637)
at org.openqa.selenium.remote.RemoteWebDriver.startSession(RemoteWebDriver.java:250)
at org.openqa.selenium.remote.RemoteWebDriver.startSession(RemoteWebDriver.java:236)
at org.openqa.selenium.remote.RemoteWebDriver.<init>(RemoteWebDriver.java:137)
at org.openqa.selenium.remote.RemoteWebDriver.<init>(RemoteWebDriver.java:174)
at qlytics.Lib.AppLibrary.getDriverInstance(AppLibrary.java:303)
at qlytics.Regression.LoginValidationTest.setUp(LoginValidationTest.java:41)
at sun.reflect.NativeMethodAccessorImpl.invoke0(Native Method)
at sun.reflect.NativeMethodAccessorImpl.invoke(NativeMethodAccessorImpl.java:62)
at sun.reflect.DelegatingMethodAccessorImpl.invoke(DelegatingMethodAccessorImpl.java:43)
at java.lang.reflect.Method.invoke(Method.java:498)
at org.testng.internal.MethodInvocationHelper.invokeMethod(MethodInvocationHelper.java:124)
at org.testng.internal.MethodInvocationHelper.invokeMethodConsideringTimeout(MethodInvocationHelper.java:59)
at org.testng.internal.Invoker.invokeConfigurationMethod(Invoker.java:458)
at org.testng.internal.Invoker.invokeConfigurations(Invoker.java:222)
at org.testng.internal.Invoker.invokeConfigurations(Invoker.java:142)
at org.testng.internal.TestMethodWorker.invokeBeforeClassMethods(TestMethodWorker.java:168)
at org.testng.internal.TestMethodWorker.run(TestMethodWorker.java:105)
at org.testng.TestRunner.privateRun(TestRunner.java:648)
at org.testng.TestRunner.run(TestRunner.java:505)
at org.testng.SuiteRunner.runTest(SuiteRunner.java:455)
at org.testng.SuiteRunner.access$000(SuiteRunner.java:40)
at org.testng.SuiteRunner$SuiteWorker.run(SuiteRunner.java:489)
at org.testng.internal.thread.ThreadUtil$1.call(ThreadUtil.java:52)
at java.util.concurrent.FutureTask.run(FutureTask.java:266)
at java.util.concurrent.ThreadPoolExecutor.runWorker(ThreadPoolExecutor.java:1149)
at java.util.concurrent.ThreadPoolExecutor$Worker.run(ThreadPoolExecutor.java:624)
at java.lang.Thread.run(Thread.java:748)
Caused by: org.openqa.selenium.WebDriverException: Error forwarding the new session Error forwarding the request Connect to 10.250.4.153:5555 [/10.250.4.153] failed: Connection timed out: connect
Build info: version: '3.4.0', revision: 'unknown', time: 'unknown'
System info: host: 'RK-MacWorld.local', ip: 'fe80:0:0:0:10fc:1b8f:746f:21a5%en0', os.name: 'Mac OS X', os.arch: 'x86_64', os.version: '10.13.6', java.version: '1.8.0_221'
Driver info: driver.version: unknown
at org.openqa.grid.web.servlet.handler.RequestHandler.process(RequestHandler.java:115)
at org.openqa.grid.web.servlet.DriverServlet.process(DriverServlet.java:83)
at org.openqa.grid.web.servlet.DriverServlet.doPost(DriverServlet.java:67)
at javax.servlet.http.HttpServlet.service(HttpServlet.java:707)
at javax.servlet.http.HttpServlet.service(HttpServlet.java:790)
at org.seleniumhq.jetty9.servlet.ServletHolder.handle(ServletHolder.java:808)
at org.seleniumhq.jetty9.servlet.ServletHandler.doHandle(ServletHandler.java:587)
at org.seleniumhq.jetty9.server.session.SessionHandler.doHandle(SessionHandler.java:221)
at org.seleniumhq.jetty9.server.handler.ContextHandler.doHandle(ContextHandler.java:1127)
at org.seleniumhq.jetty9.servlet.ServletHandler.doScope(ServletHandler.java:515)
at org.seleniumhq.jetty9.server.session.SessionHandler.doScope(SessionHandler.java:185)
at org.seleniumhq.jetty9.server.handler.ContextHandler.doScope(ContextHandler.java:1061)
at org.seleniumhq.jetty9.server.handler.ScopedHandler.handle(ScopedHandler.java:141)
at org.seleniumhq.jetty9.server.handler.HandlerWrapper.handle(HandlerWrapper.java:97)
at org.seleniumhq.jetty9.server.Server.handle(Server.java:499)
at org.seleniumhq.jetty9.server.HttpChannel.handle(HttpChannel.java:310)
at org.seleniumhq.jetty9.server.HttpConnection.onFillable(HttpConnection.java:257)
at org.seleniumhq.jetty9.io.AbstractConnection$2.run(AbstractConnection.java:540)
at org.seleniumhq.jetty9.util.thread.QueuedThreadPool.runJob(QueuedThreadPool.java:635)
at org.seleniumhq.jetty9.util.thread.QueuedThreadPool$3.run(QueuedThreadPool.java:555)
at java.lang.Thread.run(Unknown Source)
]]>
    </error>
  </testcase> <!-- setUp -->
  <testcase name="testLoginValidation" time="0.000" classname="qlytics.Regression.LoginValidationTest">
    <skipped/>
  </testcase> <!-- testLoginValidation -->
  <testcase name="testLoginValidation" time="0.000" classname="qlytics.Regression.LoginValidationTest">
    <skipped/>
  </testcase> <!-- testLoginValidation -->
  <testcase name="testLoginValidation" time="0.000" classname="qlytics.Regression.LoginValidationTest">
    <skipped/>
  </testcase> <!-- testLoginValidation -->
  <testcase name="testLoginValidation" time="0.000" classname="qlytics.Regression.LoginValidationTest">
    <skipped/>
  </testcase> <!-- testLoginValidation -->
  <testcase name="testLoginValidation" time="0.000" classname="qlytics.Regression.LoginValidationTest">
    <skipped/>
  </testcase> <!-- testLoginValidation -->
  <testcase name="testLoginValidation" time="0.000" classname="qlytics.Regression.LoginValidationTest">
    <skipped/>
  </testcase> <!-- testLoginValidation -->
  <testcase name="testLoginValidation" time="0.000" classname="qlytics.Regression.LoginValidationTest">
    <skipped/>
  </testcase> <!-- testLoginValidation -->
  <testcase name="testLoginValidation" time="0.000" classname="qlytics.Regression.LoginValidationTest">
    <skipped/>
  </testcase> <!-- testLoginValidation -->
</testsuite> <!-- qlytics.Regression.LoginValidationTest -->
