<?xml version="1.0" encoding="UTF-8"?>
<!-- Generated by org.testng.reporters.JUnitXMLReporter -->
<testsuite hostname="Apples-MacBook.local" name="Command line test" tests="61" failures="1" timestamp="23 Aug 2019 10:38:32 GMT" time="2.267" errors="0">
  <testcase name="@AfterMethod checkAlerts" time="0.0" classname="qlytics.Regression.LoginFunctionalityTest">
    <failure type="java.lang.NullPointerException">
      <![CDATA[java.lang.NullPointerException
	at qlytics.Lib.TestBase.checkAlerts(TestBase.java:122)
	at org.apache.maven.surefire.testng.TestNGExecutor.run(TestNGExecutor.java:77)
	at org.apache.maven.surefire.testng.TestNGDirectoryTestSuite.executeMulti(TestNGDirectoryTestSuite.java:159)
	at org.apache.maven.surefire.testng.TestNGDirectoryTestSuite.execute(TestNGDirectoryTestSuite.java:99)
	at org.apache.maven.surefire.testng.TestNGProvider.invoke(TestNGProvider.java:106)
	at org.apache.maven.surefire.util.ReflectionUtils.invokeMethodWithArray(ReflectionUtils.java:189)
	at org.apache.maven.surefire.booter.ProviderFactory$ProviderProxy.invoke(ProviderFactory.java:165)
	at org.apache.maven.surefire.booter.ProviderFactory.invokeProvider(ProviderFactory.java:85)
	at org.apache.maven.surefire.booter.ForkedBooter.runSuitesInProcess(ForkedBooter.java:115)
	at org.apache.maven.surefire.booter.ForkedBooter.main(ForkedBooter.java:75)
... Removed 27 stack frames]]>
    </failure>
  </testcase> <!-- @AfterMethod checkAlerts -->
  <testcase name="@BeforeClass aaasetUp" time="0.0" classname="qlytics.Regression.SignUpFunctionalityTest">
    <skipped/>
  </testcase> <!-- @BeforeClass aaasetUp -->
  <testcase name="@BeforeClass setUp" time="0.0" classname="qlytics.Regression.SignUpFunctionalityTest">
    <skipped/>
  </testcase> <!-- @BeforeClass setUp -->
  <testcase name="@BeforeMethod nameBefore" time="0.0" classname="qlytics.Regression.SignUpFunctionalityTest">
    <skipped/>
  </testcase> <!-- @BeforeMethod nameBefore -->
  <testcase name="@AfterMethod checkAlerts" time="0.0" classname="qlytics.Regression.SignUpFunctionalityTest">
    <skipped/>
  </testcase> <!-- @AfterMethod checkAlerts -->
  <testcase name="@AfterClass quitBrowser" time="0.0" classname="qlytics.Regression.SignUpFunctionalityTest">
    <failure type="java.lang.NullPointerException">
      <![CDATA[java.lang.NullPointerException
	at qlytics.Lib.TestBase.quitBrowser(TestBase.java:129)
	at org.apache.maven.surefire.testng.TestNGExecutor.run(TestNGExecutor.java:77)
	at org.apache.maven.surefire.testng.TestNGDirectoryTestSuite.executeMulti(TestNGDirectoryTestSuite.java:159)
	at org.apache.maven.surefire.testng.TestNGDirectoryTestSuite.execute(TestNGDirectoryTestSuite.java:99)
	at org.apache.maven.surefire.testng.TestNGProvider.invoke(TestNGProvider.java:106)
	at org.apache.maven.surefire.util.ReflectionUtils.invokeMethodWithArray(ReflectionUtils.java:189)
	at org.apache.maven.surefire.booter.ProviderFactory$ProviderProxy.invoke(ProviderFactory.java:165)
	at org.apache.maven.surefire.booter.ProviderFactory.invokeProvider(ProviderFactory.java:85)
	at org.apache.maven.surefire.booter.ForkedBooter.runSuitesInProcess(ForkedBooter.java:115)
	at org.apache.maven.surefire.booter.ForkedBooter.main(ForkedBooter.java:75)
... Removed 25 stack frames]]>
    </failure>
  </testcase> <!-- @AfterClass quitBrowser -->
  <testcase name="@BeforeClass aaasetUp" time="0.0" classname="qlytics.Regression.LoginUiTest">
    <skipped/>
  </testcase> <!-- @BeforeClass aaasetUp -->
  <testcase name="@BeforeClass setUp" time="0.0" classname="qlytics.Regression.LoginUiTest">
    <skipped/>
  </testcase> <!-- @BeforeClass setUp -->
  <testcase name="@BeforeMethod nameBefore" time="0.0" classname="qlytics.Regression.LoginUiTest">
    <skipped/>
  </testcase> <!-- @BeforeMethod nameBefore -->
  <testcase name="@AfterMethod checkAlerts" time="0.0" classname="qlytics.Regression.LoginUiTest">
    <skipped/>
  </testcase> <!-- @AfterMethod checkAlerts -->
  <testcase name="@AfterClass quitBrowser" time="0.0" classname="qlytics.Regression.LoginUiTest">
    <failure type="java.lang.NullPointerException">
      <![CDATA[java.lang.NullPointerException
	at qlytics.Lib.TestBase.quitBrowser(TestBase.java:129)
	at org.apache.maven.surefire.testng.TestNGExecutor.run(TestNGExecutor.java:77)
	at org.apache.maven.surefire.testng.TestNGDirectoryTestSuite.executeMulti(TestNGDirectoryTestSuite.java:159)
	at org.apache.maven.surefire.testng.TestNGDirectoryTestSuite.execute(TestNGDirectoryTestSuite.java:99)
	at org.apache.maven.surefire.testng.TestNGProvider.invoke(TestNGProvider.java:106)
	at org.apache.maven.surefire.util.ReflectionUtils.invokeMethodWithArray(ReflectionUtils.java:189)
	at org.apache.maven.surefire.booter.ProviderFactory$ProviderProxy.invoke(ProviderFactory.java:165)
	at org.apache.maven.surefire.booter.ProviderFactory.invokeProvider(ProviderFactory.java:85)
	at org.apache.maven.surefire.booter.ForkedBooter.runSuitesInProcess(ForkedBooter.java:115)
	at org.apache.maven.surefire.booter.ForkedBooter.main(ForkedBooter.java:75)
... Removed 25 stack frames]]>
    </failure>
  </testcase> <!-- @AfterClass quitBrowser -->
  <testcase name="@BeforeClass aaasetUp" time="0.0" classname="qlytics.Regression.SignUpAbsentValidationTest">
    <skipped/>
  </testcase> <!-- @BeforeClass aaasetUp -->
  <testcase name="@BeforeClass setUp" time="0.0" classname="qlytics.Regression.SignUpAbsentValidationTest">
    <skipped/>
  </testcase> <!-- @BeforeClass setUp -->
  <testcase name="@BeforeMethod nameBefore" time="0.0" classname="qlytics.Regression.SignUpAbsentValidationTest">
    <skipped/>
  </testcase> <!-- @BeforeMethod nameBefore -->
  <testcase name="@AfterMethod checkAlerts" time="0.0" classname="qlytics.Regression.SignUpAbsentValidationTest">
    <skipped/>
  </testcase> <!-- @AfterMethod checkAlerts -->
  <testcase name="@BeforeMethod nameBefore" time="0.0" classname="qlytics.Regression.SignUpAbsentValidationTest">
    <skipped/>
  </testcase> <!-- @BeforeMethod nameBefore -->
  <testcase name="@AfterMethod checkAlerts" time="0.0" classname="qlytics.Regression.SignUpAbsentValidationTest">
    <skipped/>
  </testcase> <!-- @AfterMethod checkAlerts -->
  <testcase name="@BeforeMethod nameBefore" time="0.0" classname="qlytics.Regression.SignUpAbsentValidationTest">
    <skipped/>
  </testcase> <!-- @BeforeMethod nameBefore -->
  <testcase name="@AfterMethod checkAlerts" time="0.0" classname="qlytics.Regression.SignUpAbsentValidationTest">
    <skipped/>
  </testcase> <!-- @AfterMethod checkAlerts -->
  <testcase name="@BeforeMethod nameBefore" time="0.0" classname="qlytics.Regression.SignUpAbsentValidationTest">
    <skipped/>
  </testcase> <!-- @BeforeMethod nameBefore -->
  <testcase name="@AfterMethod checkAlerts" time="0.0" classname="qlytics.Regression.SignUpAbsentValidationTest">
    <skipped/>
  </testcase> <!-- @AfterMethod checkAlerts -->
  <testcase name="@BeforeMethod nameBefore" time="0.0" classname="qlytics.Regression.SignUpAbsentValidationTest">
    <skipped/>
  </testcase> <!-- @BeforeMethod nameBefore -->
  <testcase name="@AfterMethod checkAlerts" time="0.0" classname="qlytics.Regression.SignUpAbsentValidationTest">
    <skipped/>
  </testcase> <!-- @AfterMethod checkAlerts -->
  <testcase name="@BeforeMethod nameBefore" time="0.0" classname="qlytics.Regression.SignUpAbsentValidationTest">
    <skipped/>
  </testcase> <!-- @BeforeMethod nameBefore -->
  <testcase name="@AfterMethod checkAlerts" time="0.0" classname="qlytics.Regression.SignUpAbsentValidationTest">
    <skipped/>
  </testcase> <!-- @AfterMethod checkAlerts -->
  <testcase name="@BeforeMethod nameBefore" time="0.0" classname="qlytics.Regression.SignUpAbsentValidationTest">
    <skipped/>
  </testcase> <!-- @BeforeMethod nameBefore -->
  <testcase name="@AfterMethod checkAlerts" time="0.0" classname="qlytics.Regression.SignUpAbsentValidationTest">
    <skipped/>
  </testcase> <!-- @AfterMethod checkAlerts -->
  <testcase name="@BeforeMethod nameBefore" time="0.0" classname="qlytics.Regression.SignUpAbsentValidationTest">
    <skipped/>
  </testcase> <!-- @BeforeMethod nameBefore -->
  <testcase name="@AfterMethod checkAlerts" time="0.0" classname="qlytics.Regression.SignUpAbsentValidationTest">
    <skipped/>
  </testcase> <!-- @AfterMethod checkAlerts -->
  <testcase name="@BeforeMethod nameBefore" time="0.0" classname="qlytics.Regression.SignUpAbsentValidationTest">
    <skipped/>
  </testcase> <!-- @BeforeMethod nameBefore -->
  <testcase name="@AfterMethod checkAlerts" time="0.0" classname="qlytics.Regression.SignUpAbsentValidationTest">
    <skipped/>
  </testcase> <!-- @AfterMethod checkAlerts -->
  <testcase name="@BeforeMethod nameBefore" time="0.0" classname="qlytics.Regression.SignUpAbsentValidationTest">
    <skipped/>
  </testcase> <!-- @BeforeMethod nameBefore -->
  <testcase name="@AfterMethod checkAlerts" time="0.0" classname="qlytics.Regression.SignUpAbsentValidationTest">
    <skipped/>
  </testcase> <!-- @AfterMethod checkAlerts -->
  <testcase name="@BeforeClass aaasetUp" time="0.0" classname="qlytics.Regression.SignUpPageUiTest">
    <skipped/>
  </testcase> <!-- @BeforeClass aaasetUp -->
  <testcase name="@BeforeClass setUp" time="0.0" classname="qlytics.Regression.SignUpPageUiTest">
    <skipped/>
  </testcase> <!-- @BeforeClass setUp -->
  <testcase name="@BeforeMethod nameBefore" time="0.0" classname="qlytics.Regression.SignUpPageUiTest">
    <skipped/>
  </testcase> <!-- @BeforeMethod nameBefore -->
  <testcase name="@AfterMethod checkAlerts" time="0.0" classname="qlytics.Regression.SignUpPageUiTest">
    <skipped/>
  </testcase> <!-- @AfterMethod checkAlerts -->
  <testcase name="@AfterClass quitBrowser" time="0.0" classname="qlytics.Regression.SignUpPageUiTest">
    <failure type="java.lang.NullPointerException">
      <![CDATA[java.lang.NullPointerException
	at qlytics.Lib.TestBase.quitBrowser(TestBase.java:129)
	at org.apache.maven.surefire.testng.TestNGExecutor.run(TestNGExecutor.java:77)
	at org.apache.maven.surefire.testng.TestNGDirectoryTestSuite.executeMulti(TestNGDirectoryTestSuite.java:159)
	at org.apache.maven.surefire.testng.TestNGDirectoryTestSuite.execute(TestNGDirectoryTestSuite.java:99)
	at org.apache.maven.surefire.testng.TestNGProvider.invoke(TestNGProvider.java:106)
	at org.apache.maven.surefire.util.ReflectionUtils.invokeMethodWithArray(ReflectionUtils.java:189)
	at org.apache.maven.surefire.booter.ProviderFactory$ProviderProxy.invoke(ProviderFactory.java:165)
	at org.apache.maven.surefire.booter.ProviderFactory.invokeProvider(ProviderFactory.java:85)
	at org.apache.maven.surefire.booter.ForkedBooter.runSuitesInProcess(ForkedBooter.java:115)
	at org.apache.maven.surefire.booter.ForkedBooter.main(ForkedBooter.java:75)
... Removed 25 stack frames]]>
    </failure>
  </testcase> <!-- @AfterClass quitBrowser -->
  <testcase name="@BeforeClass aaasetUp" time="0.0" classname="qlytics.Regression.LoginValidationTest">
    <skipped/>
  </testcase> <!-- @BeforeClass aaasetUp -->
  <testcase name="@BeforeClass setUp" time="0.0" classname="qlytics.Regression.LoginValidationTest">
    <skipped/>
  </testcase> <!-- @BeforeClass setUp -->
  <testcase name="@BeforeMethod nameBefore" time="0.0" classname="qlytics.Regression.LoginValidationTest">
    <skipped/>
  </testcase> <!-- @BeforeMethod nameBefore -->
  <testcase name="@AfterMethod checkAlerts" time="0.0" classname="qlytics.Regression.LoginValidationTest">
    <skipped/>
  </testcase> <!-- @AfterMethod checkAlerts -->
  <testcase name="@BeforeMethod nameBefore" time="0.0" classname="qlytics.Regression.LoginValidationTest">
    <skipped/>
  </testcase> <!-- @BeforeMethod nameBefore -->
  <testcase name="@AfterMethod checkAlerts" time="0.0" classname="qlytics.Regression.LoginValidationTest">
    <skipped/>
  </testcase> <!-- @AfterMethod checkAlerts -->
  <testcase name="@BeforeMethod nameBefore" time="0.0" classname="qlytics.Regression.LoginValidationTest">
    <skipped/>
  </testcase> <!-- @BeforeMethod nameBefore -->
  <testcase name="@AfterMethod checkAlerts" time="0.0" classname="qlytics.Regression.LoginValidationTest">
    <skipped/>
  </testcase> <!-- @AfterMethod checkAlerts -->
  <testcase name="@BeforeMethod nameBefore" time="0.0" classname="qlytics.Regression.LoginValidationTest">
    <skipped/>
  </testcase> <!-- @BeforeMethod nameBefore -->
  <testcase name="@AfterMethod checkAlerts" time="0.0" classname="qlytics.Regression.LoginValidationTest">
    <skipped/>
  </testcase> <!-- @AfterMethod checkAlerts -->
  <testcase name="@BeforeMethod nameBefore" time="0.0" classname="qlytics.Regression.LoginValidationTest">
    <skipped/>
  </testcase> <!-- @BeforeMethod nameBefore -->
  <testcase name="@AfterMethod checkAlerts" time="0.0" classname="qlytics.Regression.LoginValidationTest">
    <skipped/>
  </testcase> <!-- @AfterMethod checkAlerts -->
  <testcase name="@BeforeMethod nameBefore" time="0.002" classname="qlytics.Regression.LoginValidationTest">
    <skipped/>
  </testcase> <!-- @BeforeMethod nameBefore -->
  <testcase name="@AfterMethod checkAlerts" time="0.0" classname="qlytics.Regression.LoginValidationTest">
    <skipped/>
  </testcase> <!-- @AfterMethod checkAlerts -->
  <testcase name="@BeforeMethod nameBefore" time="0.0" classname="qlytics.Regression.LoginValidationTest">
    <skipped/>
  </testcase> <!-- @BeforeMethod nameBefore -->
  <testcase name="@AfterMethod checkAlerts" time="0.0" classname="qlytics.Regression.LoginValidationTest">
    <skipped/>
  </testcase> <!-- @AfterMethod checkAlerts -->
  <testcase name="@BeforeMethod nameBefore" time="0.0" classname="qlytics.Regression.LoginValidationTest">
    <skipped/>
  </testcase> <!-- @BeforeMethod nameBefore -->
  <testcase name="@AfterMethod checkAlerts" time="0.0" classname="qlytics.Regression.LoginValidationTest">
    <skipped/>
  </testcase> <!-- @AfterMethod checkAlerts -->
  <testcase name="@BeforeMethod nameBefore" time="0.0" classname="qlytics.Regression.LoginValidationTest">
    <skipped/>
  </testcase> <!-- @BeforeMethod nameBefore -->
  <testcase name="@AfterMethod checkAlerts" time="0.0" classname="qlytics.Regression.LoginValidationTest">
    <skipped/>
  </testcase> <!-- @AfterMethod checkAlerts -->
  <testcase name="@BeforeMethod nameBefore" time="0.0" classname="qlytics.Regression.LoginValidationTest">
    <skipped/>
  </testcase> <!-- @BeforeMethod nameBefore -->
  <testcase name="@AfterMethod checkAlerts" time="0.0" classname="qlytics.Regression.LoginValidationTest">
    <skipped/>
  </testcase> <!-- @AfterMethod checkAlerts -->
  <testcase name="@BeforeMethod nameBefore" time="0.0" classname="qlytics.Regression.LoginValidationTest">
    <skipped/>
  </testcase> <!-- @BeforeMethod nameBefore -->
  <testcase name="@AfterMethod checkAlerts" time="0.0" classname="qlytics.Regression.LoginValidationTest">
    <skipped/>
  </testcase> <!-- @AfterMethod checkAlerts -->
  <testcase name="@BeforeMethod nameBefore" time="0.0" classname="qlytics.Regression.LoginValidationTest">
    <skipped/>
  </testcase> <!-- @BeforeMethod nameBefore -->
  <testcase name="@AfterMethod checkAlerts" time="0.0" classname="qlytics.Regression.LoginValidationTest">
    <skipped/>
  </testcase> <!-- @AfterMethod checkAlerts -->
  <testcase name="@BeforeMethod nameBefore" time="0.0" classname="qlytics.Regression.LoginValidationTest">
    <skipped/>
  </testcase> <!-- @BeforeMethod nameBefore -->
  <testcase name="@AfterMethod checkAlerts" time="0.0" classname="qlytics.Regression.LoginValidationTest">
    <skipped/>
  </testcase> <!-- @AfterMethod checkAlerts -->
  <testcase name="@BeforeMethod nameBefore" time="0.0" classname="qlytics.Regression.LoginValidationTest">
    <skipped/>
  </testcase> <!-- @BeforeMethod nameBefore -->
  <testcase name="@AfterMethod checkAlerts" time="0.0" classname="qlytics.Regression.LoginValidationTest">
    <skipped/>
  </testcase> <!-- @AfterMethod checkAlerts -->
  <testcase name="@BeforeMethod nameBefore" time="0.0" classname="qlytics.Regression.LoginValidationTest">
    <skipped/>
  </testcase> <!-- @BeforeMethod nameBefore -->
  <testcase name="@AfterMethod checkAlerts" time="0.0" classname="qlytics.Regression.LoginValidationTest">
    <skipped/>
  </testcase> <!-- @AfterMethod checkAlerts -->
  <testcase name="@BeforeMethod nameBefore" time="0.0" classname="qlytics.Regression.LoginValidationTest">
    <skipped/>
  </testcase> <!-- @BeforeMethod nameBefore -->
  <testcase name="@AfterMethod checkAlerts" time="0.0" classname="qlytics.Regression.LoginValidationTest">
    <skipped/>
  </testcase> <!-- @AfterMethod checkAlerts -->
  <testcase name="@BeforeMethod nameBefore" time="0.0" classname="qlytics.Regression.LoginValidationTest">
    <skipped/>
  </testcase> <!-- @BeforeMethod nameBefore -->
  <testcase name="@AfterMethod checkAlerts" time="0.0" classname="qlytics.Regression.LoginValidationTest">
    <skipped/>
  </testcase> <!-- @AfterMethod checkAlerts -->
  <testcase name="@BeforeMethod nameBefore" time="0.0" classname="qlytics.Regression.LoginValidationTest">
    <skipped/>
  </testcase> <!-- @BeforeMethod nameBefore -->
  <testcase name="@AfterMethod checkAlerts" time="0.0" classname="qlytics.Regression.LoginValidationTest">
    <skipped/>
  </testcase> <!-- @AfterMethod checkAlerts -->
  <testcase name="@BeforeMethod nameBefore" time="0.0" classname="qlytics.Regression.LoginValidationTest">
    <skipped/>
  </testcase> <!-- @BeforeMethod nameBefore -->
  <testcase name="@AfterMethod checkAlerts" time="0.0" classname="qlytics.Regression.LoginValidationTest">
    <skipped/>
  </testcase> <!-- @AfterMethod checkAlerts -->
  <testcase name="@BeforeMethod nameBefore" time="0.0" classname="qlytics.Regression.LoginValidationTest">
    <skipped/>
  </testcase> <!-- @BeforeMethod nameBefore -->
  <testcase name="@AfterMethod checkAlerts" time="0.0" classname="qlytics.Regression.LoginValidationTest">
    <skipped/>
  </testcase> <!-- @AfterMethod checkAlerts -->
  <testcase name="@BeforeMethod nameBefore" time="0.0" classname="qlytics.Regression.LoginValidationTest">
    <skipped/>
  </testcase> <!-- @BeforeMethod nameBefore -->
  <testcase name="@AfterMethod checkAlerts" time="0.0" classname="qlytics.Regression.LoginValidationTest">
    <skipped/>
  </testcase> <!-- @AfterMethod checkAlerts -->
  <testcase name="@BeforeMethod nameBefore" time="0.0" classname="qlytics.Regression.LoginValidationTest">
    <skipped/>
  </testcase> <!-- @BeforeMethod nameBefore -->
  <testcase name="@AfterMethod checkAlerts" time="0.0" classname="qlytics.Regression.LoginValidationTest">
    <skipped/>
  </testcase> <!-- @AfterMethod checkAlerts -->
  <testcase name="@BeforeMethod nameBefore" time="0.0" classname="qlytics.Regression.LoginValidationTest">
    <skipped/>
  </testcase> <!-- @BeforeMethod nameBefore -->
  <testcase name="@AfterMethod checkAlerts" time="0.0" classname="qlytics.Regression.LoginValidationTest">
    <skipped/>
  </testcase> <!-- @AfterMethod checkAlerts -->
  <testcase name="@BeforeMethod nameBefore" time="0.0" classname="qlytics.Regression.LoginValidationTest">
    <skipped/>
  </testcase> <!-- @BeforeMethod nameBefore -->
  <testcase name="@AfterMethod checkAlerts" time="0.0" classname="qlytics.Regression.LoginValidationTest">
    <skipped/>
  </testcase> <!-- @AfterMethod checkAlerts -->
  <testcase name="@AfterClass quitBrowser" time="0.0" classname="qlytics.Regression.LoginValidationTest">
    <failure type="java.lang.NullPointerException">
      <![CDATA[java.lang.NullPointerException
	at qlytics.Regression.LoginValidationTest.quitBrowser(LoginValidationTest.java:85)
	at org.apache.maven.surefire.testng.TestNGExecutor.run(TestNGExecutor.java:77)
	at org.apache.maven.surefire.testng.TestNGDirectoryTestSuite.executeMulti(TestNGDirectoryTestSuite.java:159)
	at org.apache.maven.surefire.testng.TestNGDirectoryTestSuite.execute(TestNGDirectoryTestSuite.java:99)
	at org.apache.maven.surefire.testng.TestNGProvider.invoke(TestNGProvider.java:106)
	at org.apache.maven.surefire.util.ReflectionUtils.invokeMethodWithArray(ReflectionUtils.java:189)
	at org.apache.maven.surefire.booter.ProviderFactory$ProviderProxy.invoke(ProviderFactory.java:165)
	at org.apache.maven.surefire.booter.ProviderFactory.invokeProvider(ProviderFactory.java:85)
	at org.apache.maven.surefire.booter.ForkedBooter.runSuitesInProcess(ForkedBooter.java:115)
	at org.apache.maven.surefire.booter.ForkedBooter.main(ForkedBooter.java:75)
... Removed 25 stack frames]]>
    </failure>
  </testcase> <!-- @AfterClass quitBrowser -->
  <testcase name="@BeforeClass aaasetUp" time="0.0" classname="qlytics.Regression.SignUpFullValidationTest">
    <skipped/>
  </testcase> <!-- @BeforeClass aaasetUp -->
  <testcase name="@BeforeClass setUp" time="0.0" classname="qlytics.Regression.SignUpFullValidationTest">
    <skipped/>
  </testcase> <!-- @BeforeClass setUp -->
  <testcase name="@BeforeMethod nameBefore" time="0.0" classname="qlytics.Regression.SignUpFullValidationTest">
    <skipped/>
  </testcase> <!-- @BeforeMethod nameBefore -->
  <testcase name="@AfterMethod checkAlerts" time="0.0" classname="qlytics.Regression.SignUpFullValidationTest">
    <skipped/>
  </testcase> <!-- @AfterMethod checkAlerts -->
  <testcase name="@BeforeMethod nameBefore" time="0.0" classname="qlytics.Regression.SignUpFullValidationTest">
    <skipped/>
  </testcase> <!-- @BeforeMethod nameBefore -->
  <testcase name="@AfterMethod checkAlerts" time="0.0" classname="qlytics.Regression.SignUpFullValidationTest">
    <skipped/>
  </testcase> <!-- @AfterMethod checkAlerts -->
  <testcase name="@BeforeMethod nameBefore" time="0.0" classname="qlytics.Regression.SignUpFullValidationTest">
    <skipped/>
  </testcase> <!-- @BeforeMethod nameBefore -->
  <testcase name="@AfterMethod checkAlerts" time="0.0" classname="qlytics.Regression.SignUpFullValidationTest">
    <skipped/>
  </testcase> <!-- @AfterMethod checkAlerts -->
  <testcase name="@BeforeMethod nameBefore" time="0.0" classname="qlytics.Regression.SignUpFullValidationTest">
    <skipped/>
  </testcase> <!-- @BeforeMethod nameBefore -->
  <testcase name="@AfterMethod checkAlerts" time="0.0" classname="qlytics.Regression.SignUpFullValidationTest">
    <skipped/>
  </testcase> <!-- @AfterMethod checkAlerts -->
  <testcase name="@BeforeMethod nameBefore" time="0.0" classname="qlytics.Regression.SignUpFullValidationTest">
    <skipped/>
  </testcase> <!-- @BeforeMethod nameBefore -->
  <testcase name="@AfterMethod checkAlerts" time="0.0" classname="qlytics.Regression.SignUpFullValidationTest">
    <skipped/>
  </testcase> <!-- @AfterMethod checkAlerts -->
  <testcase name="@BeforeMethod nameBefore" time="0.0" classname="qlytics.Regression.SignUpFullValidationTest">
    <skipped/>
  </testcase> <!-- @BeforeMethod nameBefore -->
  <testcase name="@AfterMethod checkAlerts" time="0.0" classname="qlytics.Regression.SignUpFullValidationTest">
    <skipped/>
  </testcase> <!-- @AfterMethod checkAlerts -->
  <testcase name="@BeforeMethod nameBefore" time="0.0" classname="qlytics.Regression.SignUpFullValidationTest">
    <skipped/>
  </testcase> <!-- @BeforeMethod nameBefore -->
  <testcase name="@AfterMethod checkAlerts" time="0.0" classname="qlytics.Regression.SignUpFullValidationTest">
    <skipped/>
  </testcase> <!-- @AfterMethod checkAlerts -->
  <testcase name="@BeforeMethod nameBefore" time="0.0" classname="qlytics.Regression.SignUpFullValidationTest">
    <skipped/>
  </testcase> <!-- @BeforeMethod nameBefore -->
  <testcase name="@AfterMethod checkAlerts" time="0.0" classname="qlytics.Regression.SignUpFullValidationTest">
    <skipped/>
  </testcase> <!-- @AfterMethod checkAlerts -->
  <testcase name="@BeforeMethod nameBefore" time="0.0" classname="qlytics.Regression.SignUpFullValidationTest">
    <skipped/>
  </testcase> <!-- @BeforeMethod nameBefore -->
  <testcase name="@AfterMethod checkAlerts" time="0.0" classname="qlytics.Regression.SignUpFullValidationTest">
    <skipped/>
  </testcase> <!-- @AfterMethod checkAlerts -->
  <testcase name="@BeforeMethod nameBefore" time="0.0" classname="qlytics.Regression.SignUpFullValidationTest">
    <skipped/>
  </testcase> <!-- @BeforeMethod nameBefore -->
  <testcase name="@AfterMethod checkAlerts" time="0.0" classname="qlytics.Regression.SignUpFullValidationTest">
    <skipped/>
  </testcase> <!-- @AfterMethod checkAlerts -->
  <testcase name="@BeforeMethod nameBefore" time="0.0" classname="qlytics.Regression.SignUpFullValidationTest">
    <skipped/>
  </testcase> <!-- @BeforeMethod nameBefore -->
  <testcase name="@AfterMethod checkAlerts" time="0.0" classname="qlytics.Regression.SignUpFullValidationTest">
    <skipped/>
  </testcase> <!-- @AfterMethod checkAlerts -->
  <testcase name="@BeforeMethod nameBefore" time="0.0" classname="qlytics.Regression.SignUpFullValidationTest">
    <skipped/>
  </testcase> <!-- @BeforeMethod nameBefore -->
  <testcase name="@AfterMethod checkAlerts" time="0.0" classname="qlytics.Regression.SignUpFullValidationTest">
    <skipped/>
  </testcase> <!-- @AfterMethod checkAlerts -->
  <testcase name="@BeforeMethod nameBefore" time="0.0" classname="qlytics.Regression.SignUpFullValidationTest">
    <skipped/>
  </testcase> <!-- @BeforeMethod nameBefore -->
  <testcase name="@AfterMethod checkAlerts" time="0.0" classname="qlytics.Regression.SignUpFullValidationTest">
    <skipped/>
  </testcase> <!-- @AfterMethod checkAlerts -->
  <testcase name="@BeforeMethod nameBefore" time="0.0" classname="qlytics.Regression.SignUpFullValidationTest">
    <skipped/>
  </testcase> <!-- @BeforeMethod nameBefore -->
  <testcase name="@AfterMethod checkAlerts" time="0.0" classname="qlytics.Regression.SignUpFullValidationTest">
    <skipped/>
  </testcase> <!-- @AfterMethod checkAlerts -->
  <testcase name="@BeforeMethod nameBefore" time="0.0" classname="qlytics.Regression.SignUpFullValidationTest">
    <skipped/>
  </testcase> <!-- @BeforeMethod nameBefore -->
  <testcase name="@AfterMethod checkAlerts" time="0.0" classname="qlytics.Regression.SignUpFullValidationTest">
    <skipped/>
  </testcase> <!-- @AfterMethod checkAlerts -->
  <testcase name="@BeforeMethod nameBefore" time="0.0" classname="qlytics.Regression.SignUpFullValidationTest">
    <skipped/>
  </testcase> <!-- @BeforeMethod nameBefore -->
  <testcase name="@AfterMethod checkAlerts" time="0.0" classname="qlytics.Regression.SignUpFullValidationTest">
    <skipped/>
  </testcase> <!-- @AfterMethod checkAlerts -->
  <testcase name="@BeforeMethod nameBefore" time="0.0" classname="qlytics.Regression.SignUpFullValidationTest">
    <skipped/>
  </testcase> <!-- @BeforeMethod nameBefore -->
  <testcase name="@AfterMethod checkAlerts" time="0.0" classname="qlytics.Regression.SignUpFullValidationTest">
    <skipped/>
  </testcase> <!-- @AfterMethod checkAlerts -->
  <testcase name="@BeforeMethod nameBefore" time="0.0" classname="qlytics.Regression.SignUpFullValidationTest">
    <skipped/>
  </testcase> <!-- @BeforeMethod nameBefore -->
  <testcase name="@AfterMethod checkAlerts" time="0.0" classname="qlytics.Regression.SignUpFullValidationTest">
    <skipped/>
  </testcase> <!-- @AfterMethod checkAlerts -->
  <testcase name="@BeforeMethod nameBefore" time="0.0" classname="qlytics.Regression.SignUpFullValidationTest">
    <skipped/>
  </testcase> <!-- @BeforeMethod nameBefore -->
  <testcase name="@AfterMethod checkAlerts" time="0.0" classname="qlytics.Regression.SignUpFullValidationTest">
    <skipped/>
  </testcase> <!-- @AfterMethod checkAlerts -->
  <testcase name="@BeforeMethod nameBefore" time="0.0" classname="qlytics.Regression.SignUpFullValidationTest">
    <skipped/>
  </testcase> <!-- @BeforeMethod nameBefore -->
  <testcase name="@AfterMethod checkAlerts" time="0.0" classname="qlytics.Regression.SignUpFullValidationTest">
    <skipped/>
  </testcase> <!-- @AfterMethod checkAlerts -->
  <testcase name="@BeforeMethod nameBefore" time="0.0" classname="qlytics.Regression.SignUpFullValidationTest">
    <skipped/>
  </testcase> <!-- @BeforeMethod nameBefore -->
  <testcase name="@AfterMethod checkAlerts" time="0.0" classname="qlytics.Regression.SignUpFullValidationTest">
    <skipped/>
  </testcase> <!-- @AfterMethod checkAlerts -->
  <testcase name="@BeforeMethod nameBefore" time="0.0" classname="qlytics.Regression.SignUpFullValidationTest">
    <skipped/>
  </testcase> <!-- @BeforeMethod nameBefore -->
  <testcase name="@AfterMethod checkAlerts" time="0.0" classname="qlytics.Regression.SignUpFullValidationTest">
    <skipped/>
  </testcase> <!-- @AfterMethod checkAlerts -->
  <testcase name="registration" time="1.787" classname="qlytics.Regression.LoginFunctionalityTest">
    <failure type="org.openqa.selenium.SessionNotCreatedException" message="session not created: Chrome version must be between 70 and 73
  (Driver info: chromedriver=73.0.3683.68 (47787ec04b6e38e22703e856e101e840b65afe72),platform=Mac OS X 10.14.6 x86_64) (WARNING: The server did not provide any stacktrace information)
Command duration or timeout: 1.20 seconds
Build info: version: &amp;apos;3.4.0&amp;apos;, revision: &amp;apos;unknown&amp;apos;, time: &amp;apos;unknown&amp;apos;
System info: host: &amp;apos;Apples-MacBook.local&amp;apos;, ip: &amp;apos;fe80:0:0:0:148f:f367:5286:ee62%en0&amp;apos;, os.name: &amp;apos;Mac OS X&amp;apos;, os.arch: &amp;apos;x86_64&amp;apos;, os.version: &amp;apos;10.14.6&amp;apos;, java.version: &amp;apos;1.8.0_201&amp;apos;
Driver info: driver.version: ChromeDriver">
      <![CDATA[org.openqa.selenium.SessionNotCreatedException: session not created: Chrome version must be between 70 and 73
  (Driver info: chromedriver=73.0.3683.68 (47787ec04b6e38e22703e856e101e840b65afe72),platform=Mac OS X 10.14.6 x86_64) (WARNING: The server did not provide any stacktrace information)
Command duration or timeout: 1.20 seconds
Build info: version: '3.4.0', revision: 'unknown', time: 'unknown'
System info: host: 'Apples-MacBook.local', ip: 'fe80:0:0:0:148f:f367:5286:ee62%en0', os.name: 'Mac OS X', os.arch: 'x86_64', os.version: '10.14.6', java.version: '1.8.0_201'
Driver info: driver.version: ChromeDriver
	at org.openqa.selenium.remote.ErrorHandler.createThrowable(ErrorHandler.java:215)
	at org.openqa.selenium.remote.ErrorHandler.throwIfResponseFailed(ErrorHandler.java:167)
	at org.openqa.selenium.remote.JsonWireProtocolResponse.lambda$new$0(JsonWireProtocolResponse.java:53)
	at org.openqa.selenium.remote.JsonWireProtocolResponse.lambda$getResponseFunction$2(JsonWireProtocolResponse.java:91)
	at org.openqa.selenium.remote.ProtocolHandshake.lambda$createSession$22(ProtocolHandshake.java:365)
	at java.util.stream.ReferencePipeline$3$1.accept(ReferencePipeline.java:193)
	at java.util.Spliterators$ArraySpliterator.tryAdvance(Spliterators.java:958)
	at java.util.stream.ReferencePipeline.forEachWithCancel(ReferencePipeline.java:126)
	at java.util.stream.AbstractPipeline.copyIntoWithCancel(AbstractPipeline.java:498)
	at java.util.stream.AbstractPipeline.copyInto(AbstractPipeline.java:485)
	at java.util.stream.AbstractPipeline.wrapAndCopyInto(AbstractPipeline.java:471)
	at java.util.stream.FindOps$FindOp.evaluateSequential(FindOps.java:152)
	at java.util.stream.AbstractPipeline.evaluate(AbstractPipeline.java:234)
	at java.util.stream.ReferencePipeline.findFirst(ReferencePipeline.java:464)
	at org.openqa.selenium.remote.ProtocolHandshake.createSession(ProtocolHandshake.java:368)
	at org.openqa.selenium.remote.ProtocolHandshake.createSession(ProtocolHandshake.java:159)
	at org.openqa.selenium.remote.HttpCommandExecutor.execute(HttpCommandExecutor.java:142)
	at org.openqa.selenium.remote.service.DriverCommandExecutor.execute(DriverCommandExecutor.java:82)
	at org.openqa.selenium.remote.RemoteWebDriver.execute(RemoteWebDriver.java:637)
	at org.openqa.selenium.remote.RemoteWebDriver.startSession(RemoteWebDriver.java:250)
	at org.openqa.selenium.remote.RemoteWebDriver.startSession(RemoteWebDriver.java:236)
	at org.openqa.selenium.remote.RemoteWebDriver.<init>(RemoteWebDriver.java:137)
	at org.openqa.selenium.chrome.ChromeDriver.<init>(ChromeDriver.java:184)
	at org.openqa.selenium.chrome.ChromeDriver.<init>(ChromeDriver.java:171)
	at org.openqa.selenium.chrome.ChromeDriver.<init>(ChromeDriver.java:124)
	at qlytics.Lib.AppLibrary.getDriverInstance(AppLibrary.java:333)
	at qlytics.Regression.LoginFunctionalityTest.registration(LoginFunctionalityTest.java:44)
	at org.apache.maven.surefire.testng.TestNGExecutor.run(TestNGExecutor.java:77)
	at org.apache.maven.surefire.testng.TestNGDirectoryTestSuite.executeMulti(TestNGDirectoryTestSuite.java:159)
	at org.apache.maven.surefire.testng.TestNGDirectoryTestSuite.execute(TestNGDirectoryTestSuite.java:99)
	at org.apache.maven.surefire.testng.TestNGProvider.invoke(TestNGProvider.java:106)
	at org.apache.maven.surefire.util.ReflectionUtils.invokeMethodWithArray(ReflectionUtils.java:189)
	at org.apache.maven.surefire.booter.ProviderFactory$ProviderProxy.invoke(ProviderFactory.java:165)
	at org.apache.maven.surefire.booter.ProviderFactory.invokeProvider(ProviderFactory.java:85)
	at org.apache.maven.surefire.booter.ForkedBooter.runSuitesInProcess(ForkedBooter.java:115)
	at org.apache.maven.surefire.booter.ForkedBooter.main(ForkedBooter.java:75)
... Removed 29 stack frames]]>
    </failure>
  </testcase> <!-- registration -->
  <testcase name="signUpFunctionalityTest" time="0.0" classname="qlytics.Regression.SignUpFunctionalityTest">
    <skipped/>
  </testcase> <!-- signUpFunctionalityTest -->
  <testcase name="LoginPageUi" time="0.0" classname="qlytics.Regression.LoginUiTest">
    <skipped/>
  </testcase> <!-- LoginPageUi -->
  <testcase name="testSignUpAbsentValidation" time="0.0" classname="qlytics.Regression.SignUpAbsentValidationTest">
    <skipped/>
  </testcase> <!-- testSignUpAbsentValidation -->
  <testcase name="testSignUpAbsentValidation" time="0.0" classname="qlytics.Regression.SignUpAbsentValidationTest">
    <skipped/>
  </testcase> <!-- testSignUpAbsentValidation -->
  <testcase name="testSignUpAbsentValidation" time="0.0" classname="qlytics.Regression.SignUpAbsentValidationTest">
    <skipped/>
  </testcase> <!-- testSignUpAbsentValidation -->
  <testcase name="testSignUpAbsentValidation" time="0.0" classname="qlytics.Regression.SignUpAbsentValidationTest">
    <skipped/>
  </testcase> <!-- testSignUpAbsentValidation -->
  <testcase name="testSignUpAbsentValidation" time="0.0" classname="qlytics.Regression.SignUpAbsentValidationTest">
    <skipped/>
  </testcase> <!-- testSignUpAbsentValidation -->
  <testcase name="testSignUpAbsentValidation" time="0.0" classname="qlytics.Regression.SignUpAbsentValidationTest">
    <skipped/>
  </testcase> <!-- testSignUpAbsentValidation -->
  <testcase name="testSignUpAbsentValidation" time="0.0" classname="qlytics.Regression.SignUpAbsentValidationTest">
    <skipped/>
  </testcase> <!-- testSignUpAbsentValidation -->
  <testcase name="testSignUpAbsentValidation" time="0.0" classname="qlytics.Regression.SignUpAbsentValidationTest">
    <skipped/>
  </testcase> <!-- testSignUpAbsentValidation -->
  <testcase name="testSignUpAbsentValidation" time="0.0" classname="qlytics.Regression.SignUpAbsentValidationTest">
    <skipped/>
  </testcase> <!-- testSignUpAbsentValidation -->
  <testcase name="testSignUpAbsentValidation" time="0.001" classname="qlytics.Regression.SignUpAbsentValidationTest">
    <skipped/>
  </testcase> <!-- testSignUpAbsentValidation -->
  <testcase name="SignUpPageUi" time="0.0" classname="qlytics.Regression.SignUpPageUiTest">
    <skipped/>
  </testcase> <!-- SignUpPageUi -->
  <testcase name="testLoginValidation" time="0.0" classname="qlytics.Regression.LoginValidationTest">
    <skipped/>
  </testcase> <!-- testLoginValidation -->
  <testcase name="testLoginValidation" time="0.0" classname="qlytics.Regression.LoginValidationTest">
    <skipped/>
  </testcase> <!-- testLoginValidation -->
  <testcase name="testLoginValidation" time="0.0" classname="qlytics.Regression.LoginValidationTest">
    <skipped/>
  </testcase> <!-- testLoginValidation -->
  <testcase name="testLoginValidation" time="0.0" classname="qlytics.Regression.LoginValidationTest">
    <skipped/>
  </testcase> <!-- testLoginValidation -->
  <testcase name="testLoginValidation" time="0.0" classname="qlytics.Regression.LoginValidationTest">
    <skipped/>
  </testcase> <!-- testLoginValidation -->
  <testcase name="testLoginValidation" time="0.0" classname="qlytics.Regression.LoginValidationTest">
    <skipped/>
  </testcase> <!-- testLoginValidation -->
  <testcase name="testLoginValidation" time="0.0" classname="qlytics.Regression.LoginValidationTest">
    <skipped/>
  </testcase> <!-- testLoginValidation -->
  <testcase name="testLoginValidation" time="0.0" classname="qlytics.Regression.LoginValidationTest">
    <skipped/>
  </testcase> <!-- testLoginValidation -->
  <testcase name="testLoginValidation" time="0.0" classname="qlytics.Regression.LoginValidationTest">
    <skipped/>
  </testcase> <!-- testLoginValidation -->
  <testcase name="testLoginValidation" time="0.0" classname="qlytics.Regression.LoginValidationTest">
    <skipped/>
  </testcase> <!-- testLoginValidation -->
  <testcase name="testLoginValidation" time="0.0" classname="qlytics.Regression.LoginValidationTest">
    <skipped/>
  </testcase> <!-- testLoginValidation -->
  <testcase name="testLoginValidation" time="0.0" classname="qlytics.Regression.LoginValidationTest">
    <skipped/>
  </testcase> <!-- testLoginValidation -->
  <testcase name="testLoginValidation" time="0.0" classname="qlytics.Regression.LoginValidationTest">
    <skipped/>
  </testcase> <!-- testLoginValidation -->
  <testcase name="testLoginValidation" time="0.0" classname="qlytics.Regression.LoginValidationTest">
    <skipped/>
  </testcase> <!-- testLoginValidation -->
  <testcase name="testLoginValidation" time="0.0" classname="qlytics.Regression.LoginValidationTest">
    <skipped/>
  </testcase> <!-- testLoginValidation -->
  <testcase name="testLoginValidation" time="0.0" classname="qlytics.Regression.LoginValidationTest">
    <skipped/>
  </testcase> <!-- testLoginValidation -->
  <testcase name="testLoginValidation" time="0.0" classname="qlytics.Regression.LoginValidationTest">
    <skipped/>
  </testcase> <!-- testLoginValidation -->
  <testcase name="testLoginValidation" time="0.0" classname="qlytics.Regression.LoginValidationTest">
    <skipped/>
  </testcase> <!-- testLoginValidation -->
  <testcase name="testLoginValidation" time="0.0" classname="qlytics.Regression.LoginValidationTest">
    <skipped/>
  </testcase> <!-- testLoginValidation -->
  <testcase name="testLoginValidation" time="0.0" classname="qlytics.Regression.LoginValidationTest">
    <skipped/>
  </testcase> <!-- testLoginValidation -->
  <testcase name="testLoginValidation" time="0.001" classname="qlytics.Regression.LoginValidationTest">
    <skipped/>
  </testcase> <!-- testLoginValidation -->
  <testcase name="testLoginValidation" time="0.0" classname="qlytics.Regression.LoginValidationTest">
    <skipped/>
  </testcase> <!-- testLoginValidation -->
  <testcase name="testLoginValidation" time="0.001" classname="qlytics.Regression.LoginValidationTest">
    <skipped/>
  </testcase> <!-- testLoginValidation -->
  <testcase name="testLoginValidation" time="0.0" classname="qlytics.Regression.LoginValidationTest">
    <skipped/>
  </testcase> <!-- testLoginValidation -->
  <testcase name="testSignupFullValidation" time="0.0" classname="qlytics.Regression.SignUpFullValidationTest">
    <skipped/>
  </testcase> <!-- testSignupFullValidation -->
  <testcase name="testSignupFullValidation" time="0.001" classname="qlytics.Regression.SignUpFullValidationTest">
    <skipped/>
  </testcase> <!-- testSignupFullValidation -->
  <testcase name="testSignupFullValidation" time="0.0" classname="qlytics.Regression.SignUpFullValidationTest">
    <skipped/>
  </testcase> <!-- testSignupFullValidation -->
  <testcase name="testSignupFullValidation" time="0.0" classname="qlytics.Regression.SignUpFullValidationTest">
    <skipped/>
  </testcase> <!-- testSignupFullValidation -->
  <testcase name="testSignupFullValidation" time="0.0" classname="qlytics.Regression.SignUpFullValidationTest">
    <skipped/>
  </testcase> <!-- testSignupFullValidation -->
  <testcase name="testSignupFullValidation" time="0.0" classname="qlytics.Regression.SignUpFullValidationTest">
    <skipped/>
  </testcase> <!-- testSignupFullValidation -->
  <testcase name="testSignupFullValidation" time="0.0" classname="qlytics.Regression.SignUpFullValidationTest">
    <skipped/>
  </testcase> <!-- testSignupFullValidation -->
  <testcase name="testSignupFullValidation" time="0.001" classname="qlytics.Regression.SignUpFullValidationTest">
    <skipped/>
  </testcase> <!-- testSignupFullValidation -->
  <testcase name="testSignupFullValidation" time="0.0" classname="qlytics.Regression.SignUpFullValidationTest">
    <skipped/>
  </testcase> <!-- testSignupFullValidation -->
  <testcase name="testSignupFullValidation" time="0.0" classname="qlytics.Regression.SignUpFullValidationTest">
    <skipped/>
  </testcase> <!-- testSignupFullValidation -->
  <testcase name="testSignupFullValidation" time="0.0" classname="qlytics.Regression.SignUpFullValidationTest">
    <skipped/>
  </testcase> <!-- testSignupFullValidation -->
  <testcase name="testSignupFullValidation" time="0.0" classname="qlytics.Regression.SignUpFullValidationTest">
    <skipped/>
  </testcase> <!-- testSignupFullValidation -->
  <testcase name="testSignupFullValidation" time="0.0" classname="qlytics.Regression.SignUpFullValidationTest">
    <skipped/>
  </testcase> <!-- testSignupFullValidation -->
  <testcase name="testSignupFullValidation" time="0.0" classname="qlytics.Regression.SignUpFullValidationTest">
    <skipped/>
  </testcase> <!-- testSignupFullValidation -->
  <testcase name="testSignupFullValidation" time="0.0" classname="qlytics.Regression.SignUpFullValidationTest">
    <skipped/>
  </testcase> <!-- testSignupFullValidation -->
  <testcase name="testSignupFullValidation" time="0.0" classname="qlytics.Regression.SignUpFullValidationTest">
    <skipped/>
  </testcase> <!-- testSignupFullValidation -->
  <testcase name="testSignupFullValidation" time="0.0" classname="qlytics.Regression.SignUpFullValidationTest">
    <skipped/>
  </testcase> <!-- testSignupFullValidation -->
  <testcase name="testSignupFullValidation" time="0.0" classname="qlytics.Regression.SignUpFullValidationTest">
    <skipped/>
  </testcase> <!-- testSignupFullValidation -->
  <testcase name="testSignupFullValidation" time="0.0" classname="qlytics.Regression.SignUpFullValidationTest">
    <skipped/>
  </testcase> <!-- testSignupFullValidation -->
  <testcase name="testSignupFullValidation" time="0.0" classname="qlytics.Regression.SignUpFullValidationTest">
    <skipped/>
  </testcase> <!-- testSignupFullValidation -->
  <testcase name="testSignupFullValidation" time="0.0" classname="qlytics.Regression.SignUpFullValidationTest">
    <skipped/>
  </testcase> <!-- testSignupFullValidation -->
  <testcase name="testSignupFullValidation" time="0.0" classname="qlytics.Regression.SignUpFullValidationTest">
    <skipped/>
  </testcase> <!-- testSignupFullValidation -->
  <testcase name="loginFunctionalityTest" time="0.001" classname="qlytics.Regression.LoginFunctionalityTest">
    <skipped/>
  </testcase> <!-- loginFunctionalityTest -->
</testsuite> <!-- Command line test -->
