<html>
<head>
<title>TestNG:  Command line test</title>
<link href="../testng.css" rel="stylesheet" type="text/css" />
<link href="../my-testng.css" rel="stylesheet" type="text/css" />

<style type="text/css">
.log { display: none;} 
.stack-trace { display: none;} 
</style>
<script type="text/javascript">
<!--
function flip(e) {
  current = e.style.display;
  if (current == 'block') {
    e.style.display = 'none';
    return 0;
  }
  else {
    e.style.display = 'block';
    return 1;
  }
}

function toggleBox(szDivId, elem, msg1, msg2)
{
  var res = -1;  if (document.getElementById) {
    res = flip(document.getElementById(szDivId));
  }
  else if (document.all) {
    // this is the way old msie versions work
    res = flip(document.all[szDivId]);
  }
  if(elem) {
    if(res == 0) elem.innerHTML = msg1; else elem.innerHTML = msg2;
  }

}

function toggleAllBoxes() {
  if (document.getElementsByTagName) {
    d = document.getElementsByTagName('div');
    for (i = 0; i < d.length; i++) {
      if (d[i].className == 'log') {
        flip(d[i]);
      }
    }
  }
}

// -->
</script>

</head>
<body>
<h2 align='center'>Command line test</h2><table border='1' align="center">
<tr>
<td>Tests passed/Failed/Skipped:</td><td>0/1/60</td>
</tr><tr>
<td>Started on:</td><td>Fri Aug 23 16:08:29 IST 2019</td>
</tr>
<tr><td>Total time:</td><td>2 seconds (2267 ms)</td>
</tr><tr>
<td>Included groups:</td><td></td>
</tr><tr>
<td>Excluded groups:</td><td></td>
</tr>
</table><p/>
<small><i>(Hover the method name to see the test class name)</i></small><p/>
<table width='100%' border='1' class='invocation-failed'>
<tr><td colspan='4' align='center'><b>FAILED CONFIGURATIONS</b></td></tr>
<tr><td><b>Test method</b></td>
<td width="30%"><b>Exception</b></td>
<td width="10%"><b>Time (seconds)</b></td>
<td><b>Instance</b></td>
</tr>
<tr>
<td title='qlytics.Regression.LoginFunctionalityTest.checkAlerts()'><b>checkAlerts</b><br>Test class: qlytics.Regression.LoginFunctionalityTest<br>Parameters: [TestResult name=registration status=FAILURE method=LoginFunctionalityTest.registration()[pri:0, instance:qlytics.Regression.LoginFunctionalityTest@735b478] output={null}]<br/>
<a href="#Output-394785440" onClick='toggleBox("Output-394785440", this, "Show output", "Hide output");'>Show output</a>

<a href="#Output-394785440" onClick="toggleAllBoxes();">Show all outputs</a>
<div class='log' id="Output-394785440">
Failed fetching URL and screenshot due to error:null<br/>
</div>
</td>
<td><div><pre>java.lang.NullPointerException
	at qlytics.Lib.TestBase.checkAlerts(TestBase.java:122)
	at org.apache.maven.surefire.testng.TestNGExecutor.run(TestNGExecutor.java:77)
	at org.apache.maven.surefire.testng.TestNGDirectoryTestSuite.executeMulti(TestNGDirectoryTestSuite.java:159)
	at org.apache.maven.surefire.testng.TestNGDirectoryTestSuite.execute(TestNGDirectoryTestSuite.java:99)
	at org.apache.maven.surefire.testng.TestNGProvider.invoke(TestNGProvider.java:106)
	at org.apache.maven.surefire.util.ReflectionUtils.invokeMethodWithArray(ReflectionUtils.java:189)
	at org.apache.maven.surefire.booter.ProviderFactory$ProviderProxy.invoke(ProviderFactory.java:165)
	at org.apache.maven.surefire.booter.ProviderFactory.invokeProvider(ProviderFactory.java:85)
	at org.apache.maven.surefire.booter.ForkedBooter.runSuitesInProcess(ForkedBooter.java:115)
	at org.apache.maven.surefire.booter.ForkedBooter.main(ForkedBooter.java:75)
... Removed 27 stack frames</pre></div><a href='#' onClick='toggleBox("stack-trace394785440", this, "Click to show all stack frames", "Click to hide stack frames")'>Click to show all stack frames</a>
<div class='stack-trace' id='stack-trace394785440'><pre>java.lang.NullPointerException
	at qlytics.Lib.TestBase.checkAlerts(TestBase.java:122)
	at sun.reflect.NativeMethodAccessorImpl.invoke0(Native Method)
	at sun.reflect.NativeMethodAccessorImpl.invoke(NativeMethodAccessorImpl.java:62)
	at sun.reflect.DelegatingMethodAccessorImpl.invoke(DelegatingMethodAccessorImpl.java:43)
	at java.lang.reflect.Method.invoke(Method.java:498)
	at org.testng.internal.MethodInvocationHelper.invokeMethod(MethodInvocationHelper.java:80)
	at org.testng.internal.Invoker.invokeConfigurationMethod(Invoker.java:564)
	at org.testng.internal.Invoker.invokeConfigurations(Invoker.java:213)
	at org.testng.internal.Invoker.invokeMethod(Invoker.java:786)
	at org.testng.internal.Invoker.invokeTestMethod(Invoker.java:901)
	at org.testng.internal.Invoker.invokeTestMethods(Invoker.java:1231)
	at org.testng.internal.TestMethodWorker.invokeTestMethods(TestMethodWorker.java:127)
	at org.testng.internal.TestMethodWorker.run(TestMethodWorker.java:111)
	at org.testng.TestRunner.privateRun(TestRunner.java:767)
	at org.testng.TestRunner.run(TestRunner.java:617)
	at org.testng.SuiteRunner.runTest(SuiteRunner.java:334)
	at org.testng.SuiteRunner.runSequentially(SuiteRunner.java:329)
	at org.testng.SuiteRunner.privateRun(SuiteRunner.java:291)
	at org.testng.SuiteRunner.run(SuiteRunner.java:240)
	at org.testng.SuiteRunnerWorker.runSuite(SuiteRunnerWorker.java:52)
	at org.testng.SuiteRunnerWorker.run(SuiteRunnerWorker.java:86)
	at org.testng.TestNG.runSuitesSequentially(TestNG.java:1198)
	at org.testng.TestNG.runSuitesLocally(TestNG.java:1123)
	at org.testng.TestNG.run(TestNG.java:1031)
	at org.apache.maven.surefire.testng.TestNGExecutor.run(TestNGExecutor.java:77)
	at org.apache.maven.surefire.testng.TestNGDirectoryTestSuite.executeMulti(TestNGDirectoryTestSuite.java:159)
	at org.apache.maven.surefire.testng.TestNGDirectoryTestSuite.execute(TestNGDirectoryTestSuite.java:99)
	at org.apache.maven.surefire.testng.TestNGProvider.invoke(TestNGProvider.java:106)
	at sun.reflect.NativeMethodAccessorImpl.invoke0(Native Method)
	at sun.reflect.NativeMethodAccessorImpl.invoke(NativeMethodAccessorImpl.java:62)
	at sun.reflect.DelegatingMethodAccessorImpl.invoke(DelegatingMethodAccessorImpl.java:43)
	at java.lang.reflect.Method.invoke(Method.java:498)
	at org.apache.maven.surefire.util.ReflectionUtils.invokeMethodWithArray(ReflectionUtils.java:189)
	at org.apache.maven.surefire.booter.ProviderFactory$ProviderProxy.invoke(ProviderFactory.java:165)
	at org.apache.maven.surefire.booter.ProviderFactory.invokeProvider(ProviderFactory.java:85)
	at org.apache.maven.surefire.booter.ForkedBooter.runSuitesInProcess(ForkedBooter.java:115)
	at org.apache.maven.surefire.booter.ForkedBooter.main(ForkedBooter.java:75)
</pre></div></td>
<td>0</td>
<td>qlytics.Regression.LoginFunctionalityTest@735b478</td></tr>
<tr>
<td title='qlytics.Regression.SignUpFunctionalityTest.quitBrowser()'><b>quitBrowser</b><br>Test class: qlytics.Regression.SignUpFunctionalityTest</td>
<td><div><pre>java.lang.NullPointerException
	at qlytics.Lib.TestBase.quitBrowser(TestBase.java:129)
	at org.apache.maven.surefire.testng.TestNGExecutor.run(TestNGExecutor.java:77)
	at org.apache.maven.surefire.testng.TestNGDirectoryTestSuite.executeMulti(TestNGDirectoryTestSuite.java:159)
	at org.apache.maven.surefire.testng.TestNGDirectoryTestSuite.execute(TestNGDirectoryTestSuite.java:99)
	at org.apache.maven.surefire.testng.TestNGProvider.invoke(TestNGProvider.java:106)
	at org.apache.maven.surefire.util.ReflectionUtils.invokeMethodWithArray(ReflectionUtils.java:189)
	at org.apache.maven.surefire.booter.ProviderFactory$ProviderProxy.invoke(ProviderFactory.java:165)
	at org.apache.maven.surefire.booter.ProviderFactory.invokeProvider(ProviderFactory.java:85)
	at org.apache.maven.surefire.booter.ForkedBooter.runSuitesInProcess(ForkedBooter.java:115)
	at org.apache.maven.surefire.booter.ForkedBooter.main(ForkedBooter.java:75)
... Removed 25 stack frames</pre></div><a href='#' onClick='toggleBox("stack-trace208043846", this, "Click to show all stack frames", "Click to hide stack frames")'>Click to show all stack frames</a>
<div class='stack-trace' id='stack-trace208043846'><pre>java.lang.NullPointerException
	at qlytics.Lib.TestBase.quitBrowser(TestBase.java:129)
	at sun.reflect.NativeMethodAccessorImpl.invoke0(Native Method)
	at sun.reflect.NativeMethodAccessorImpl.invoke(NativeMethodAccessorImpl.java:62)
	at sun.reflect.DelegatingMethodAccessorImpl.invoke(DelegatingMethodAccessorImpl.java:43)
	at java.lang.reflect.Method.invoke(Method.java:498)
	at org.testng.internal.MethodInvocationHelper.invokeMethod(MethodInvocationHelper.java:80)
	at org.testng.internal.Invoker.invokeConfigurationMethod(Invoker.java:564)
	at org.testng.internal.Invoker.invokeConfigurations(Invoker.java:213)
	at org.testng.internal.Invoker.invokeConfigurations(Invoker.java:138)
	at org.testng.internal.TestMethodWorker.invokeAfterClassMethods(TestMethodWorker.java:225)
	at org.testng.internal.TestMethodWorker.run(TestMethodWorker.java:114)
	at org.testng.TestRunner.privateRun(TestRunner.java:767)
	at org.testng.TestRunner.run(TestRunner.java:617)
	at org.testng.SuiteRunner.runTest(SuiteRunner.java:334)
	at org.testng.SuiteRunner.runSequentially(SuiteRunner.java:329)
	at org.testng.SuiteRunner.privateRun(SuiteRunner.java:291)
	at org.testng.SuiteRunner.run(SuiteRunner.java:240)
	at org.testng.SuiteRunnerWorker.runSuite(SuiteRunnerWorker.java:52)
	at org.testng.SuiteRunnerWorker.run(SuiteRunnerWorker.java:86)
	at org.testng.TestNG.runSuitesSequentially(TestNG.java:1198)
	at org.testng.TestNG.runSuitesLocally(TestNG.java:1123)
	at org.testng.TestNG.run(TestNG.java:1031)
	at org.apache.maven.surefire.testng.TestNGExecutor.run(TestNGExecutor.java:77)
	at org.apache.maven.surefire.testng.TestNGDirectoryTestSuite.executeMulti(TestNGDirectoryTestSuite.java:159)
	at org.apache.maven.surefire.testng.TestNGDirectoryTestSuite.execute(TestNGDirectoryTestSuite.java:99)
	at org.apache.maven.surefire.testng.TestNGProvider.invoke(TestNGProvider.java:106)
	at sun.reflect.NativeMethodAccessorImpl.invoke0(Native Method)
	at sun.reflect.NativeMethodAccessorImpl.invoke(NativeMethodAccessorImpl.java:62)
	at sun.reflect.DelegatingMethodAccessorImpl.invoke(DelegatingMethodAccessorImpl.java:43)
	at java.lang.reflect.Method.invoke(Method.java:498)
	at org.apache.maven.surefire.util.ReflectionUtils.invokeMethodWithArray(ReflectionUtils.java:189)
	at org.apache.maven.surefire.booter.ProviderFactory$ProviderProxy.invoke(ProviderFactory.java:165)
	at org.apache.maven.surefire.booter.ProviderFactory.invokeProvider(ProviderFactory.java:85)
	at org.apache.maven.surefire.booter.ForkedBooter.runSuitesInProcess(ForkedBooter.java:115)
	at org.apache.maven.surefire.booter.ForkedBooter.main(ForkedBooter.java:75)
</pre></div></td>
<td>0</td>
<td>qlytics.Regression.SignUpFunctionalityTest@36f6e879</td></tr>
<tr>
<td title='qlytics.Regression.LoginUiTest.quitBrowser()'><b>quitBrowser</b><br>Test class: qlytics.Regression.LoginUiTest</td>
<td><div><pre>java.lang.NullPointerException
	at qlytics.Lib.TestBase.quitBrowser(TestBase.java:129)
	at org.apache.maven.surefire.testng.TestNGExecutor.run(TestNGExecutor.java:77)
	at org.apache.maven.surefire.testng.TestNGDirectoryTestSuite.executeMulti(TestNGDirectoryTestSuite.java:159)
	at org.apache.maven.surefire.testng.TestNGDirectoryTestSuite.execute(TestNGDirectoryTestSuite.java:99)
	at org.apache.maven.surefire.testng.TestNGProvider.invoke(TestNGProvider.java:106)
	at org.apache.maven.surefire.util.ReflectionUtils.invokeMethodWithArray(ReflectionUtils.java:189)
	at org.apache.maven.surefire.booter.ProviderFactory$ProviderProxy.invoke(ProviderFactory.java:165)
	at org.apache.maven.surefire.booter.ProviderFactory.invokeProvider(ProviderFactory.java:85)
	at org.apache.maven.surefire.booter.ForkedBooter.runSuitesInProcess(ForkedBooter.java:115)
	at org.apache.maven.surefire.booter.ForkedBooter.main(ForkedBooter.java:75)
... Removed 25 stack frames</pre></div><a href='#' onClick='toggleBox("stack-trace1164799006", this, "Click to show all stack frames", "Click to hide stack frames")'>Click to show all stack frames</a>
<div class='stack-trace' id='stack-trace1164799006'><pre>java.lang.NullPointerException
	at qlytics.Lib.TestBase.quitBrowser(TestBase.java:129)
	at sun.reflect.NativeMethodAccessorImpl.invoke0(Native Method)
	at sun.reflect.NativeMethodAccessorImpl.invoke(NativeMethodAccessorImpl.java:62)
	at sun.reflect.DelegatingMethodAccessorImpl.invoke(DelegatingMethodAccessorImpl.java:43)
	at java.lang.reflect.Method.invoke(Method.java:498)
	at org.testng.internal.MethodInvocationHelper.invokeMethod(MethodInvocationHelper.java:80)
	at org.testng.internal.Invoker.invokeConfigurationMethod(Invoker.java:564)
	at org.testng.internal.Invoker.invokeConfigurations(Invoker.java:213)
	at org.testng.internal.Invoker.invokeConfigurations(Invoker.java:138)
	at org.testng.internal.TestMethodWorker.invokeAfterClassMethods(TestMethodWorker.java:225)
	at org.testng.internal.TestMethodWorker.run(TestMethodWorker.java:114)
	at org.testng.TestRunner.privateRun(TestRunner.java:767)
	at org.testng.TestRunner.run(TestRunner.java:617)
	at org.testng.SuiteRunner.runTest(SuiteRunner.java:334)
	at org.testng.SuiteRunner.runSequentially(SuiteRunner.java:329)
	at org.testng.SuiteRunner.privateRun(SuiteRunner.java:291)
	at org.testng.SuiteRunner.run(SuiteRunner.java:240)
	at org.testng.SuiteRunnerWorker.runSuite(SuiteRunnerWorker.java:52)
	at org.testng.SuiteRunnerWorker.run(SuiteRunnerWorker.java:86)
	at org.testng.TestNG.runSuitesSequentially(TestNG.java:1198)
	at org.testng.TestNG.runSuitesLocally(TestNG.java:1123)
	at org.testng.TestNG.run(TestNG.java:1031)
	at org.apache.maven.surefire.testng.TestNGExecutor.run(TestNGExecutor.java:77)
	at org.apache.maven.surefire.testng.TestNGDirectoryTestSuite.executeMulti(TestNGDirectoryTestSuite.java:159)
	at org.apache.maven.surefire.testng.TestNGDirectoryTestSuite.execute(TestNGDirectoryTestSuite.java:99)
	at org.apache.maven.surefire.testng.TestNGProvider.invoke(TestNGProvider.java:106)
	at sun.reflect.NativeMethodAccessorImpl.invoke0(Native Method)
	at sun.reflect.NativeMethodAccessorImpl.invoke(NativeMethodAccessorImpl.java:62)
	at sun.reflect.DelegatingMethodAccessorImpl.invoke(DelegatingMethodAccessorImpl.java:43)
	at java.lang.reflect.Method.invoke(Method.java:498)
	at org.apache.maven.surefire.util.ReflectionUtils.invokeMethodWithArray(ReflectionUtils.java:189)
	at org.apache.maven.surefire.booter.ProviderFactory$ProviderProxy.invoke(ProviderFactory.java:165)
	at org.apache.maven.surefire.booter.ProviderFactory.invokeProvider(ProviderFactory.java:85)
	at org.apache.maven.surefire.booter.ForkedBooter.runSuitesInProcess(ForkedBooter.java:115)
	at org.apache.maven.surefire.booter.ForkedBooter.main(ForkedBooter.java:75)
</pre></div></td>
<td>0</td>
<td>qlytics.Regression.LoginUiTest@7225790e</td></tr>
<tr>
<td title='qlytics.Regression.SignUpPageUiTest.quitBrowser()'><b>quitBrowser</b><br>Test class: qlytics.Regression.SignUpPageUiTest</td>
<td><div><pre>java.lang.NullPointerException
	at qlytics.Lib.TestBase.quitBrowser(TestBase.java:129)
	at org.apache.maven.surefire.testng.TestNGExecutor.run(TestNGExecutor.java:77)
	at org.apache.maven.surefire.testng.TestNGDirectoryTestSuite.executeMulti(TestNGDirectoryTestSuite.java:159)
	at org.apache.maven.surefire.testng.TestNGDirectoryTestSuite.execute(TestNGDirectoryTestSuite.java:99)
	at org.apache.maven.surefire.testng.TestNGProvider.invoke(TestNGProvider.java:106)
	at org.apache.maven.surefire.util.ReflectionUtils.invokeMethodWithArray(ReflectionUtils.java:189)
	at org.apache.maven.surefire.booter.ProviderFactory$ProviderProxy.invoke(ProviderFactory.java:165)
	at org.apache.maven.surefire.booter.ProviderFactory.invokeProvider(ProviderFactory.java:85)
	at org.apache.maven.surefire.booter.ForkedBooter.runSuitesInProcess(ForkedBooter.java:115)
	at org.apache.maven.surefire.booter.ForkedBooter.main(ForkedBooter.java:75)
... Removed 25 stack frames</pre></div><a href='#' onClick='toggleBox("stack-trace1047478056", this, "Click to show all stack frames", "Click to hide stack frames")'>Click to show all stack frames</a>
<div class='stack-trace' id='stack-trace1047478056'><pre>java.lang.NullPointerException
	at qlytics.Lib.TestBase.quitBrowser(TestBase.java:129)
	at sun.reflect.NativeMethodAccessorImpl.invoke0(Native Method)
	at sun.reflect.NativeMethodAccessorImpl.invoke(NativeMethodAccessorImpl.java:62)
	at sun.reflect.DelegatingMethodAccessorImpl.invoke(DelegatingMethodAccessorImpl.java:43)
	at java.lang.reflect.Method.invoke(Method.java:498)
	at org.testng.internal.MethodInvocationHelper.invokeMethod(MethodInvocationHelper.java:80)
	at org.testng.internal.Invoker.invokeConfigurationMethod(Invoker.java:564)
	at org.testng.internal.Invoker.invokeConfigurations(Invoker.java:213)
	at org.testng.internal.Invoker.invokeConfigurations(Invoker.java:138)
	at org.testng.internal.TestMethodWorker.invokeAfterClassMethods(TestMethodWorker.java:225)
	at org.testng.internal.TestMethodWorker.run(TestMethodWorker.java:114)
	at org.testng.TestRunner.privateRun(TestRunner.java:767)
	at org.testng.TestRunner.run(TestRunner.java:617)
	at org.testng.SuiteRunner.runTest(SuiteRunner.java:334)
	at org.testng.SuiteRunner.runSequentially(SuiteRunner.java:329)
	at org.testng.SuiteRunner.privateRun(SuiteRunner.java:291)
	at org.testng.SuiteRunner.run(SuiteRunner.java:240)
	at org.testng.SuiteRunnerWorker.runSuite(SuiteRunnerWorker.java:52)
	at org.testng.SuiteRunnerWorker.run(SuiteRunnerWorker.java:86)
	at org.testng.TestNG.runSuitesSequentially(TestNG.java:1198)
	at org.testng.TestNG.runSuitesLocally(TestNG.java:1123)
	at org.testng.TestNG.run(TestNG.java:1031)
	at org.apache.maven.surefire.testng.TestNGExecutor.run(TestNGExecutor.java:77)
	at org.apache.maven.surefire.testng.TestNGDirectoryTestSuite.executeMulti(TestNGDirectoryTestSuite.java:159)
	at org.apache.maven.surefire.testng.TestNGDirectoryTestSuite.execute(TestNGDirectoryTestSuite.java:99)
	at org.apache.maven.surefire.testng.TestNGProvider.invoke(TestNGProvider.java:106)
	at sun.reflect.NativeMethodAccessorImpl.invoke0(Native Method)
	at sun.reflect.NativeMethodAccessorImpl.invoke(NativeMethodAccessorImpl.java:62)
	at sun.reflect.DelegatingMethodAccessorImpl.invoke(DelegatingMethodAccessorImpl.java:43)
	at java.lang.reflect.Method.invoke(Method.java:498)
	at org.apache.maven.surefire.util.ReflectionUtils.invokeMethodWithArray(ReflectionUtils.java:189)
	at org.apache.maven.surefire.booter.ProviderFactory$ProviderProxy.invoke(ProviderFactory.java:165)
	at org.apache.maven.surefire.booter.ProviderFactory.invokeProvider(ProviderFactory.java:85)
	at org.apache.maven.surefire.booter.ForkedBooter.runSuitesInProcess(ForkedBooter.java:115)
	at org.apache.maven.surefire.booter.ForkedBooter.main(ForkedBooter.java:75)
</pre></div></td>
<td>0</td>
<td>qlytics.Regression.SignUpPageUiTest@366e2eef</td></tr>
<tr>
<td title='qlytics.Regression.LoginValidationTest.quitBrowser()'><b>quitBrowser</b><br>Test class: qlytics.Regression.LoginValidationTest</td>
<td><div><pre>java.lang.NullPointerException
	at qlytics.Regression.LoginValidationTest.quitBrowser(LoginValidationTest.java:85)
	at org.apache.maven.surefire.testng.TestNGExecutor.run(TestNGExecutor.java:77)
	at org.apache.maven.surefire.testng.TestNGDirectoryTestSuite.executeMulti(TestNGDirectoryTestSuite.java:159)
	at org.apache.maven.surefire.testng.TestNGDirectoryTestSuite.execute(TestNGDirectoryTestSuite.java:99)
	at org.apache.maven.surefire.testng.TestNGProvider.invoke(TestNGProvider.java:106)
	at org.apache.maven.surefire.util.ReflectionUtils.invokeMethodWithArray(ReflectionUtils.java:189)
	at org.apache.maven.surefire.booter.ProviderFactory$ProviderProxy.invoke(ProviderFactory.java:165)
	at org.apache.maven.surefire.booter.ProviderFactory.invokeProvider(ProviderFactory.java:85)
	at org.apache.maven.surefire.booter.ForkedBooter.runSuitesInProcess(ForkedBooter.java:115)
	at org.apache.maven.surefire.booter.ForkedBooter.main(ForkedBooter.java:75)
... Removed 25 stack frames</pre></div><a href='#' onClick='toggleBox("stack-trace1463355115", this, "Click to show all stack frames", "Click to hide stack frames")'>Click to show all stack frames</a>
<div class='stack-trace' id='stack-trace1463355115'><pre>java.lang.NullPointerException
	at qlytics.Regression.LoginValidationTest.quitBrowser(LoginValidationTest.java:85)
	at sun.reflect.NativeMethodAccessorImpl.invoke0(Native Method)
	at sun.reflect.NativeMethodAccessorImpl.invoke(NativeMethodAccessorImpl.java:62)
	at sun.reflect.DelegatingMethodAccessorImpl.invoke(DelegatingMethodAccessorImpl.java:43)
	at java.lang.reflect.Method.invoke(Method.java:498)
	at org.testng.internal.MethodInvocationHelper.invokeMethod(MethodInvocationHelper.java:80)
	at org.testng.internal.Invoker.invokeConfigurationMethod(Invoker.java:564)
	at org.testng.internal.Invoker.invokeConfigurations(Invoker.java:213)
	at org.testng.internal.Invoker.invokeConfigurations(Invoker.java:138)
	at org.testng.internal.TestMethodWorker.invokeAfterClassMethods(TestMethodWorker.java:225)
	at org.testng.internal.TestMethodWorker.run(TestMethodWorker.java:114)
	at org.testng.TestRunner.privateRun(TestRunner.java:767)
	at org.testng.TestRunner.run(TestRunner.java:617)
	at org.testng.SuiteRunner.runTest(SuiteRunner.java:334)
	at org.testng.SuiteRunner.runSequentially(SuiteRunner.java:329)
	at org.testng.SuiteRunner.privateRun(SuiteRunner.java:291)
	at org.testng.SuiteRunner.run(SuiteRunner.java:240)
	at org.testng.SuiteRunnerWorker.runSuite(SuiteRunnerWorker.java:52)
	at org.testng.SuiteRunnerWorker.run(SuiteRunnerWorker.java:86)
	at org.testng.TestNG.runSuitesSequentially(TestNG.java:1198)
	at org.testng.TestNG.runSuitesLocally(TestNG.java:1123)
	at org.testng.TestNG.run(TestNG.java:1031)
	at org.apache.maven.surefire.testng.TestNGExecutor.run(TestNGExecutor.java:77)
	at org.apache.maven.surefire.testng.TestNGDirectoryTestSuite.executeMulti(TestNGDirectoryTestSuite.java:159)
	at org.apache.maven.surefire.testng.TestNGDirectoryTestSuite.execute(TestNGDirectoryTestSuite.java:99)
	at org.apache.maven.surefire.testng.TestNGProvider.invoke(TestNGProvider.java:106)
	at sun.reflect.NativeMethodAccessorImpl.invoke0(Native Method)
	at sun.reflect.NativeMethodAccessorImpl.invoke(NativeMethodAccessorImpl.java:62)
	at sun.reflect.DelegatingMethodAccessorImpl.invoke(DelegatingMethodAccessorImpl.java:43)
	at java.lang.reflect.Method.invoke(Method.java:498)
	at org.apache.maven.surefire.util.ReflectionUtils.invokeMethodWithArray(ReflectionUtils.java:189)
	at org.apache.maven.surefire.booter.ProviderFactory$ProviderProxy.invoke(ProviderFactory.java:165)
	at org.apache.maven.surefire.booter.ProviderFactory.invokeProvider(ProviderFactory.java:85)
	at org.apache.maven.surefire.booter.ForkedBooter.runSuitesInProcess(ForkedBooter.java:115)
	at org.apache.maven.surefire.booter.ForkedBooter.main(ForkedBooter.java:75)
</pre></div></td>
<td>0</td>
<td>qlytics.Regression.LoginValidationTest@3cbbc1e0</td></tr>
</table><p>
<table width='100%' border='1' class='invocation-skipped'>
<tr><td colspan='4' align='center'><b>SKIPPED CONFIGURATIONS</b></td></tr>
<tr><td><b>Test method</b></td>
<td width="30%"><b>Exception</b></td>
<td width="10%"><b>Time (seconds)</b></td>
<td><b>Instance</b></td>
</tr>
<tr>
<td title='qlytics.Regression.SignUpFunctionalityTest.aaasetUp()'><b>aaasetUp</b><br>Test class: qlytics.Regression.SignUpFunctionalityTest</td>
<td></td>
<td>0</td>
<td>qlytics.Regression.SignUpFunctionalityTest@36f6e879</td></tr>
<tr>
<td title='qlytics.Regression.SignUpFunctionalityTest.setUp()'><b>setUp</b><br>Test class: qlytics.Regression.SignUpFunctionalityTest</td>
<td></td>
<td>0</td>
<td>qlytics.Regression.SignUpFunctionalityTest@36f6e879</td></tr>
<tr>
<td title='qlytics.Regression.LoginUiTest.aaasetUp()'><b>aaasetUp</b><br>Test class: qlytics.Regression.LoginUiTest</td>
<td></td>
<td>0</td>
<td>qlytics.Regression.LoginUiTest@7225790e</td></tr>
<tr>
<td title='qlytics.Regression.LoginUiTest.setUp()'><b>setUp</b><br>Test class: qlytics.Regression.LoginUiTest</td>
<td></td>
<td>0</td>
<td>qlytics.Regression.LoginUiTest@7225790e</td></tr>
<tr>
<td title='qlytics.Regression.SignUpAbsentValidationTest.aaasetUp()'><b>aaasetUp</b><br>Test class: qlytics.Regression.SignUpAbsentValidationTest</td>
<td></td>
<td>0</td>
<td>qlytics.Regression.SignUpAbsentValidationTest@68837a77</td></tr>
<tr>
<td title='qlytics.Regression.SignUpAbsentValidationTest.setUp()'><b>setUp</b><br>Test class: qlytics.Regression.SignUpAbsentValidationTest</td>
<td></td>
<td>0</td>
<td>qlytics.Regression.SignUpAbsentValidationTest@68837a77</td></tr>
<tr>
<td title='qlytics.Regression.SignUpPageUiTest.aaasetUp()'><b>aaasetUp</b><br>Test class: qlytics.Regression.SignUpPageUiTest</td>
<td></td>
<td>0</td>
<td>qlytics.Regression.SignUpPageUiTest@366e2eef</td></tr>
<tr>
<td title='qlytics.Regression.SignUpPageUiTest.setUp()'><b>setUp</b><br>Test class: qlytics.Regression.SignUpPageUiTest</td>
<td></td>
<td>0</td>
<td>qlytics.Regression.SignUpPageUiTest@366e2eef</td></tr>
<tr>
<td title='qlytics.Regression.LoginValidationTest.aaasetUp()'><b>aaasetUp</b><br>Test class: qlytics.Regression.LoginValidationTest</td>
<td></td>
<td>0</td>
<td>qlytics.Regression.LoginValidationTest@3cbbc1e0</td></tr>
<tr>
<td title='qlytics.Regression.LoginValidationTest.setUp()'><b>setUp</b><br>Test class: qlytics.Regression.LoginValidationTest</td>
<td></td>
<td>0</td>
<td>qlytics.Regression.LoginValidationTest@3cbbc1e0</td></tr>
<tr>
<td title='qlytics.Regression.SignUpFullValidationTest.aaasetUp()'><b>aaasetUp</b><br>Test class: qlytics.Regression.SignUpFullValidationTest</td>
<td></td>
<td>0</td>
<td>qlytics.Regression.SignUpFullValidationTest@67b6d4ae</td></tr>
<tr>
<td title='qlytics.Regression.SignUpFullValidationTest.setUp()'><b>setUp</b><br>Test class: qlytics.Regression.SignUpFullValidationTest</td>
<td></td>
<td>0</td>
<td>qlytics.Regression.SignUpFullValidationTest@67b6d4ae</td></tr>
<tr>
<td title='qlytics.Regression.SignUpFunctionalityTest.nameBefore()'><b>nameBefore</b><br>Test class: qlytics.Regression.SignUpFunctionalityTest</td>
<td></td>
<td>0</td>
<td>qlytics.Regression.SignUpFunctionalityTest@36f6e879</td></tr>
<tr>
<td title='qlytics.Regression.LoginUiTest.nameBefore()'><b>nameBefore</b><br>Test class: qlytics.Regression.LoginUiTest</td>
<td></td>
<td>0</td>
<td>qlytics.Regression.LoginUiTest@7225790e</td></tr>
<tr>
<td title='qlytics.Regression.SignUpAbsentValidationTest.nameBefore()'><b>nameBefore</b><br>Test class: qlytics.Regression.SignUpAbsentValidationTest</td>
<td></td>
<td>0</td>
<td>qlytics.Regression.SignUpAbsentValidationTest@68837a77</td></tr>
<tr>
<td title='qlytics.Regression.SignUpAbsentValidationTest.nameBefore()'><b>nameBefore</b><br>Test class: qlytics.Regression.SignUpAbsentValidationTest</td>
<td></td>
<td>0</td>
<td>qlytics.Regression.SignUpAbsentValidationTest@68837a77</td></tr>
<tr>
<td title='qlytics.Regression.SignUpAbsentValidationTest.nameBefore()'><b>nameBefore</b><br>Test class: qlytics.Regression.SignUpAbsentValidationTest</td>
<td></td>
<td>0</td>
<td>qlytics.Regression.SignUpAbsentValidationTest@68837a77</td></tr>
<tr>
<td title='qlytics.Regression.SignUpAbsentValidationTest.nameBefore()'><b>nameBefore</b><br>Test class: qlytics.Regression.SignUpAbsentValidationTest</td>
<td></td>
<td>0</td>
<td>qlytics.Regression.SignUpAbsentValidationTest@68837a77</td></tr>
<tr>
<td title='qlytics.Regression.SignUpAbsentValidationTest.nameBefore()'><b>nameBefore</b><br>Test class: qlytics.Regression.SignUpAbsentValidationTest</td>
<td></td>
<td>0</td>
<td>qlytics.Regression.SignUpAbsentValidationTest@68837a77</td></tr>
<tr>
<td title='qlytics.Regression.SignUpAbsentValidationTest.nameBefore()'><b>nameBefore</b><br>Test class: qlytics.Regression.SignUpAbsentValidationTest</td>
<td></td>
<td>0</td>
<td>qlytics.Regression.SignUpAbsentValidationTest@68837a77</td></tr>
<tr>
<td title='qlytics.Regression.SignUpAbsentValidationTest.nameBefore()'><b>nameBefore</b><br>Test class: qlytics.Regression.SignUpAbsentValidationTest</td>
<td></td>
<td>0</td>
<td>qlytics.Regression.SignUpAbsentValidationTest@68837a77</td></tr>
<tr>
<td title='qlytics.Regression.SignUpAbsentValidationTest.nameBefore()'><b>nameBefore</b><br>Test class: qlytics.Regression.SignUpAbsentValidationTest</td>
<td></td>
<td>0</td>
<td>qlytics.Regression.SignUpAbsentValidationTest@68837a77</td></tr>
<tr>
<td title='qlytics.Regression.SignUpAbsentValidationTest.nameBefore()'><b>nameBefore</b><br>Test class: qlytics.Regression.SignUpAbsentValidationTest</td>
<td></td>
<td>0</td>
<td>qlytics.Regression.SignUpAbsentValidationTest@68837a77</td></tr>
<tr>
<td title='qlytics.Regression.SignUpAbsentValidationTest.nameBefore()'><b>nameBefore</b><br>Test class: qlytics.Regression.SignUpAbsentValidationTest</td>
<td></td>
<td>0</td>
<td>qlytics.Regression.SignUpAbsentValidationTest@68837a77</td></tr>
<tr>
<td title='qlytics.Regression.SignUpPageUiTest.nameBefore()'><b>nameBefore</b><br>Test class: qlytics.Regression.SignUpPageUiTest</td>
<td></td>
<td>0</td>
<td>qlytics.Regression.SignUpPageUiTest@366e2eef</td></tr>
<tr>
<td title='qlytics.Regression.LoginValidationTest.nameBefore()'><b>nameBefore</b><br>Test class: qlytics.Regression.LoginValidationTest</td>
<td></td>
<td>0</td>
<td>qlytics.Regression.LoginValidationTest@3cbbc1e0</td></tr>
<tr>
<td title='qlytics.Regression.LoginValidationTest.nameBefore()'><b>nameBefore</b><br>Test class: qlytics.Regression.LoginValidationTest</td>
<td></td>
<td>0</td>
<td>qlytics.Regression.LoginValidationTest@3cbbc1e0</td></tr>
<tr>
<td title='qlytics.Regression.LoginValidationTest.nameBefore()'><b>nameBefore</b><br>Test class: qlytics.Regression.LoginValidationTest</td>
<td></td>
<td>0</td>
<td>qlytics.Regression.LoginValidationTest@3cbbc1e0</td></tr>
<tr>
<td title='qlytics.Regression.LoginValidationTest.nameBefore()'><b>nameBefore</b><br>Test class: qlytics.Regression.LoginValidationTest</td>
<td></td>
<td>0</td>
<td>qlytics.Regression.LoginValidationTest@3cbbc1e0</td></tr>
<tr>
<td title='qlytics.Regression.LoginValidationTest.nameBefore()'><b>nameBefore</b><br>Test class: qlytics.Regression.LoginValidationTest</td>
<td></td>
<td>0</td>
<td>qlytics.Regression.LoginValidationTest@3cbbc1e0</td></tr>
<tr>
<td title='qlytics.Regression.LoginValidationTest.nameBefore()'><b>nameBefore</b><br>Test class: qlytics.Regression.LoginValidationTest</td>
<td></td>
<td>0</td>
<td>qlytics.Regression.LoginValidationTest@3cbbc1e0</td></tr>
<tr>
<td title='qlytics.Regression.LoginValidationTest.nameBefore()'><b>nameBefore</b><br>Test class: qlytics.Regression.LoginValidationTest</td>
<td></td>
<td>0</td>
<td>qlytics.Regression.LoginValidationTest@3cbbc1e0</td></tr>
<tr>
<td title='qlytics.Regression.LoginValidationTest.nameBefore()'><b>nameBefore</b><br>Test class: qlytics.Regression.LoginValidationTest</td>
<td></td>
<td>0</td>
<td>qlytics.Regression.LoginValidationTest@3cbbc1e0</td></tr>
<tr>
<td title='qlytics.Regression.LoginValidationTest.nameBefore()'><b>nameBefore</b><br>Test class: qlytics.Regression.LoginValidationTest</td>
<td></td>
<td>0</td>
<td>qlytics.Regression.LoginValidationTest@3cbbc1e0</td></tr>
<tr>
<td title='qlytics.Regression.LoginValidationTest.nameBefore()'><b>nameBefore</b><br>Test class: qlytics.Regression.LoginValidationTest</td>
<td></td>
<td>0</td>
<td>qlytics.Regression.LoginValidationTest@3cbbc1e0</td></tr>
<tr>
<td title='qlytics.Regression.LoginValidationTest.nameBefore()'><b>nameBefore</b><br>Test class: qlytics.Regression.LoginValidationTest</td>
<td></td>
<td>0</td>
<td>qlytics.Regression.LoginValidationTest@3cbbc1e0</td></tr>
<tr>
<td title='qlytics.Regression.LoginValidationTest.nameBefore()'><b>nameBefore</b><br>Test class: qlytics.Regression.LoginValidationTest</td>
<td></td>
<td>0</td>
<td>qlytics.Regression.LoginValidationTest@3cbbc1e0</td></tr>
<tr>
<td title='qlytics.Regression.LoginValidationTest.nameBefore()'><b>nameBefore</b><br>Test class: qlytics.Regression.LoginValidationTest</td>
<td></td>
<td>0</td>
<td>qlytics.Regression.LoginValidationTest@3cbbc1e0</td></tr>
<tr>
<td title='qlytics.Regression.LoginValidationTest.nameBefore()'><b>nameBefore</b><br>Test class: qlytics.Regression.LoginValidationTest</td>
<td></td>
<td>0</td>
<td>qlytics.Regression.LoginValidationTest@3cbbc1e0</td></tr>
<tr>
<td title='qlytics.Regression.LoginValidationTest.nameBefore()'><b>nameBefore</b><br>Test class: qlytics.Regression.LoginValidationTest</td>
<td></td>
<td>0</td>
<td>qlytics.Regression.LoginValidationTest@3cbbc1e0</td></tr>
<tr>
<td title='qlytics.Regression.LoginValidationTest.nameBefore()'><b>nameBefore</b><br>Test class: qlytics.Regression.LoginValidationTest</td>
<td></td>
<td>0</td>
<td>qlytics.Regression.LoginValidationTest@3cbbc1e0</td></tr>
<tr>
<td title='qlytics.Regression.LoginValidationTest.nameBefore()'><b>nameBefore</b><br>Test class: qlytics.Regression.LoginValidationTest</td>
<td></td>
<td>0</td>
<td>qlytics.Regression.LoginValidationTest@3cbbc1e0</td></tr>
<tr>
<td title='qlytics.Regression.LoginValidationTest.nameBefore()'><b>nameBefore</b><br>Test class: qlytics.Regression.LoginValidationTest</td>
<td></td>
<td>0</td>
<td>qlytics.Regression.LoginValidationTest@3cbbc1e0</td></tr>
<tr>
<td title='qlytics.Regression.LoginValidationTest.nameBefore()'><b>nameBefore</b><br>Test class: qlytics.Regression.LoginValidationTest</td>
<td></td>
<td>0</td>
<td>qlytics.Regression.LoginValidationTest@3cbbc1e0</td></tr>
<tr>
<td title='qlytics.Regression.LoginValidationTest.nameBefore()'><b>nameBefore</b><br>Test class: qlytics.Regression.LoginValidationTest</td>
<td></td>
<td>0</td>
<td>qlytics.Regression.LoginValidationTest@3cbbc1e0</td></tr>
<tr>
<td title='qlytics.Regression.LoginValidationTest.nameBefore()'><b>nameBefore</b><br>Test class: qlytics.Regression.LoginValidationTest</td>
<td></td>
<td>0</td>
<td>qlytics.Regression.LoginValidationTest@3cbbc1e0</td></tr>
<tr>
<td title='qlytics.Regression.LoginValidationTest.nameBefore()'><b>nameBefore</b><br>Test class: qlytics.Regression.LoginValidationTest</td>
<td></td>
<td>0</td>
<td>qlytics.Regression.LoginValidationTest@3cbbc1e0</td></tr>
<tr>
<td title='qlytics.Regression.LoginValidationTest.nameBefore()'><b>nameBefore</b><br>Test class: qlytics.Regression.LoginValidationTest</td>
<td></td>
<td>0</td>
<td>qlytics.Regression.LoginValidationTest@3cbbc1e0</td></tr>
<tr>
<td title='qlytics.Regression.LoginValidationTest.nameBefore()'><b>nameBefore</b><br>Test class: qlytics.Regression.LoginValidationTest</td>
<td></td>
<td>0</td>
<td>qlytics.Regression.LoginValidationTest@3cbbc1e0</td></tr>
<tr>
<td title='qlytics.Regression.SignUpFullValidationTest.nameBefore()'><b>nameBefore</b><br>Test class: qlytics.Regression.SignUpFullValidationTest</td>
<td></td>
<td>0</td>
<td>qlytics.Regression.SignUpFullValidationTest@67b6d4ae</td></tr>
<tr>
<td title='qlytics.Regression.SignUpFullValidationTest.nameBefore()'><b>nameBefore</b><br>Test class: qlytics.Regression.SignUpFullValidationTest</td>
<td></td>
<td>0</td>
<td>qlytics.Regression.SignUpFullValidationTest@67b6d4ae</td></tr>
<tr>
<td title='qlytics.Regression.SignUpFullValidationTest.nameBefore()'><b>nameBefore</b><br>Test class: qlytics.Regression.SignUpFullValidationTest</td>
<td></td>
<td>0</td>
<td>qlytics.Regression.SignUpFullValidationTest@67b6d4ae</td></tr>
<tr>
<td title='qlytics.Regression.SignUpFullValidationTest.nameBefore()'><b>nameBefore</b><br>Test class: qlytics.Regression.SignUpFullValidationTest</td>
<td></td>
<td>0</td>
<td>qlytics.Regression.SignUpFullValidationTest@67b6d4ae</td></tr>
<tr>
<td title='qlytics.Regression.SignUpFullValidationTest.nameBefore()'><b>nameBefore</b><br>Test class: qlytics.Regression.SignUpFullValidationTest</td>
<td></td>
<td>0</td>
<td>qlytics.Regression.SignUpFullValidationTest@67b6d4ae</td></tr>
<tr>
<td title='qlytics.Regression.SignUpFullValidationTest.nameBefore()'><b>nameBefore</b><br>Test class: qlytics.Regression.SignUpFullValidationTest</td>
<td></td>
<td>0</td>
<td>qlytics.Regression.SignUpFullValidationTest@67b6d4ae</td></tr>
<tr>
<td title='qlytics.Regression.SignUpFullValidationTest.nameBefore()'><b>nameBefore</b><br>Test class: qlytics.Regression.SignUpFullValidationTest</td>
<td></td>
<td>0</td>
<td>qlytics.Regression.SignUpFullValidationTest@67b6d4ae</td></tr>
<tr>
<td title='qlytics.Regression.SignUpFullValidationTest.nameBefore()'><b>nameBefore</b><br>Test class: qlytics.Regression.SignUpFullValidationTest</td>
<td></td>
<td>0</td>
<td>qlytics.Regression.SignUpFullValidationTest@67b6d4ae</td></tr>
<tr>
<td title='qlytics.Regression.SignUpFullValidationTest.nameBefore()'><b>nameBefore</b><br>Test class: qlytics.Regression.SignUpFullValidationTest</td>
<td></td>
<td>0</td>
<td>qlytics.Regression.SignUpFullValidationTest@67b6d4ae</td></tr>
<tr>
<td title='qlytics.Regression.SignUpFullValidationTest.nameBefore()'><b>nameBefore</b><br>Test class: qlytics.Regression.SignUpFullValidationTest</td>
<td></td>
<td>0</td>
<td>qlytics.Regression.SignUpFullValidationTest@67b6d4ae</td></tr>
<tr>
<td title='qlytics.Regression.SignUpFullValidationTest.nameBefore()'><b>nameBefore</b><br>Test class: qlytics.Regression.SignUpFullValidationTest</td>
<td></td>
<td>0</td>
<td>qlytics.Regression.SignUpFullValidationTest@67b6d4ae</td></tr>
<tr>
<td title='qlytics.Regression.SignUpFullValidationTest.nameBefore()'><b>nameBefore</b><br>Test class: qlytics.Regression.SignUpFullValidationTest</td>
<td></td>
<td>0</td>
<td>qlytics.Regression.SignUpFullValidationTest@67b6d4ae</td></tr>
<tr>
<td title='qlytics.Regression.SignUpFullValidationTest.nameBefore()'><b>nameBefore</b><br>Test class: qlytics.Regression.SignUpFullValidationTest</td>
<td></td>
<td>0</td>
<td>qlytics.Regression.SignUpFullValidationTest@67b6d4ae</td></tr>
<tr>
<td title='qlytics.Regression.SignUpFullValidationTest.nameBefore()'><b>nameBefore</b><br>Test class: qlytics.Regression.SignUpFullValidationTest</td>
<td></td>
<td>0</td>
<td>qlytics.Regression.SignUpFullValidationTest@67b6d4ae</td></tr>
<tr>
<td title='qlytics.Regression.SignUpFullValidationTest.nameBefore()'><b>nameBefore</b><br>Test class: qlytics.Regression.SignUpFullValidationTest</td>
<td></td>
<td>0</td>
<td>qlytics.Regression.SignUpFullValidationTest@67b6d4ae</td></tr>
<tr>
<td title='qlytics.Regression.SignUpFullValidationTest.nameBefore()'><b>nameBefore</b><br>Test class: qlytics.Regression.SignUpFullValidationTest</td>
<td></td>
<td>0</td>
<td>qlytics.Regression.SignUpFullValidationTest@67b6d4ae</td></tr>
<tr>
<td title='qlytics.Regression.SignUpFullValidationTest.nameBefore()'><b>nameBefore</b><br>Test class: qlytics.Regression.SignUpFullValidationTest</td>
<td></td>
<td>0</td>
<td>qlytics.Regression.SignUpFullValidationTest@67b6d4ae</td></tr>
<tr>
<td title='qlytics.Regression.SignUpFullValidationTest.nameBefore()'><b>nameBefore</b><br>Test class: qlytics.Regression.SignUpFullValidationTest</td>
<td></td>
<td>0</td>
<td>qlytics.Regression.SignUpFullValidationTest@67b6d4ae</td></tr>
<tr>
<td title='qlytics.Regression.SignUpFullValidationTest.nameBefore()'><b>nameBefore</b><br>Test class: qlytics.Regression.SignUpFullValidationTest</td>
<td></td>
<td>0</td>
<td>qlytics.Regression.SignUpFullValidationTest@67b6d4ae</td></tr>
<tr>
<td title='qlytics.Regression.SignUpFullValidationTest.nameBefore()'><b>nameBefore</b><br>Test class: qlytics.Regression.SignUpFullValidationTest</td>
<td></td>
<td>0</td>
<td>qlytics.Regression.SignUpFullValidationTest@67b6d4ae</td></tr>
<tr>
<td title='qlytics.Regression.SignUpFullValidationTest.nameBefore()'><b>nameBefore</b><br>Test class: qlytics.Regression.SignUpFullValidationTest</td>
<td></td>
<td>0</td>
<td>qlytics.Regression.SignUpFullValidationTest@67b6d4ae</td></tr>
<tr>
<td title='qlytics.Regression.SignUpFullValidationTest.nameBefore()'><b>nameBefore</b><br>Test class: qlytics.Regression.SignUpFullValidationTest</td>
<td></td>
<td>0</td>
<td>qlytics.Regression.SignUpFullValidationTest@67b6d4ae</td></tr>
<tr>
<td title='qlytics.Regression.SignUpFunctionalityTest.checkAlerts()'><b>checkAlerts</b><br>Test class: qlytics.Regression.SignUpFunctionalityTest</td>
<td></td>
<td>0</td>
<td>qlytics.Regression.SignUpFunctionalityTest@36f6e879</td></tr>
<tr>
<td title='qlytics.Regression.LoginUiTest.checkAlerts()'><b>checkAlerts</b><br>Test class: qlytics.Regression.LoginUiTest</td>
<td></td>
<td>0</td>
<td>qlytics.Regression.LoginUiTest@7225790e</td></tr>
<tr>
<td title='qlytics.Regression.SignUpAbsentValidationTest.checkAlerts()'><b>checkAlerts</b><br>Test class: qlytics.Regression.SignUpAbsentValidationTest</td>
<td></td>
<td>0</td>
<td>qlytics.Regression.SignUpAbsentValidationTest@68837a77</td></tr>
<tr>
<td title='qlytics.Regression.SignUpAbsentValidationTest.checkAlerts()'><b>checkAlerts</b><br>Test class: qlytics.Regression.SignUpAbsentValidationTest</td>
<td></td>
<td>0</td>
<td>qlytics.Regression.SignUpAbsentValidationTest@68837a77</td></tr>
<tr>
<td title='qlytics.Regression.SignUpAbsentValidationTest.checkAlerts()'><b>checkAlerts</b><br>Test class: qlytics.Regression.SignUpAbsentValidationTest</td>
<td></td>
<td>0</td>
<td>qlytics.Regression.SignUpAbsentValidationTest@68837a77</td></tr>
<tr>
<td title='qlytics.Regression.SignUpAbsentValidationTest.checkAlerts()'><b>checkAlerts</b><br>Test class: qlytics.Regression.SignUpAbsentValidationTest</td>
<td></td>
<td>0</td>
<td>qlytics.Regression.SignUpAbsentValidationTest@68837a77</td></tr>
<tr>
<td title='qlytics.Regression.SignUpAbsentValidationTest.checkAlerts()'><b>checkAlerts</b><br>Test class: qlytics.Regression.SignUpAbsentValidationTest</td>
<td></td>
<td>0</td>
<td>qlytics.Regression.SignUpAbsentValidationTest@68837a77</td></tr>
<tr>
<td title='qlytics.Regression.SignUpAbsentValidationTest.checkAlerts()'><b>checkAlerts</b><br>Test class: qlytics.Regression.SignUpAbsentValidationTest</td>
<td></td>
<td>0</td>
<td>qlytics.Regression.SignUpAbsentValidationTest@68837a77</td></tr>
<tr>
<td title='qlytics.Regression.SignUpAbsentValidationTest.checkAlerts()'><b>checkAlerts</b><br>Test class: qlytics.Regression.SignUpAbsentValidationTest</td>
<td></td>
<td>0</td>
<td>qlytics.Regression.SignUpAbsentValidationTest@68837a77</td></tr>
<tr>
<td title='qlytics.Regression.SignUpAbsentValidationTest.checkAlerts()'><b>checkAlerts</b><br>Test class: qlytics.Regression.SignUpAbsentValidationTest</td>
<td></td>
<td>0</td>
<td>qlytics.Regression.SignUpAbsentValidationTest@68837a77</td></tr>
<tr>
<td title='qlytics.Regression.SignUpAbsentValidationTest.checkAlerts()'><b>checkAlerts</b><br>Test class: qlytics.Regression.SignUpAbsentValidationTest</td>
<td></td>
<td>0</td>
<td>qlytics.Regression.SignUpAbsentValidationTest@68837a77</td></tr>
<tr>
<td title='qlytics.Regression.SignUpAbsentValidationTest.checkAlerts()'><b>checkAlerts</b><br>Test class: qlytics.Regression.SignUpAbsentValidationTest</td>
<td></td>
<td>0</td>
<td>qlytics.Regression.SignUpAbsentValidationTest@68837a77</td></tr>
<tr>
<td title='qlytics.Regression.SignUpPageUiTest.checkAlerts()'><b>checkAlerts</b><br>Test class: qlytics.Regression.SignUpPageUiTest</td>
<td></td>
<td>0</td>
<td>qlytics.Regression.SignUpPageUiTest@366e2eef</td></tr>
<tr>
<td title='qlytics.Regression.LoginValidationTest.checkAlerts()'><b>checkAlerts</b><br>Test class: qlytics.Regression.LoginValidationTest</td>
<td></td>
<td>0</td>
<td>qlytics.Regression.LoginValidationTest@3cbbc1e0</td></tr>
<tr>
<td title='qlytics.Regression.LoginValidationTest.checkAlerts()'><b>checkAlerts</b><br>Test class: qlytics.Regression.LoginValidationTest</td>
<td></td>
<td>0</td>
<td>qlytics.Regression.LoginValidationTest@3cbbc1e0</td></tr>
<tr>
<td title='qlytics.Regression.LoginValidationTest.checkAlerts()'><b>checkAlerts</b><br>Test class: qlytics.Regression.LoginValidationTest</td>
<td></td>
<td>0</td>
<td>qlytics.Regression.LoginValidationTest@3cbbc1e0</td></tr>
<tr>
<td title='qlytics.Regression.LoginValidationTest.checkAlerts()'><b>checkAlerts</b><br>Test class: qlytics.Regression.LoginValidationTest</td>
<td></td>
<td>0</td>
<td>qlytics.Regression.LoginValidationTest@3cbbc1e0</td></tr>
<tr>
<td title='qlytics.Regression.LoginValidationTest.checkAlerts()'><b>checkAlerts</b><br>Test class: qlytics.Regression.LoginValidationTest</td>
<td></td>
<td>0</td>
<td>qlytics.Regression.LoginValidationTest@3cbbc1e0</td></tr>
<tr>
<td title='qlytics.Regression.LoginValidationTest.checkAlerts()'><b>checkAlerts</b><br>Test class: qlytics.Regression.LoginValidationTest</td>
<td></td>
<td>0</td>
<td>qlytics.Regression.LoginValidationTest@3cbbc1e0</td></tr>
<tr>
<td title='qlytics.Regression.LoginValidationTest.checkAlerts()'><b>checkAlerts</b><br>Test class: qlytics.Regression.LoginValidationTest</td>
<td></td>
<td>0</td>
<td>qlytics.Regression.LoginValidationTest@3cbbc1e0</td></tr>
<tr>
<td title='qlytics.Regression.LoginValidationTest.checkAlerts()'><b>checkAlerts</b><br>Test class: qlytics.Regression.LoginValidationTest</td>
<td></td>
<td>0</td>
<td>qlytics.Regression.LoginValidationTest@3cbbc1e0</td></tr>
<tr>
<td title='qlytics.Regression.LoginValidationTest.checkAlerts()'><b>checkAlerts</b><br>Test class: qlytics.Regression.LoginValidationTest</td>
<td></td>
<td>0</td>
<td>qlytics.Regression.LoginValidationTest@3cbbc1e0</td></tr>
<tr>
<td title='qlytics.Regression.LoginValidationTest.checkAlerts()'><b>checkAlerts</b><br>Test class: qlytics.Regression.LoginValidationTest</td>
<td></td>
<td>0</td>
<td>qlytics.Regression.LoginValidationTest@3cbbc1e0</td></tr>
<tr>
<td title='qlytics.Regression.LoginValidationTest.checkAlerts()'><b>checkAlerts</b><br>Test class: qlytics.Regression.LoginValidationTest</td>
<td></td>
<td>0</td>
<td>qlytics.Regression.LoginValidationTest@3cbbc1e0</td></tr>
<tr>
<td title='qlytics.Regression.LoginValidationTest.checkAlerts()'><b>checkAlerts</b><br>Test class: qlytics.Regression.LoginValidationTest</td>
<td></td>
<td>0</td>
<td>qlytics.Regression.LoginValidationTest@3cbbc1e0</td></tr>
<tr>
<td title='qlytics.Regression.LoginValidationTest.checkAlerts()'><b>checkAlerts</b><br>Test class: qlytics.Regression.LoginValidationTest</td>
<td></td>
<td>0</td>
<td>qlytics.Regression.LoginValidationTest@3cbbc1e0</td></tr>
<tr>
<td title='qlytics.Regression.LoginValidationTest.checkAlerts()'><b>checkAlerts</b><br>Test class: qlytics.Regression.LoginValidationTest</td>
<td></td>
<td>0</td>
<td>qlytics.Regression.LoginValidationTest@3cbbc1e0</td></tr>
<tr>
<td title='qlytics.Regression.LoginValidationTest.checkAlerts()'><b>checkAlerts</b><br>Test class: qlytics.Regression.LoginValidationTest</td>
<td></td>
<td>0</td>
<td>qlytics.Regression.LoginValidationTest@3cbbc1e0</td></tr>
<tr>
<td title='qlytics.Regression.LoginValidationTest.checkAlerts()'><b>checkAlerts</b><br>Test class: qlytics.Regression.LoginValidationTest</td>
<td></td>
<td>0</td>
<td>qlytics.Regression.LoginValidationTest@3cbbc1e0</td></tr>
<tr>
<td title='qlytics.Regression.LoginValidationTest.checkAlerts()'><b>checkAlerts</b><br>Test class: qlytics.Regression.LoginValidationTest</td>
<td></td>
<td>0</td>
<td>qlytics.Regression.LoginValidationTest@3cbbc1e0</td></tr>
<tr>
<td title='qlytics.Regression.LoginValidationTest.checkAlerts()'><b>checkAlerts</b><br>Test class: qlytics.Regression.LoginValidationTest</td>
<td></td>
<td>0</td>
<td>qlytics.Regression.LoginValidationTest@3cbbc1e0</td></tr>
<tr>
<td title='qlytics.Regression.LoginValidationTest.checkAlerts()'><b>checkAlerts</b><br>Test class: qlytics.Regression.LoginValidationTest</td>
<td></td>
<td>0</td>
<td>qlytics.Regression.LoginValidationTest@3cbbc1e0</td></tr>
<tr>
<td title='qlytics.Regression.LoginValidationTest.checkAlerts()'><b>checkAlerts</b><br>Test class: qlytics.Regression.LoginValidationTest</td>
<td></td>
<td>0</td>
<td>qlytics.Regression.LoginValidationTest@3cbbc1e0</td></tr>
<tr>
<td title='qlytics.Regression.LoginValidationTest.checkAlerts()'><b>checkAlerts</b><br>Test class: qlytics.Regression.LoginValidationTest</td>
<td></td>
<td>0</td>
<td>qlytics.Regression.LoginValidationTest@3cbbc1e0</td></tr>
<tr>
<td title='qlytics.Regression.LoginValidationTest.checkAlerts()'><b>checkAlerts</b><br>Test class: qlytics.Regression.LoginValidationTest</td>
<td></td>
<td>0</td>
<td>qlytics.Regression.LoginValidationTest@3cbbc1e0</td></tr>
<tr>
<td title='qlytics.Regression.LoginValidationTest.checkAlerts()'><b>checkAlerts</b><br>Test class: qlytics.Regression.LoginValidationTest</td>
<td></td>
<td>0</td>
<td>qlytics.Regression.LoginValidationTest@3cbbc1e0</td></tr>
<tr>
<td title='qlytics.Regression.LoginValidationTest.checkAlerts()'><b>checkAlerts</b><br>Test class: qlytics.Regression.LoginValidationTest</td>
<td></td>
<td>0</td>
<td>qlytics.Regression.LoginValidationTest@3cbbc1e0</td></tr>
<tr>
<td title='qlytics.Regression.SignUpFullValidationTest.checkAlerts()'><b>checkAlerts</b><br>Test class: qlytics.Regression.SignUpFullValidationTest</td>
<td></td>
<td>0</td>
<td>qlytics.Regression.SignUpFullValidationTest@67b6d4ae</td></tr>
<tr>
<td title='qlytics.Regression.SignUpFullValidationTest.checkAlerts()'><b>checkAlerts</b><br>Test class: qlytics.Regression.SignUpFullValidationTest</td>
<td></td>
<td>0</td>
<td>qlytics.Regression.SignUpFullValidationTest@67b6d4ae</td></tr>
<tr>
<td title='qlytics.Regression.SignUpFullValidationTest.checkAlerts()'><b>checkAlerts</b><br>Test class: qlytics.Regression.SignUpFullValidationTest</td>
<td></td>
<td>0</td>
<td>qlytics.Regression.SignUpFullValidationTest@67b6d4ae</td></tr>
<tr>
<td title='qlytics.Regression.SignUpFullValidationTest.checkAlerts()'><b>checkAlerts</b><br>Test class: qlytics.Regression.SignUpFullValidationTest</td>
<td></td>
<td>0</td>
<td>qlytics.Regression.SignUpFullValidationTest@67b6d4ae</td></tr>
<tr>
<td title='qlytics.Regression.SignUpFullValidationTest.checkAlerts()'><b>checkAlerts</b><br>Test class: qlytics.Regression.SignUpFullValidationTest</td>
<td></td>
<td>0</td>
<td>qlytics.Regression.SignUpFullValidationTest@67b6d4ae</td></tr>
<tr>
<td title='qlytics.Regression.SignUpFullValidationTest.checkAlerts()'><b>checkAlerts</b><br>Test class: qlytics.Regression.SignUpFullValidationTest</td>
<td></td>
<td>0</td>
<td>qlytics.Regression.SignUpFullValidationTest@67b6d4ae</td></tr>
<tr>
<td title='qlytics.Regression.SignUpFullValidationTest.checkAlerts()'><b>checkAlerts</b><br>Test class: qlytics.Regression.SignUpFullValidationTest</td>
<td></td>
<td>0</td>
<td>qlytics.Regression.SignUpFullValidationTest@67b6d4ae</td></tr>
<tr>
<td title='qlytics.Regression.SignUpFullValidationTest.checkAlerts()'><b>checkAlerts</b><br>Test class: qlytics.Regression.SignUpFullValidationTest</td>
<td></td>
<td>0</td>
<td>qlytics.Regression.SignUpFullValidationTest@67b6d4ae</td></tr>
<tr>
<td title='qlytics.Regression.SignUpFullValidationTest.checkAlerts()'><b>checkAlerts</b><br>Test class: qlytics.Regression.SignUpFullValidationTest</td>
<td></td>
<td>0</td>
<td>qlytics.Regression.SignUpFullValidationTest@67b6d4ae</td></tr>
<tr>
<td title='qlytics.Regression.SignUpFullValidationTest.checkAlerts()'><b>checkAlerts</b><br>Test class: qlytics.Regression.SignUpFullValidationTest</td>
<td></td>
<td>0</td>
<td>qlytics.Regression.SignUpFullValidationTest@67b6d4ae</td></tr>
<tr>
<td title='qlytics.Regression.SignUpFullValidationTest.checkAlerts()'><b>checkAlerts</b><br>Test class: qlytics.Regression.SignUpFullValidationTest</td>
<td></td>
<td>0</td>
<td>qlytics.Regression.SignUpFullValidationTest@67b6d4ae</td></tr>
<tr>
<td title='qlytics.Regression.SignUpFullValidationTest.checkAlerts()'><b>checkAlerts</b><br>Test class: qlytics.Regression.SignUpFullValidationTest</td>
<td></td>
<td>0</td>
<td>qlytics.Regression.SignUpFullValidationTest@67b6d4ae</td></tr>
<tr>
<td title='qlytics.Regression.SignUpFullValidationTest.checkAlerts()'><b>checkAlerts</b><br>Test class: qlytics.Regression.SignUpFullValidationTest</td>
<td></td>
<td>0</td>
<td>qlytics.Regression.SignUpFullValidationTest@67b6d4ae</td></tr>
<tr>
<td title='qlytics.Regression.SignUpFullValidationTest.checkAlerts()'><b>checkAlerts</b><br>Test class: qlytics.Regression.SignUpFullValidationTest</td>
<td></td>
<td>0</td>
<td>qlytics.Regression.SignUpFullValidationTest@67b6d4ae</td></tr>
<tr>
<td title='qlytics.Regression.SignUpFullValidationTest.checkAlerts()'><b>checkAlerts</b><br>Test class: qlytics.Regression.SignUpFullValidationTest</td>
<td></td>
<td>0</td>
<td>qlytics.Regression.SignUpFullValidationTest@67b6d4ae</td></tr>
<tr>
<td title='qlytics.Regression.SignUpFullValidationTest.checkAlerts()'><b>checkAlerts</b><br>Test class: qlytics.Regression.SignUpFullValidationTest</td>
<td></td>
<td>0</td>
<td>qlytics.Regression.SignUpFullValidationTest@67b6d4ae</td></tr>
<tr>
<td title='qlytics.Regression.SignUpFullValidationTest.checkAlerts()'><b>checkAlerts</b><br>Test class: qlytics.Regression.SignUpFullValidationTest</td>
<td></td>
<td>0</td>
<td>qlytics.Regression.SignUpFullValidationTest@67b6d4ae</td></tr>
<tr>
<td title='qlytics.Regression.SignUpFullValidationTest.checkAlerts()'><b>checkAlerts</b><br>Test class: qlytics.Regression.SignUpFullValidationTest</td>
<td></td>
<td>0</td>
<td>qlytics.Regression.SignUpFullValidationTest@67b6d4ae</td></tr>
<tr>
<td title='qlytics.Regression.SignUpFullValidationTest.checkAlerts()'><b>checkAlerts</b><br>Test class: qlytics.Regression.SignUpFullValidationTest</td>
<td></td>
<td>0</td>
<td>qlytics.Regression.SignUpFullValidationTest@67b6d4ae</td></tr>
<tr>
<td title='qlytics.Regression.SignUpFullValidationTest.checkAlerts()'><b>checkAlerts</b><br>Test class: qlytics.Regression.SignUpFullValidationTest</td>
<td></td>
<td>0</td>
<td>qlytics.Regression.SignUpFullValidationTest@67b6d4ae</td></tr>
<tr>
<td title='qlytics.Regression.SignUpFullValidationTest.checkAlerts()'><b>checkAlerts</b><br>Test class: qlytics.Regression.SignUpFullValidationTest</td>
<td></td>
<td>0</td>
<td>qlytics.Regression.SignUpFullValidationTest@67b6d4ae</td></tr>
<tr>
<td title='qlytics.Regression.SignUpFullValidationTest.checkAlerts()'><b>checkAlerts</b><br>Test class: qlytics.Regression.SignUpFullValidationTest</td>
<td></td>
<td>0</td>
<td>qlytics.Regression.SignUpFullValidationTest@67b6d4ae</td></tr>
</table><p>
<table width='100%' border='1' class='invocation-failed'>
<tr><td colspan='4' align='center'><b>FAILED TESTS</b></td></tr>
<tr><td><b>Test method</b></td>
<td width="30%"><b>Exception</b></td>
<td width="10%"><b>Time (seconds)</b></td>
<td><b>Instance</b></td>
</tr>
<tr>
<td title='qlytics.Regression.LoginFunctionalityTest.registration()'><b>registration</b><br>Test class: qlytics.Regression.LoginFunctionalityTest</td>
<td><div><pre>org.openqa.selenium.SessionNotCreatedException: session not created: Chrome version must be between 70 and 73
  (Driver info: chromedriver=73.0.3683.68 (47787ec04b6e38e22703e856e101e840b65afe72),platform=Mac OS X 10.14.6 x86_64) (WARNING: The server did not provide any stacktrace information)
Command duration or timeout: 1.20 seconds
Build info: version: &apos;3.4.0&apos;, revision: &apos;unknown&apos;, time: &apos;unknown&apos;
System info: host: &apos;Apples-MacBook.local&apos;, ip: &apos;fe80:0:0:0:148f:f367:5286:ee62%en0&apos;, os.name: &apos;Mac OS X&apos;, os.arch: &apos;x86_64&apos;, os.version: &apos;10.14.6&apos;, java.version: &apos;1.8.0_201&apos;
Driver info: driver.version: ChromeDriver
	at org.openqa.selenium.remote.ErrorHandler.createThrowable(ErrorHandler.java:215)
	at org.openqa.selenium.remote.ErrorHandler.throwIfResponseFailed(ErrorHandler.java:167)
	at org.openqa.selenium.remote.JsonWireProtocolResponse.lambda$new$0(JsonWireProtocolResponse.java:53)
	at org.openqa.selenium.remote.JsonWireProtocolResponse.lambda$getResponseFunction$2(JsonWireProtocolResponse.java:91)
	at org.openqa.selenium.remote.ProtocolHandshake.lambda$createSession$22(ProtocolHandshake.java:365)
	at java.util.stream.ReferencePipeline$3$1.accept(ReferencePipeline.java:193)
	at java.util.Spliterators$ArraySpliterator.tryAdvance(Spliterators.java:958)
	at java.util.stream.ReferencePipeline.forEachWithCancel(ReferencePipeline.java:126)
	at java.util.stream.AbstractPipeline.copyIntoWithCancel(AbstractPipeline.java:498)
	at java.util.stream.AbstractPipeline.copyInto(AbstractPipeline.java:485)
	at java.util.stream.AbstractPipeline.wrapAndCopyInto(AbstractPipeline.java:471)
	at java.util.stream.FindOps$FindOp.evaluateSequential(FindOps.java:152)
	at java.util.stream.AbstractPipeline.evaluate(AbstractPipeline.java:234)
	at java.util.stream.ReferencePipeline.findFirst(ReferencePipeline.java:464)
	at org.openqa.selenium.remote.ProtocolHandshake.createSession(ProtocolHandshake.java:368)
	at org.openqa.selenium.remote.ProtocolHandshake.createSession(ProtocolHandshake.java:159)
	at org.openqa.selenium.remote.HttpCommandExecutor.execute(HttpCommandExecutor.java:142)
	at org.openqa.selenium.remote.service.DriverCommandExecutor.execute(DriverCommandExecutor.java:82)
	at org.openqa.selenium.remote.RemoteWebDriver.execute(RemoteWebDriver.java:637)
	at org.openqa.selenium.remote.RemoteWebDriver.startSession(RemoteWebDriver.java:250)
	at org.openqa.selenium.remote.RemoteWebDriver.startSession(RemoteWebDriver.java:236)
	at org.openqa.selenium.remote.RemoteWebDriver.&lt;init&gt;(RemoteWebDriver.java:137)
	at org.openqa.selenium.chrome.ChromeDriver.&lt;init&gt;(ChromeDriver.java:184)
	at org.openqa.selenium.chrome.ChromeDriver.&lt;init&gt;(ChromeDriver.java:171)
	at org.openqa.selenium.chrome.ChromeDriver.&lt;init&gt;(ChromeDriver.java:124)
	at qlytics.Lib.AppLibrary.getDriverInstance(AppLibrary.java:333)
	at qlytics.Regression.LoginFunctionalityTest.registration(LoginFunctionalityTest.java:44)
	at org.apache.maven.surefire.testng.TestNGExecutor.run(TestNGExecutor.java:77)
	at org.apache.maven.surefire.testng.TestNGDirectoryTestSuite.executeMulti(TestNGDirectoryTestSuite.java:159)
	at org.apache.maven.surefire.testng.TestNGDirectoryTestSuite.execute(TestNGDirectoryTestSuite.java:99)
	at org.apache.maven.surefire.testng.TestNGProvider.invoke(TestNGProvider.java:106)
	at org.apache.maven.surefire.util.ReflectionUtils.invokeMethodWithArray(ReflectionUtils.java:189)
	at org.apache.maven.surefire.booter.ProviderFactory$ProviderProxy.invoke(ProviderFactory.java:165)
	at org.apache.maven.surefire.booter.ProviderFactory.invokeProvider(ProviderFactory.java:85)
	at org.apache.maven.surefire.booter.ForkedBooter.runSuitesInProcess(ForkedBooter.java:115)
	at org.apache.maven.surefire.booter.ForkedBooter.main(ForkedBooter.java:75)
... Removed 29 stack frames</pre></div><a href='#' onClick='toggleBox("stack-trace122155649", this, "Click to show all stack frames", "Click to hide stack frames")'>Click to show all stack frames</a>
<div class='stack-trace' id='stack-trace122155649'><pre>org.openqa.selenium.SessionNotCreatedException: session not created: Chrome version must be between 70 and 73
  (Driver info: chromedriver=73.0.3683.68 (47787ec04b6e38e22703e856e101e840b65afe72),platform=Mac OS X 10.14.6 x86_64) (WARNING: The server did not provide any stacktrace information)
Command duration or timeout: 1.20 seconds
Build info: version: &apos;3.4.0&apos;, revision: &apos;unknown&apos;, time: &apos;unknown&apos;
System info: host: &apos;Apples-MacBook.local&apos;, ip: &apos;fe80:0:0:0:148f:f367:5286:ee62%en0&apos;, os.name: &apos;Mac OS X&apos;, os.arch: &apos;x86_64&apos;, os.version: &apos;10.14.6&apos;, java.version: &apos;1.8.0_201&apos;
Driver info: driver.version: ChromeDriver
	at sun.reflect.NativeConstructorAccessorImpl.newInstance0(Native Method)
	at sun.reflect.NativeConstructorAccessorImpl.newInstance(NativeConstructorAccessorImpl.java:62)
	at sun.reflect.DelegatingConstructorAccessorImpl.newInstance(DelegatingConstructorAccessorImpl.java:45)
	at java.lang.reflect.Constructor.newInstance(Constructor.java:423)
	at org.openqa.selenium.remote.ErrorHandler.createThrowable(ErrorHandler.java:215)
	at org.openqa.selenium.remote.ErrorHandler.throwIfResponseFailed(ErrorHandler.java:167)
	at org.openqa.selenium.remote.JsonWireProtocolResponse.lambda$new$0(JsonWireProtocolResponse.java:53)
	at org.openqa.selenium.remote.JsonWireProtocolResponse.lambda$getResponseFunction$2(JsonWireProtocolResponse.java:91)
	at org.openqa.selenium.remote.ProtocolHandshake.lambda$createSession$22(ProtocolHandshake.java:365)
	at java.util.stream.ReferencePipeline$3$1.accept(ReferencePipeline.java:193)
	at java.util.Spliterators$ArraySpliterator.tryAdvance(Spliterators.java:958)
	at java.util.stream.ReferencePipeline.forEachWithCancel(ReferencePipeline.java:126)
	at java.util.stream.AbstractPipeline.copyIntoWithCancel(AbstractPipeline.java:498)
	at java.util.stream.AbstractPipeline.copyInto(AbstractPipeline.java:485)
	at java.util.stream.AbstractPipeline.wrapAndCopyInto(AbstractPipeline.java:471)
	at java.util.stream.FindOps$FindOp.evaluateSequential(FindOps.java:152)
	at java.util.stream.AbstractPipeline.evaluate(AbstractPipeline.java:234)
	at java.util.stream.ReferencePipeline.findFirst(ReferencePipeline.java:464)
	at org.openqa.selenium.remote.ProtocolHandshake.createSession(ProtocolHandshake.java:368)
	at org.openqa.selenium.remote.ProtocolHandshake.createSession(ProtocolHandshake.java:159)
	at org.openqa.selenium.remote.HttpCommandExecutor.execute(HttpCommandExecutor.java:142)
	at org.openqa.selenium.remote.service.DriverCommandExecutor.execute(DriverCommandExecutor.java:82)
	at org.openqa.selenium.remote.RemoteWebDriver.execute(RemoteWebDriver.java:637)
	at org.openqa.selenium.remote.RemoteWebDriver.startSession(RemoteWebDriver.java:250)
	at org.openqa.selenium.remote.RemoteWebDriver.startSession(RemoteWebDriver.java:236)
	at org.openqa.selenium.remote.RemoteWebDriver.&lt;init&gt;(RemoteWebDriver.java:137)
	at org.openqa.selenium.chrome.ChromeDriver.&lt;init&gt;(ChromeDriver.java:184)
	at org.openqa.selenium.chrome.ChromeDriver.&lt;init&gt;(ChromeDriver.java:171)
	at org.openqa.selenium.chrome.ChromeDriver.&lt;init&gt;(ChromeDriver.java:124)
	at qlytics.Lib.AppLibrary.getDriverInstance(AppLibrary.java:333)
	at qlytics.Regression.LoginFunctionalityTest.registration(LoginFunctionalityTest.java:44)
	at sun.reflect.NativeMethodAccessorImpl.invoke0(Native Method)
	at sun.reflect.NativeMethodAccessorImpl.invoke(NativeMethodAccessorImpl.java:62)
	at sun.reflect.DelegatingMethodAccessorImpl.invoke(DelegatingMethodAccessorImpl.java:43)
	at java.lang.reflect.Method.invoke(Method.java:498)
	at org.testng.internal.MethodInvocationHelper.invokeMethod(MethodInvocationHelper.java:80)
	at org.testng.internal.Invoker.invokeMethod(Invoker.java:714)
	at org.testng.internal.Invoker.invokeTestMethod(Invoker.java:901)
	at org.testng.internal.Invoker.invokeTestMethods(Invoker.java:1231)
	at org.testng.internal.TestMethodWorker.invokeTestMethods(TestMethodWorker.java:127)
	at org.testng.internal.TestMethodWorker.run(TestMethodWorker.java:111)
	at org.testng.TestRunner.privateRun(TestRunner.java:767)
	at org.testng.TestRunner.run(TestRunner.java:617)
	at org.testng.SuiteRunner.runTest(SuiteRunner.java:334)
	at org.testng.SuiteRunner.runSequentially(SuiteRunner.java:329)
	at org.testng.SuiteRunner.privateRun(SuiteRunner.java:291)
	at org.testng.SuiteRunner.run(SuiteRunner.java:240)
	at org.testng.SuiteRunnerWorker.runSuite(SuiteRunnerWorker.java:52)
	at org.testng.SuiteRunnerWorker.run(SuiteRunnerWorker.java:86)
	at org.testng.TestNG.runSuitesSequentially(TestNG.java:1198)
	at org.testng.TestNG.runSuitesLocally(TestNG.java:1123)
	at org.testng.TestNG.run(TestNG.java:1031)
	at org.apache.maven.surefire.testng.TestNGExecutor.run(TestNGExecutor.java:77)
	at org.apache.maven.surefire.testng.TestNGDirectoryTestSuite.executeMulti(TestNGDirectoryTestSuite.java:159)
	at org.apache.maven.surefire.testng.TestNGDirectoryTestSuite.execute(TestNGDirectoryTestSuite.java:99)
	at org.apache.maven.surefire.testng.TestNGProvider.invoke(TestNGProvider.java:106)
	at sun.reflect.NativeMethodAccessorImpl.invoke0(Native Method)
	at sun.reflect.NativeMethodAccessorImpl.invoke(NativeMethodAccessorImpl.java:62)
	at sun.reflect.DelegatingMethodAccessorImpl.invoke(DelegatingMethodAccessorImpl.java:43)
	at java.lang.reflect.Method.invoke(Method.java:498)
	at org.apache.maven.surefire.util.ReflectionUtils.invokeMethodWithArray(ReflectionUtils.java:189)
	at org.apache.maven.surefire.booter.ProviderFactory$ProviderProxy.invoke(ProviderFactory.java:165)
	at org.apache.maven.surefire.booter.ProviderFactory.invokeProvider(ProviderFactory.java:85)
	at org.apache.maven.surefire.booter.ForkedBooter.runSuitesInProcess(ForkedBooter.java:115)
	at org.apache.maven.surefire.booter.ForkedBooter.main(ForkedBooter.java:75)
</pre></div></td>
<td>1</td>
<td>qlytics.Regression.LoginFunctionalityTest@735b478</td></tr>
</table><p>
<table width='100%' border='1' class='invocation-skipped'>
<tr><td colspan='4' align='center'><b>SKIPPED TESTS</b></td></tr>
<tr><td><b>Test method</b></td>
<td width="30%"><b>Exception</b></td>
<td width="10%"><b>Time (seconds)</b></td>
<td><b>Instance</b></td>
</tr>
<tr>
<td title='qlytics.Regression.LoginUiTest.LoginPageUi()'><b>LoginPageUi</b><br>Test class: qlytics.Regression.LoginUiTest</td>
<td></td>
<td>0</td>
<td>qlytics.Regression.LoginUiTest@7225790e</td></tr>
<tr>
<td title='qlytics.Regression.SignUpPageUiTest.SignUpPageUi()'><b>SignUpPageUi</b><br>Test class: qlytics.Regression.SignUpPageUiTest</td>
<td></td>
<td>0</td>
<td>qlytics.Regression.SignUpPageUiTest@366e2eef</td></tr>
<tr>
<td title='qlytics.Regression.LoginFunctionalityTest.loginFunctionalityTest()'><b>loginFunctionalityTest</b><br>Test class: qlytics.Regression.LoginFunctionalityTest</td>
<td></td>
<td>0</td>
<td>null</td></tr>
<tr>
<td title='qlytics.Regression.SignUpFunctionalityTest.signUpFunctionalityTest()'><b>signUpFunctionalityTest</b><br>Test class: qlytics.Regression.SignUpFunctionalityTest</td>
<td></td>
<td>0</td>
<td>qlytics.Regression.SignUpFunctionalityTest@36f6e879</td></tr>
<tr>
<td title='qlytics.Regression.LoginValidationTest.testLoginValidation()'><b>testLoginValidation</b><br>Test class: qlytics.Regression.LoginValidationTest<br>Parameters: , , CAN'T BE BLANK, CAN'T BE BLANK, , Yes</td>
<td></td>
<td>0</td>
<td>qlytics.Regression.LoginValidationTest@3cbbc1e0</td></tr>
<tr>
<td title='qlytics.Regression.LoginValidationTest.testLoginValidation()'><b>testLoginValidation</b><br>Test class: qlytics.Regression.LoginValidationTest<br>Parameters: , Asdf@123, CAN'T BE BLANK, , , Yes</td>
<td></td>
<td>0</td>
<td>qlytics.Regression.LoginValidationTest@3cbbc1e0</td></tr>
<tr>
<td title='qlytics.Regression.LoginValidationTest.testLoginValidation()'><b>testLoginValidation</b><br>Test class: qlytics.Regression.LoginValidationTest<br>Parameters: asdf@gmail.com, , , CAN'T BE BLANK, , Yes</td>
<td></td>
<td>0</td>
<td>qlytics.Regression.LoginValidationTest@3cbbc1e0</td></tr>
<tr>
<td title='qlytics.Regression.LoginValidationTest.testLoginValidation()'><b>testLoginValidation</b><br>Test class: qlytics.Regression.LoginValidationTest<br>Parameters: imam@mailinator.com, Asdf@123, , , No active account found with the given credentials, Yes</td>
<td></td>
<td>0</td>
<td>qlytics.Regression.LoginValidationTest@3cbbc1e0</td></tr>
<tr>
<td title='qlytics.Regression.LoginValidationTest.testLoginValidation()'><b>testLoginValidation</b><br>Test class: qlytics.Regression.LoginValidationTest<br>Parameters: asdf, Asdf@123, NOT A VALID EMAIL, , , Yes</td>
<td></td>
<td>0</td>
<td>qlytics.Regression.LoginValidationTest@3cbbc1e0</td></tr>
<tr>
<td title='qlytics.Regression.LoginValidationTest.testLoginValidation()'><b>testLoginValidation</b><br>Test class: qlytics.Regression.LoginValidationTest<br>Parameters: imam@mailinator.com, agam@123, , , No active account found with the given credentials, Yes</td>
<td></td>
<td>0</td>
<td>qlytics.Regression.LoginValidationTest@3cbbc1e0</td></tr>
<tr>
<td title='qlytics.Regression.LoginValidationTest.testLoginValidation()'><b>testLoginValidation</b><br>Test class: qlytics.Regression.LoginValidationTest<br>Parameters: imam@mailinator.com, agam@zxc, , , No active account found with the given credentials, Yes</td>
<td></td>
<td>0</td>
<td>qlytics.Regression.LoginValidationTest@3cbbc1e0</td></tr>
<tr>
<td title='qlytics.Regression.LoginValidationTest.testLoginValidation()'><b>testLoginValidation</b><br>Test class: qlytics.Regression.LoginValidationTest<br>Parameters: imam@mailinator.com, AGAM@123, , , No active account found with the given credentials, Yes</td>
<td></td>
<td>0</td>
<td>qlytics.Regression.LoginValidationTest@3cbbc1e0</td></tr>
<tr>
<td title='qlytics.Regression.LoginValidationTest.testLoginValidation()'><b>testLoginValidation</b><br>Test class: qlytics.Regression.LoginValidationTest<br>Parameters: imam@mailinator.com, Agam@12, , , No active account found with the given credentials, Yes</td>
<td></td>
<td>0</td>
<td>qlytics.Regression.LoginValidationTest@3cbbc1e0</td></tr>
<tr>
<td title='qlytics.Regression.LoginValidationTest.testLoginValidation()'><b>testLoginValidation</b><br>Test class: qlytics.Regression.LoginValidationTest<br>Parameters: jhon@gmail@gmail.com, , NOT A VALID EMAIL, CAN'T BE BLANK, , Yes</td>
<td></td>
<td>0</td>
<td>qlytics.Regression.LoginValidationTest@3cbbc1e0</td></tr>
<tr>
<td title='qlytics.Regression.LoginValidationTest.testLoginValidation()'><b>testLoginValidation</b><br>Test class: qlytics.Regression.LoginValidationTest<br>Parameters: 5678@gmail.com, , , CAN'T BE BLANK, , Yes</td>
<td></td>
<td>0</td>
<td>qlytics.Regression.LoginValidationTest@3cbbc1e0</td></tr>
<tr>
<td title='qlytics.Regression.LoginValidationTest.testLoginValidation()'><b>testLoginValidation</b><br>Test class: qlytics.Regression.LoginValidationTest<br>Parameters: jhon@gmail..com, , NOT A VALID EMAIL, CAN'T BE BLANK, , Yes</td>
<td></td>
<td>0</td>
<td>qlytics.Regression.LoginValidationTest@3cbbc1e0</td></tr>
<tr>
<td title='qlytics.Regression.LoginValidationTest.testLoginValidation()'><b>testLoginValidation</b><br>Test class: qlytics.Regression.LoginValidationTest<br>Parameters: jhon@gmail, , , CAN'T BE BLANK, , Yes</td>
<td></td>
<td>0</td>
<td>qlytics.Regression.LoginValidationTest@3cbbc1e0</td></tr>
<tr>
<td title='qlytics.Regression.LoginValidationTest.testLoginValidation()'><b>testLoginValidation</b><br>Test class: qlytics.Regression.LoginValidationTest<br>Parameters: jhon@.com, , NOT A VALID EMAIL, CAN'T BE BLANK, , Yes</td>
<td></td>
<td>0</td>
<td>qlytics.Regression.LoginValidationTest@3cbbc1e0</td></tr>
<tr>
<td title='qlytics.Regression.LoginValidationTest.testLoginValidation()'><b>testLoginValidation</b><br>Test class: qlytics.Regression.LoginValidationTest<br>Parameters: 567, , NOT A VALID EMAIL, CAN'T BE BLANK, , Yes</td>
<td></td>
<td>0</td>
<td>qlytics.Regression.LoginValidationTest@3cbbc1e0</td></tr>
<tr>
<td title='qlytics.Regression.LoginValidationTest.testLoginValidation()'><b>testLoginValidation</b><br>Test class: qlytics.Regression.LoginValidationTest<br>Parameters: jhon+smith@gmail.com, , , CAN'T BE BLANK, , Yes</td>
<td></td>
<td>0</td>
<td>qlytics.Regression.LoginValidationTest@3cbbc1e0</td></tr>
<tr>
<td title='qlytics.Regression.LoginValidationTest.testLoginValidation()'><b>testLoginValidation</b><br>Test class: qlytics.Regression.LoginValidationTest<br>Parameters: jhon@mailinator.com, , , CAN'T BE BLANK, , Yes</td>
<td></td>
<td>0</td>
<td>qlytics.Regression.LoginValidationTest@3cbbc1e0</td></tr>
<tr>
<td title='qlytics.Regression.LoginValidationTest.testLoginValidation()'><b>testLoginValidation</b><br>Test class: qlytics.Regression.LoginValidationTest<br>Parameters: jhon.smith@mailinator.com, , , CAN'T BE BLANK, , Yes</td>
<td></td>
<td>0</td>
<td>qlytics.Regression.LoginValidationTest@3cbbc1e0</td></tr>
<tr>
<td title='qlytics.Regression.LoginValidationTest.testLoginValidation()'><b>testLoginValidation</b><br>Test class: qlytics.Regression.LoginValidationTest<br>Parameters: Jhon@123.123.123.123, , , CAN'T BE BLANK, , Yes</td>
<td></td>
<td>0</td>
<td>qlytics.Regression.LoginValidationTest@3cbbc1e0</td></tr>
<tr>
<td title='qlytics.Regression.LoginValidationTest.testLoginValidation()'><b>testLoginValidation</b><br>Test class: qlytics.Regression.LoginValidationTest<br>Parameters: jhon@mailinator.com, , NOT A VALID EMAIL, CAN'T BE BLANK, , Yes</td>
<td></td>
<td>0</td>
<td>qlytics.Regression.LoginValidationTest@3cbbc1e0</td></tr>
<tr>
<td title='qlytics.Regression.LoginValidationTest.testLoginValidation()'><b>testLoginValidation</b><br>Test class: qlytics.Regression.LoginValidationTest<br>Parameters: jhon@mailinator-one.com, , , CAN'T BE BLANK, , Yes</td>
<td></td>
<td>0</td>
<td>qlytics.Regression.LoginValidationTest@3cbbc1e0</td></tr>
<tr>
<td title='qlytics.Regression.LoginValidationTest.testLoginValidation()'><b>testLoginValidation</b><br>Test class: qlytics.Regression.LoginValidationTest<br>Parameters: jhon@mailinator.name, , , CAN'T BE BLANK, , Yes</td>
<td></td>
<td>0</td>
<td>qlytics.Regression.LoginValidationTest@3cbbc1e0</td></tr>
<tr>
<td title='qlytics.Regression.LoginValidationTest.testLoginValidation()'><b>testLoginValidation</b><br>Test class: qlytics.Regression.LoginValidationTest<br>Parameters: jhon@mailinator.co.jp, , , CAN'T BE BLANK, , Yes</td>
<td></td>
<td>0</td>
<td>qlytics.Regression.LoginValidationTest@3cbbc1e0</td></tr>
<tr>
<td title='qlytics.Regression.LoginValidationTest.testLoginValidation()'><b>testLoginValidation</b><br>Test class: qlytics.Regression.LoginValidationTest<br>Parameters: jhon-smith@mailinator.com, , , CAN'T BE BLANK, , Yes</td>
<td></td>
<td>0</td>
<td>qlytics.Regression.LoginValidationTest@3cbbc1e0</td></tr>
<tr>
<td title='qlytics.Regression.SignUpAbsentValidationTest.testSignUpAbsentValidation()'><b>testSignUpAbsentValidation</b><br>Test class: qlytics.Regression.SignUpAbsentValidationTest<br>Parameters: , , , admin, , , , , , , , , , CAN'T BE BLANK, , , , , , Yes</td>
<td></td>
<td>0</td>
<td>qlytics.Regression.SignUpAbsentValidationTest@68837a77</td></tr>
<tr>
<td title='qlytics.Regression.SignUpAbsentValidationTest.testSignUpAbsentValidation()'><b>testSignUpAbsentValidation</b><br>Test class: qlytics.Regression.SignUpAbsentValidationTest<br>Parameters: , , , admin, Test, , , , , , , , , CAN'T BE BLANK, CAN'T BE BLANK, , , , , Yes</td>
<td></td>
<td>0</td>
<td>qlytics.Regression.SignUpAbsentValidationTest@68837a77</td></tr>
<tr>
<td title='qlytics.Regression.SignUpAbsentValidationTest.testSignUpAbsentValidation()'><b>testSignUpAbsentValidation</b><br>Test class: qlytics.Regression.SignUpAbsentValidationTest<br>Parameters: asdf, , , admin, Test, , , , CAN'T BE BLANK, , , , , CAN'T BE BLANK, CAN'T BE BLANK, , , , , Yes</td>
<td></td>
<td>0</td>
<td>qlytics.Regression.SignUpAbsentValidationTest@68837a77</td></tr>
<tr>
<td title='qlytics.Regression.SignUpAbsentValidationTest.testSignUpAbsentValidation()'><b>testSignUpAbsentValidation</b><br>Test class: qlytics.Regression.SignUpAbsentValidationTest<br>Parameters: asdf, Admin, , admin, Test, , , , CAN'T BE BLANK, CAN'T BE BLANK, , , , CAN'T BE BLANK, CAN'T BE BLANK, , , , , Yes</td>
<td></td>
<td>0</td>
<td>qlytics.Regression.SignUpAbsentValidationTest@68837a77</td></tr>
<tr>
<td title='qlytics.Regression.SignUpAbsentValidationTest.testSignUpAbsentValidation()'><b>testSignUpAbsentValidation</b><br>Test class: qlytics.Regression.SignUpAbsentValidationTest<br>Parameters: asdf, Admin123!@#, , admin, Test, , , , CAN'T BE BLANK, CAN'T BE BLANK, PASSWORD SHOULD CONTAIN AT LEAST ONE UPPERCASE, ONE LOWERCASE LETTER , ONE DIGIT AND AT LEAST 8-20 CHARECTER LONG, , , CAN'T BE BLANK, CAN'T BE BLANK, , , , , Yes</td>
<td></td>
<td>0</td>
<td>qlytics.Regression.SignUpAbsentValidationTest@68837a77</td></tr>
<tr>
<td title='qlytics.Regression.SignUpAbsentValidationTest.testSignUpAbsentValidation()'><b>testSignUpAbsentValidation</b><br>Test class: qlytics.Regression.SignUpAbsentValidationTest<br>Parameters: asdf, Admin123!@#, Admin123!@#, admin, Test, , , , CAN'T BE BLANK, CAN'T BE BLANK, PASSWORD SHOULD CONTAIN AT LEAST ONE UPPERCASE, ONE LOWERCASE LETTER , ONE DIGIT AND AT LEAST 8-20 CHARECTER LONG, CAN'T BE BLANK, PASSWORD DOES NOT MATCH, CAN'T BE BLANK, CAN'T BE BLANK, , , , , Yes</td>
<td></td>
<td>0</td>
<td>qlytics.Regression.SignUpAbsentValidationTest@68837a77</td></tr>
<tr>
<td title='qlytics.Regression.SignUpAbsentValidationTest.testSignUpAbsentValidation()'><b>testSignUpAbsentValidation</b><br>Test class: qlytics.Regression.SignUpAbsentValidationTest<br>Parameters: asdf, Admin123!@#, Admin123!@#, admin, Test, 898989, , , CAN'T BE BLANK, CAN'T BE BLANK, PASSWORD SHOULD CONTAIN AT LEAST ONE UPPERCASE, ONE LOWERCASE LETTER , ONE DIGIT AND AT LEAST 8-20 CHARECTER LONG, CAN'T BE BLANK, PASSWORD DOES NOT MATCH, CAN'T BE BLANK, CAN'T BE BLANK, CAN'T BE BLANK, , , , Yes</td>
<td></td>
<td>0</td>
<td>qlytics.Regression.SignUpAbsentValidationTest@68837a77</td></tr>
<tr>
<td title='qlytics.Regression.SignUpAbsentValidationTest.testSignUpAbsentValidation()'><b>testSignUpAbsentValidation</b><br>Test class: qlytics.Regression.SignUpAbsentValidationTest<br>Parameters: asdf, Admin123!@#, Admin123!@#, admin, Test, 8989898, , , CAN'T BE BLANK, CAN'T BE BLANK, PASSWORD SHOULD CONTAIN AT LEAST ONE UPPERCASE, ONE LOWERCASE LETTER , ONE DIGIT AND AT LEAST 8-20 CHARECTER LONG, CAN'T BE BLANK, PASSWORD DOES NOT MATCH, CAN'T BE BLANK, CAN'T BE BLANK, CAN'T BE BLANK, NOT A VALID PHONE NUMBER, , , Yes</td>
<td></td>
<td>0</td>
<td>qlytics.Regression.SignUpAbsentValidationTest@68837a77</td></tr>
<tr>
<td title='qlytics.Regression.SignUpAbsentValidationTest.testSignUpAbsentValidation()'><b>testSignUpAbsentValidation</b><br>Test class: qlytics.Regression.SignUpAbsentValidationTest<br>Parameters: asdf, Admin123!@#, Admin123!@#, admin, Test, 8989898, company, , CAN'T BE BLANK, CAN'T BE BLANK, PASSWORD SHOULD CONTAIN AT LEAST ONE UPPERCASE, ONE LOWERCASE LETTER , ONE DIGIT AND AT LEAST 8-20 CHARECTER LONG, CAN'T BE BLANK, PASSWORD DOES NOT MATCH, CAN'T BE BLANK, CAN'T BE BLANK, CAN'T BE BLANK, NOT A VALID PHONE NUMBER, CAN'T BE BLANK, , Yes</td>
<td></td>
<td>0</td>
<td>qlytics.Regression.SignUpAbsentValidationTest@68837a77</td></tr>
<tr>
<td title='qlytics.Regression.SignUpAbsentValidationTest.testSignUpAbsentValidation()'><b>testSignUpAbsentValidation</b><br>Test class: qlytics.Regression.SignUpAbsentValidationTest<br>Parameters: asdf, Admin123!@#, Admin123!@#, admin, Test, 8989899, company, Tester, CAN'T BE BLANK, CAN'T BE BLANK, PASSWORD SHOULD CONTAIN AT LEAST ONE UPPERCASE, ONE LOWERCASE LETTER , ONE DIGIT AND AT LEAST 8-20 CHARECTER LONG, CAN'T BE BLANK, PASSWORD DOES NOT MATCH, CAN'T BE BLANK, CAN'T BE BLANK, CAN'T BE BLANK, NOT A VALID PHONE NUMBER, CAN'T BE BLANK, CAN'T BE BLANK, Yes</td>
<td></td>
<td>0</td>
<td>qlytics.Regression.SignUpAbsentValidationTest@68837a77</td></tr>
<tr>
<td title='qlytics.Regression.SignUpFullValidationTest.testSignupFullValidation()'><b>testSignupFullValidation</b><br>Test class: qlytics.Regression.SignUpFullValidationTest<br>Parameters: , , , , , , , , CAN'T BE BLANK, CAN'T BE BLANK, PASSWORD SHOULD CONTAIN AT LEAST ONE UPPERCASE, ONE LOWERCASE LETTER , ONE DIGIT AND AT LEAST 8-20 CHARECTER LONG, CAN'T BE BLANK, , CAN'T BE BLANK, CAN'T BE BLANK, CAN'T BE BLANK, , CAN'T BE BLANK, CAN'T BE BLANK, , Yes</td>
<td></td>
<td>0</td>
<td>qlytics.Regression.SignUpFullValidationTest@67b6d4ae</td></tr>
<tr>
<td title='qlytics.Regression.SignUpFullValidationTest.testSignupFullValidation()'><b>testSignupFullValidation</b><br>Test class: qlytics.Regression.SignUpFullValidationTest<br>Parameters: , , , admin, , , , , CAN'T BE BLANK, CAN'T BE BLANK, PASSWORD SHOULD CONTAIN AT LEAST ONE UPPERCASE, ONE LOWERCASE LETTER , ONE DIGIT AND AT LEAST 8-20 CHARECTER LONG, CAN'T BE BLANK, , , CAN'T BE BLANK, CAN'T BE BLANK, , CAN'T BE BLANK, CAN'T BE BLANK, , Yes</td>
<td></td>
<td>0</td>
<td>qlytics.Regression.SignUpFullValidationTest@67b6d4ae</td></tr>
<tr>
<td title='qlytics.Regression.SignUpFullValidationTest.testSignupFullValidation()'><b>testSignupFullValidation</b><br>Test class: qlytics.Regression.SignUpFullValidationTest<br>Parameters: , , , admin, Test, , , , CAN'T BE BLANK, CAN'T BE BLANK, PASSWORD SHOULD CONTAIN AT LEAST ONE UPPERCASE, ONE LOWERCASE LETTER , ONE DIGIT AND AT LEAST 8-20 CHARECTER LONG, CAN'T BE BLANK, , , , CAN'T BE BLANK, , CAN'T BE BLANK, CAN'T BE BLANK, , Yes</td>
<td></td>
<td>0</td>
<td>qlytics.Regression.SignUpFullValidationTest@67b6d4ae</td></tr>
<tr>
<td title='qlytics.Regression.SignUpFullValidationTest.testSignupFullValidation()'><b>testSignupFullValidation</b><br>Test class: qlytics.Regression.SignUpFullValidationTest<br>Parameters: asdf, , , admin, Test, , , , , CAN'T BE BLANK, PASSWORD SHOULD CONTAIN AT LEAST ONE UPPERCASE, ONE LOWERCASE LETTER , ONE DIGIT AND AT LEAST 8-20 CHARECTER LONG, CAN'T BE BLANK, , , , CAN'T BE BLANK, , CAN'T BE BLANK, CAN'T BE BLANK, , Yes</td>
<td></td>
<td>0</td>
<td>qlytics.Regression.SignUpFullValidationTest@67b6d4ae</td></tr>
<tr>
<td title='qlytics.Regression.SignUpFullValidationTest.testSignupFullValidation()'><b>testSignupFullValidation</b><br>Test class: qlytics.Regression.SignUpFullValidationTest<br>Parameters: asdf, Admin, , admin, Test, , , , , , PASSWORD SHOULD CONTAIN AT LEAST ONE UPPERCASE, ONE LOWERCASE LETTER , ONE DIGIT AND AT LEAST 8-20 CHARECTER LONG, , PASSWORD DOES NOT MATCH, , , CAN'T BE BLANK, , CAN'T BE BLANK, CAN'T BE BLANK, , Yes</td>
<td></td>
<td>0</td>
<td>qlytics.Regression.SignUpFullValidationTest@67b6d4ae</td></tr>
<tr>
<td title='qlytics.Regression.SignUpFullValidationTest.testSignupFullValidation()'><b>testSignupFullValidation</b><br>Test class: qlytics.Regression.SignUpFullValidationTest<br>Parameters: asdf, Admin123!@#, , admin, Test, , , , , , , , PASSWORD DOES NOT MATCH, , , CAN'T BE BLANK, , CAN'T BE BLANK, CAN'T BE BLANK, , Yes</td>
<td></td>
<td>0</td>
<td>qlytics.Regression.SignUpFullValidationTest@67b6d4ae</td></tr>
<tr>
<td title='qlytics.Regression.SignUpFullValidationTest.testSignupFullValidation()'><b>testSignupFullValidation</b><br>Test class: qlytics.Regression.SignUpFullValidationTest<br>Parameters: asdf, Admin123!@#, Admin123!@#, admin, Test, , , , , , , , , , , CAN'T BE BLANK, , CAN'T BE BLANK, CAN'T BE BLANK, , Yes</td>
<td></td>
<td>0</td>
<td>qlytics.Regression.SignUpFullValidationTest@67b6d4ae</td></tr>
<tr>
<td title='qlytics.Regression.SignUpFullValidationTest.testSignupFullValidation()'><b>testSignupFullValidation</b><br>Test class: qlytics.Regression.SignUpFullValidationTest<br>Parameters: asdf, Admin123!@#, Admin123!@#, admin, Test, 898989, , , , , , , , , , , NOT A VALID PHONE NUMBER, CAN'T BE BLANK, CAN'T BE BLANK, , Yes</td>
<td></td>
<td>0</td>
<td>qlytics.Regression.SignUpFullValidationTest@67b6d4ae</td></tr>
<tr>
<td title='qlytics.Regression.SignUpFullValidationTest.testSignupFullValidation()'><b>testSignupFullValidation</b><br>Test class: qlytics.Regression.SignUpFullValidationTest<br>Parameters: asdf, Admin123!@#, Admin123!@#, admin, Test, 8989898, , , , , , , , , , , , CAN'T BE BLANK, CAN'T BE BLANK, , Yes</td>
<td></td>
<td>0</td>
<td>qlytics.Regression.SignUpFullValidationTest@67b6d4ae</td></tr>
<tr>
<td title='qlytics.Regression.SignUpFullValidationTest.testSignupFullValidation()'><b>testSignupFullValidation</b><br>Test class: qlytics.Regression.SignUpFullValidationTest<br>Parameters: asdf, Admin123!@#, Admin123!@#, admin, Test, 8989898, company, , , , , , , , , , , , CAN'T BE BLANK, , Yes</td>
<td></td>
<td>0</td>
<td>qlytics.Regression.SignUpFullValidationTest@67b6d4ae</td></tr>
<tr>
<td title='qlytics.Regression.SignUpFullValidationTest.testSignupFullValidation()'><b>testSignupFullValidation</b><br>Test class: qlytics.Regression.SignUpFullValidationTest<br>Parameters: asdf, Admin123!@#, Admin123!@#, admin, Test, 8989899, company, Tester, , , , , , , , , , , , Enter a valid email address., Yes</td>
<td></td>
<td>0</td>
<td>qlytics.Regression.SignUpFullValidationTest@67b6d4ae</td></tr>
<tr>
<td title='qlytics.Regression.SignUpFullValidationTest.testSignupFullValidation()'><b>testSignupFullValidation</b><br>Test class: qlytics.Regression.SignUpFullValidationTest<br>Parameters: !@#$%.com, Admin123!@#, Admin123!@#, admin, Test, 898989, tester, Tester, , , , , , , , , NOT A VALID PHONE NUMBER, , , Enter a valid email address.
 Contact your organization manager, Yes</td>
<td></td>
<td>0</td>
<td>qlytics.Regression.SignUpFullValidationTest@67b6d4ae</td></tr>
<tr>
<td title='qlytics.Regression.SignUpFullValidationTest.testSignupFullValidation()'><b>testSignupFullValidation</b><br>Test class: qlytics.Regression.SignUpFullValidationTest<br>Parameters: @gmail.com, Admin123!@#, Admin123!@#, admin, Test, 8989900, tester, Tester, , , , , , , , , , , , Enter a valid email address.
 Contact your organization manager, Yes</td>
<td></td>
<td>0</td>
<td>qlytics.Regression.SignUpFullValidationTest@67b6d4ae</td></tr>
<tr>
<td title='qlytics.Regression.SignUpFullValidationTest.testSignupFullValidation()'><b>testSignupFullValidation</b><br>Test class: qlytics.Regression.SignUpFullValidationTest<br>Parameters: jhon<smith@gmail.com>, Admin123!@#, Admin123!@#, admin, Test, 8989901, tester2, Tester, , , , , , , , , , , , Enter a valid email address., Yes</td>
<td></td>
<td>0</td>
<td>qlytics.Regression.SignUpFullValidationTest@67b6d4ae</td></tr>
<tr>
<td title='qlytics.Regression.SignUpFullValidationTest.testSignupFullValidation()'><b>testSignupFullValidation</b><br>Test class: qlytics.Regression.SignUpFullValidationTest<br>Parameters: jhon.mailinator.com, Admin123!@#, Admin123!@#, admin, Test, 898989, tester2, Tester, , , , , , , , , NOT A VALID PHONE NUMBER, , , Enter a valid email address., Yes</td>
<td></td>
<td>0</td>
<td>qlytics.Regression.SignUpFullValidationTest@67b6d4ae</td></tr>
<tr>
<td title='qlytics.Regression.SignUpFullValidationTest.testSignupFullValidation()'><b>testSignupFullValidation</b><br>Test class: qlytics.Regression.SignUpFullValidationTest<br>Parameters: jhon@gmail@gmail.com, Admin123!@#, Admin123!@#, admin, Test, 8989903, tester3, Tester, , , , , , , , , , , , Enter a valid email address., Yes</td>
<td></td>
<td>0</td>
<td>qlytics.Regression.SignUpFullValidationTest@67b6d4ae</td></tr>
<tr>
<td title='qlytics.Regression.SignUpFullValidationTest.testSignupFullValidation()'><b>testSignupFullValidation</b><br>Test class: qlytics.Regression.SignUpFullValidationTest<br>Parameters: jhon@gmail..com, Admin123!@#, Admin123!@#, admin, Test, 8989905, tester5, Tester, , , , , , , , , , , , Enter a valid email address., Yes</td>
<td></td>
<td>0</td>
<td>qlytics.Regression.SignUpFullValidationTest@67b6d4ae</td></tr>
<tr>
<td title='qlytics.Regression.SignUpFullValidationTest.testSignupFullValidation()'><b>testSignupFullValidation</b><br>Test class: qlytics.Regression.SignUpFullValidationTest<br>Parameters: jhon@gmail, Admin123!@#, Admin123!@#, admin, Test, 8989906, tester6, Tester, , , , , , , , , , , , Enter a valid email address., Yes</td>
<td></td>
<td>0</td>
<td>qlytics.Regression.SignUpFullValidationTest@67b6d4ae</td></tr>
<tr>
<td title='qlytics.Regression.SignUpFullValidationTest.testSignupFullValidation()'><b>testSignupFullValidation</b><br>Test class: qlytics.Regression.SignUpFullValidationTest<br>Parameters: jhon@.com, Admin123!@#, Admin123!@#, admin, Test, 8989907, tester7, Tester, , , , , , , , , , , , Enter a valid email address., Yes</td>
<td></td>
<td>0</td>
<td>qlytics.Regression.SignUpFullValidationTest@67b6d4ae</td></tr>
<tr>
<td title='qlytics.Regression.SignUpFullValidationTest.testSignupFullValidation()'><b>testSignupFullValidation</b><br>Test class: qlytics.Regression.SignUpFullValidationTest<br>Parameters: 567, Admin123!@#, Admin123!@#, admin, Test, 8989908, tester8, Tester, , , , , , , , , , , , Enter a valid email address., Yes</td>
<td></td>
<td>0</td>
<td>qlytics.Regression.SignUpFullValidationTest@67b6d4ae</td></tr>
<tr>
<td title='qlytics.Regression.SignUpFullValidationTest.testSignupFullValidation()'><b>testSignupFullValidation</b><br>Test class: qlytics.Regression.SignUpFullValidationTest<br>Parameters: asdf@mailinator.com, Admin123!@#, Admin123!@#, admin, Test, 8989908, tester9, Tester, , , , , , , , , , , , A user is already registered with this e-mail address., Yes</td>
<td></td>
<td>0</td>
<td>qlytics.Regression.SignUpFullValidationTest@67b6d4ae</td></tr>
<tr>
<td title='qlytics.Regression.SignUpFullValidationTest.testSignupFullValidation()'><b>testSignupFullValidation</b><br>Test class: qlytics.Regression.SignUpFullValidationTest<br>Parameters: pihu@mailinator.com, Admin123!@#, Admin123!@#, admin, Test, 8989909, tester, Tester, , , , , , , , , , , , Contact your organization manager, Yes</td>
<td></td>
<td>0</td>
<td>qlytics.Regression.SignUpFullValidationTest@67b6d4ae</td></tr>
</table><p>
</body>
</html>